<?xml version="1.0" encoding="UTF-8"?>
<!-- Generated by org.testng.reporters.JUnitReportReporter -->
<testsuite hostname="GARIMA7LT" name="Virginia_Regression._5_Verify_RPDueDateRecalc_Post_RPUnenrolEnrol" tests="9" failures="0" timestamp="30 Mar 2017 20:36:37 GMT" time="231.847" errors="2">
  <testcase name="newLOCs_Creation" time="126.875" classname="Virginia_Regression._5_Verify_RPDueDateRecalc_Post_RPUnenrolEnrol"/>
  <testcase name="RapidPay_Unenrollment_Reenrollment_DueDate_Recalculation_After_7days" time="17.416" classname="Virginia_Regression._5_Verify_RPDueDateRecalc_Post_RPUnenrolEnrol"/>
  <testcase name="RapidPay_Unenrollment_Reenrollment_DueDate_Recalculation_On_7days" time="17.094" classname="Virginia_Regression._5_Verify_RPDueDateRecalc_Post_RPUnenrolEnrol">
    <error type="java.lang.AssertionError" message="expected [04/16/2020] but found [05/01/2020]">
      <![CDATA[java.lang.AssertionError: expected [04/16/2020] but found [05/01/2020]
	at org.testng.Assert.fail(Assert.java:94)
	at org.testng.Assert.failNotEquals(Assert.java:494)
	at org.testng.Assert.assertEquals(Assert.java:123)
	at org.testng.Assert.assertEquals(Assert.java:176)
	at org.testng.Assert.assertEquals(Assert.java:186)
	at Virginia_Regression._5_Verify_RPDueDateRecalc_Post_RPUnenrolEnrol.RapidPay_Unenrollment_Reenrollment_DueDate_Recalculation_On_7days(_5_Verify_RPDueDateRecalc_Post_RPUnenrolEnrol.java:471)
	at sun.reflect.NativeMethodAccessorImpl.invoke0(Native Method)
	at sun.reflect.NativeMethodAccessorImpl.invoke(Unknown Source)
	at sun.reflect.DelegatingMethodAccessorImpl.invoke(Unknown Source)
	at java.lang.reflect.Method.invoke(Unknown Source)
	at org.testng.internal.MethodInvocationHelper.invokeMethod(MethodInvocationHelper.java:84)
	at org.testng.internal.Invoker.invokeMethod(Invoker.java:714)
	at org.testng.internal.Invoker.invokeTestMethod(Invoker.java:901)
	at org.testng.internal.Invoker.invokeTestMethods(Invoker.java:1231)
	at org.testng.internal.TestMethodWorker.invokeTestMethods(TestMethodWorker.java:127)
	at org.testng.internal.TestMethodWorker.run(TestMethodWorker.java:111)
	at org.testng.TestRunner.privateRun(TestRunner.java:767)
	at org.testng.TestRunner.run(TestRunner.java:617)
	at org.testng.SuiteRunner.runTest(SuiteRunner.java:334)
	at org.testng.SuiteRunner.runSequentially(SuiteRunner.java:329)
	at org.testng.SuiteRunner.privateRun(SuiteRunner.java:291)
	at org.testng.SuiteRunner.run(SuiteRunner.java:240)
	at org.testng.SuiteRunnerWorker.runSuite(SuiteRunnerWorker.java:52)
	at org.testng.SuiteRunnerWorker.run(SuiteRunnerWorker.java:86)
	at org.testng.TestNG.runSuitesSequentially(TestNG.java:1224)
	at org.testng.TestNG.runSuitesLocally(TestNG.java:1149)
	at org.testng.TestNG.run(TestNG.java:1057)
	at org.testng.remote.RemoteTestNG.run(RemoteTestNG.java:111)
	at org.testng.remote.RemoteTestNG.initAndRun(RemoteTestNG.java:204)
	at org.testng.remote.RemoteTestNG.main(RemoteTestNG.java:175)
]]>
    </error>
  </testcase> <!-- RapidPay_Unenrollment_Reenrollment_DueDate_Recalculation_On_7days -->
  <testcase name="BusinessDatebacktoOriginal" time="10.606" classname="Virginia_Regression._5_Verify_RPDueDateRecalc_Post_RPUnenrolEnrol"/>
  <testcase name="StroreLogin" time="10.316" classname="Virginia_Regression._5_Verify_RPDueDateRecalc_Post_RPUnenrolEnrol"/>
  <testcase name="RapidPay_Unenrollment_Reenrollment_DueDate_Recalculation_Before_7days" time="19.306" classname="Virginia_Regression._5_Verify_RPDueDateRecalc_Post_RPUnenrolEnrol">
    <error type="java.lang.AssertionError" message="expected [04/16/2020] but found [05/01/2020]">
      <![CDATA[java.lang.AssertionError: expected [04/16/2020] but found [05/01/2020]
	at org.testng.Assert.fail(Assert.java:94)
	at org.testng.Assert.failNotEquals(Assert.java:494)
	at org.testng.Assert.assertEquals(Assert.java:123)
	at org.testng.Assert.assertEquals(Assert.java:176)
	at org.testng.Assert.assertEquals(Assert.java:186)
	at Virginia_Regression._5_Verify_RPDueDateRecalc_Post_RPUnenrolEnrol.RapidPay_Unenrollment_Reenrollment_DueDate_Recalculation_Before_7days(_5_Verify_RPDueDateRecalc_Post_RPUnenrolEnrol.java:401)
	at sun.reflect.NativeMethodAccessorImpl.invoke0(Native Method)
	at sun.reflect.NativeMethodAccessorImpl.invoke(Unknown Source)
	at sun.reflect.DelegatingMethodAccessorImpl.invoke(Unknown Source)
	at java.lang.reflect.Method.invoke(Unknown Source)
	at org.testng.internal.MethodInvocationHelper.invokeMethod(MethodInvocationHelper.java:84)
	at org.testng.internal.Invoker.invokeMethod(Invoker.java:714)
	at org.testng.internal.Invoker.invokeTestMethod(Invoker.java:901)
	at org.testng.internal.Invoker.invokeTestMethods(Invoker.java:1231)
	at org.testng.internal.TestMethodWorker.invokeTestMethods(TestMethodWorker.java:127)
	at org.testng.internal.TestMethodWorker.run(TestMethodWorker.java:111)
	at org.testng.TestRunner.privateRun(TestRunner.java:767)
	at org.testng.TestRunner.run(TestRunner.java:617)
	at org.testng.SuiteRunner.runTest(SuiteRunner.java:334)
	at org.testng.SuiteRunner.runSequentially(SuiteRunner.java:329)
	at org.testng.SuiteRunner.privateRun(SuiteRunner.java:291)
	at org.testng.SuiteRunner.run(SuiteRunner.java:240)
	at org.testng.SuiteRunnerWorker.runSuite(SuiteRunnerWorker.java:52)
	at org.testng.SuiteRunnerWorker.run(SuiteRunnerWorker.java:86)
	at org.testng.TestNG.runSuitesSequentially(TestNG.java:1224)
	at org.testng.TestNG.runSuitesLocally(TestNG.java:1149)
	at org.testng.TestNG.run(TestNG.java:1057)
	at org.testng.remote.RemoteTestNG.run(RemoteTestNG.java:111)
	at org.testng.remote.RemoteTestNG.initAndRun(RemoteTestNG.java:204)
	at org.testng.remote.RemoteTestNG.main(RemoteTestNG.java:175)
]]>
    </error>
  </testcase> <!-- RapidPay_Unenrollment_Reenrollment_DueDate_Recalculation_Before_7days -->
  <testcase name="Businessdatechange" time="13.688" classname="Virginia_Regression._5_Verify_RPDueDateRecalc_Post_RPUnenrolEnrol"/>
  <testcase name="Navigate_to_eCashURL" time="12.107" classname="Virginia_Regression._5_Verify_RPDueDateRecalc_Post_RPUnenrolEnrol"/>
  <testcase name="log_out" time="4.439" classname="Virginia_Regression._5_Verify_RPDueDateRecalc_Post_RPUnenrolEnrol"/>
</testsuite> <!-- Virginia_Regression._5_Verify_RPDueDateRecalc_Post_RPUnenrolEnrol -->
