<?xml version="1.0" encoding="UTF-8"?>
<!-- Generated by org.testng.reporters.JUnitReportReporter -->
<testsuite hostname="GARIMA7LT" name="Ohio.Consumerloan_Ohio" tests="3" failures="1" timestamp="1 Mar 2017 13:26:20 GMT" time="79.354" errors="0">
  <testcase name="Url_search" time="13.370" classname="Ohio.Consumerloan_Ohio"/>
  <testcase name="StroreLogin" time="23.904" classname="Ohio.Consumerloan_Ohio"/>
  <testcase name="Verify_Loan_Amt_OH" time="42.080" classname="Ohio.Consumerloan_Ohio">
    <failure type="java.lang.RuntimeException" message="We can&#039;t evaluate formulas in Java">
      <![CDATA[java.lang.RuntimeException: We can't evaluate formulas in Java
	at Utility.Utils.cellToString(Utils.java:165)
	at Utility.Utils.readXL(Utils.java:141)
	at Ohio.Consumerloan_Ohio.Verify_Loan_Amt_OH(Consumerloan_Ohio.java:163)
	at sun.reflect.NativeMethodAccessorImpl.invoke0(Native Method)
	at sun.reflect.NativeMethodAccessorImpl.invoke(Unknown Source)
	at sun.reflect.DelegatingMethodAccessorImpl.invoke(Unknown Source)
	at java.lang.reflect.Method.invoke(Unknown Source)
	at org.testng.internal.MethodInvocationHelper.invokeMethod(MethodInvocationHelper.java:84)
	at org.testng.internal.Invoker.invokeMethod(Invoker.java:714)
	at org.testng.internal.Invoker.invokeTestMethod(Invoker.java:901)
	at org.testng.internal.Invoker.invokeTestMethods(Invoker.java:1231)
	at org.testng.internal.TestMethodWorker.invokeTestMethods(TestMethodWorker.java:127)
	at org.testng.internal.TestMethodWorker.run(TestMethodWorker.java:111)
	at org.testng.TestRunner.privateRun(TestRunner.java:767)
	at org.testng.TestRunner.run(TestRunner.java:617)
	at org.testng.SuiteRunner.runTest(SuiteRunner.java:334)
	at org.testng.SuiteRunner.runSequentially(SuiteRunner.java:329)
	at org.testng.SuiteRunner.privateRun(SuiteRunner.java:291)
	at org.testng.SuiteRunner.run(SuiteRunner.java:240)
	at org.testng.SuiteRunnerWorker.runSuite(SuiteRunnerWorker.java:52)
	at org.testng.SuiteRunnerWorker.run(SuiteRunnerWorker.java:86)
	at org.testng.TestNG.runSuitesSequentially(TestNG.java:1224)
	at org.testng.TestNG.runSuitesLocally(TestNG.java:1149)
	at org.testng.TestNG.run(TestNG.java:1057)
	at org.testng.remote.RemoteTestNG.run(RemoteTestNG.java:111)
	at org.testng.remote.RemoteTestNG.initAndRun(RemoteTestNG.java:204)
	at org.testng.remote.RemoteTestNG.main(RemoteTestNG.java:175)
]]>
    </failure>
  </testcase> <!-- Verify_Loan_Amt_OH -->
</testsuite> <!-- Ohio.Consumerloan_Ohio -->
