<?xml version="1.0" encoding="UTF-8"?>
<!-- Generated by org.testng.reporters.JUnitReportReporter -->
<testsuite hostname="GARIMA7LT" name="Ohio._12_Verify_Loan_under18_Years" tests="3" failures="3" timestamp="22 Feb 2017 19:30:01 GMT" time="68.588" errors="0">
  <testcase name="Customer_creation_Age_Verification" time="3.501" classname="Ohio._12_Verify_Loan_under18_Years">
    <failure type="java.lang.NullPointerException">
      <![CDATA[java.lang.NullPointerException
	at Functions.Function_Classes.field_click(Function_Classes.java:44)
	at Ohio._12_Verify_Loan_under18_Years.Customer_creation_Age_Verification(_12_Verify_Loan_under18_Years.java:103)
	at sun.reflect.NativeMethodAccessorImpl.invoke0(Native Method)
	at sun.reflect.NativeMethodAccessorImpl.invoke(Unknown Source)
	at sun.reflect.DelegatingMethodAccessorImpl.invoke(Unknown Source)
	at java.lang.reflect.Method.invoke(Unknown Source)
	at org.testng.internal.MethodInvocationHelper.invokeMethod(MethodInvocationHelper.java:84)
	at org.testng.internal.Invoker.invokeMethod(Invoker.java:714)
	at org.testng.internal.Invoker.invokeTestMethod(Invoker.java:901)
	at org.testng.internal.Invoker.invokeTestMethods(Invoker.java:1231)
	at org.testng.internal.TestMethodWorker.invokeTestMethods(TestMethodWorker.java:127)
	at org.testng.internal.TestMethodWorker.run(TestMethodWorker.java:111)
	at org.testng.TestRunner.privateRun(TestRunner.java:767)
	at org.testng.TestRunner.run(TestRunner.java:617)
	at org.testng.SuiteRunner.runTest(SuiteRunner.java:334)
	at org.testng.SuiteRunner.runSequentially(SuiteRunner.java:329)
	at org.testng.SuiteRunner.privateRun(SuiteRunner.java:291)
	at org.testng.SuiteRunner.run(SuiteRunner.java:240)
	at org.testng.SuiteRunnerWorker.runSuite(SuiteRunnerWorker.java:52)
	at org.testng.SuiteRunnerWorker.run(SuiteRunnerWorker.java:86)
	at org.testng.TestNG.runSuitesSequentially(TestNG.java:1224)
	at org.testng.TestNG.runSuitesLocally(TestNG.java:1149)
	at org.testng.TestNG.run(TestNG.java:1057)
	at org.testng.remote.RemoteTestNG.run(RemoteTestNG.java:111)
	at org.testng.remote.RemoteTestNG.initAndRun(RemoteTestNG.java:204)
	at org.testng.remote.RemoteTestNG.main(RemoteTestNG.java:175)
]]>
    </failure>
  </testcase> <!-- Customer_creation_Age_Verification -->
  <testcase name="Url_search" time="61.264" classname="Ohio._12_Verify_Loan_under18_Years">
    <failure type="org.openqa.selenium.WebDriverException" message="Failed to connect to binary FirefoxBinary(C:\Program Files (x86)\Mozilla Firefox\firefox.exe) on port 7055; process output follows: 
313029802700webdriver-profile\\extensions\\fxdriver@googlecode.com&quot;,&quot;installDate&quot;:1487791748226,&quot;updateDate&quot;:1487791748226,&quot;applyBackgroundUpdates&quot;:1,&quot;bootstrap&quot;:false,&quot;size&quot;:8235030,&quot;sourceURI&quot;:null,&quot;releaseNotesURI&quot;:null,&quot;softDisabled&quot;:false,&quot;foreignInstall&quot;:true,&quot;hasBinaryComponents&quot;:true,&quot;strictCompatibility&quot;:false,&quot;locales&quot;:[],&quot;targetApplications&quot;:[{&quot;id&quot;:&quot;{ec8030f7-c20a-464f-9b0e-13a3a9e97384}&quot;,&quot;minVersion&quot;:&quot;3.0&quot;,&quot;maxVersion&quot;:&quot;66.*&quot;}],&quot;targetPlatforms&quot;:[{&quot;os&quot;:&quot;Darwin&quot;,&quot;abi&quot;:null},{&quot;os&quot;:&quot;SunOS&quot;,&quot;abi&quot;:null},{&quot;os&quot;:&quot;FreeBSD&quot;,&quot;abi&quot;:null},{&quot;os&quot;:&quot;OpenBSD&quot;,&quot;abi&quot;:null},{&quot;os&quot;:&quot;WINNT&quot;,&quot;abi&quot;:&quot;x86-msvc&quot;},{&quot;os&quot;:&quot;Linux&quot;,&quot;abi&quot;:null}],&quot;multiprocessCompatible&quot;:false,&quot;signedState&quot;:0}
1487791748903	addons.xpi	DEBUG	Updating XPIState for {&quot;id&quot;:&quot;{972ce4c6-7e08-4474-a285-3208198ce6fd}&quot;,&quot;syncGUID&quot;:&quot;ut5b-s7PgkI8&quot;,&quot;location&quot;:&quot;app-global&quot;,&quot;version&quot;:&quot;43.0.1&quot;,&quot;type&quot;:&quot;theme&quot;,&quot;internalName&quot;:&quot;classic/1.0&quot;,&quot;updateURL&quot;:null,&quot;updateKey&quot;:null,&quot;optionsURL&quot;:null,&quot;optionsType&quot;:null,&quot;aboutURL&quot;:null,&quot;iconURL&quot;:null,&quot;icon64URL&quot;:null,&quot;defaultLocale&quot;:{&quot;name&quot;:&quot;Default&quot;,&quot;description&quot;:&quot;The default theme.&quot;,&quot;creator&quot;:&quot;Mozilla&quot;,&quot;homepageURL&quot;:null,&quot;contributors&quot;:[&quot;Mozilla Contributors&quot;]},&quot;visible&quot;:true,&quot;active&quot;:true,&quot;userDisabled&quot;:false,&quot;appDisabled&quot;:false,&quot;descriptor&quot;:&quot;C:\\Program Files (x86)\\Mozilla Firefox\\browser\\extensions\\{972ce4c6-7e08-4474-a285-3208198ce6fd}&quot;,&quot;installDate&quot;:1487790740368,&quot;updateDate&quot;:1487790740368,&quot;applyBackgroundUpdates&quot;:1,&quot;skinnable&quot;:true,&quot;size&quot;:24172,&quot;sourceURI&quot;:null,&quot;releaseNotesURI&quot;:null,&quot;softDisabled&quot;:false,&quot;foreignInstall&quot;:false,&quot;hasBinaryComponents&quot;:false,&quot;strictCompatibility&quot;:true,&quot;locales&quot;:[],&quot;targetApplications&quot;:[{&quot;id&quot;:&quot;{ec8030f7-c20a-464f-9b0e-13a3a9e97384}&quot;,&quot;minVersion&quot;:&quot;43.0.1&quot;,&quot;maxVersion&quot;:&quot;43.0.1&quot;}],&quot;targetPlatforms&quot;:[]}
1487791748903	addons.xpi	DEBUG	getModTime: Recursive scan of {972ce4c6-7e08-4474-a285-3208198ce6fd}
1487791748904	DeferredSave.extensions.json	DEBUG	Save changes
1487791748904	addons.xpi	DEBUG	Updating database with changes to installed add-ons
1487791748904	addons.xpi-utils	DEBUG	Updating add-on states
1487791748905	addons.xpi-utils	DEBUG	Writing add-ons list
1487791748913	addons.manager	DEBUG	Registering shutdown blocker for XPIProvider
1487791748913	addons.manager	DEBUG	Provider finished startup: XPIProvider
1487791748914	addons.manager	DEBUG	Starting provider: LightweightThemeManager
1487791748914	addons.manager	DEBUG	Registering shutdown blocker for LightweightThemeManager
1487791748914	addons.manager	DEBUG	Provider finished startup: LightweightThemeManager
1487791748914	addons.manager	DEBUG	Starting provider: GMPProvider
1487791748918	addons.manager	DEBUG	Registering shutdown blocker for GMPProvider
1487791748919	addons.manager	DEBUG	Provider finished startup: GMPProvider
1487791748919	addons.manager	DEBUG	Starting provider: PluginProvider
1487791748919	addons.manager	DEBUG	Registering shutdown blocker for PluginProvider
1487791748919	addons.manager	DEBUG	Provider finished startup: PluginProvider
1487791748919	addons.manager	DEBUG	Completed startup sequence
1487791749215	addons.manager	DEBUG	Starting provider: &lt;unnamed-provider&gt;
1487791749215	addons.manager	DEBUG	Registering shutdown blocker for &lt;unnamed-provider&gt;
1487791749216	addons.manager	DEBUG	Provider finished startup: &lt;unnamed-provider&gt;
1487791749357	DeferredSave.extensions.json	DEBUG	Starting write
1487791749629	addons.repository	DEBUG	No addons.json found.
1487791749629	DeferredSave.addons.json	DEBUG	Save changes
1487791749631	DeferredSave.addons.json	DEBUG	Starting timer
1487791749641	addons.manager	DEBUG	Starting provider: PreviousExperimentProvider
1487791749641	addons.manager	DEBUG	Registering shutdown blocker for PreviousExperimentProvider
1487791749641	addons.manager	DEBUG	Provider finished startup: PreviousExperimentProvider
1487791749643	DeferredSave.extensions.json	DEBUG	Write succeeded
1487791749644	addons.xpi-utils	DEBUG	XPI Database saved, setting schema version preference to 17
1487791749684	DeferredSave.addons.json	DEBUG	Starting write
1487791749709	DeferredSave.addons.json	DEBUG	Write succeeded

Build info: version: &#039;2.47.1&#039;, revision: &#039;411b314&#039;, time: &#039;2015-07-30 02:56:46&#039;
System info: host: &#039;GARIMA7LT&#039;, ip: &#039;10.110.0.93&#039;, os.name: &#039;Windows 10&#039;, os.arch: &#039;amd64&#039;, os.version: &#039;10.0&#039;, java.version: &#039;1.8.0_121&#039;
Driver info: driver.version: FirefoxDriver">
      <![CDATA[org.openqa.selenium.WebDriverException: Failed to connect to binary FirefoxBinary(C:\Program Files (x86)\Mozilla Firefox\firefox.exe) on port 7055; process output follows: 
313029802700webdriver-profile\\extensions\\fxdriver@googlecode.com","installDate":1487791748226,"updateDate":1487791748226,"applyBackgroundUpdates":1,"bootstrap":false,"size":8235030,"sourceURI":null,"releaseNotesURI":null,"softDisabled":false,"foreignInstall":true,"hasBinaryComponents":true,"strictCompatibility":false,"locales":[],"targetApplications":[{"id":"{ec8030f7-c20a-464f-9b0e-13a3a9e97384}","minVersion":"3.0","maxVersion":"66.*"}],"targetPlatforms":[{"os":"Darwin","abi":null},{"os":"SunOS","abi":null},{"os":"FreeBSD","abi":null},{"os":"OpenBSD","abi":null},{"os":"WINNT","abi":"x86-msvc"},{"os":"Linux","abi":null}],"multiprocessCompatible":false,"signedState":0}
1487791748903	addons.xpi	DEBUG	Updating XPIState for {"id":"{972ce4c6-7e08-4474-a285-3208198ce6fd}","syncGUID":"ut5b-s7PgkI8","location":"app-global","version":"43.0.1","type":"theme","internalName":"classic/1.0","updateURL":null,"updateKey":null,"optionsURL":null,"optionsType":null,"aboutURL":null,"iconURL":null,"icon64URL":null,"defaultLocale":{"name":"Default","description":"The default theme.","creator":"Mozilla","homepageURL":null,"contributors":["Mozilla Contributors"]},"visible":true,"active":true,"userDisabled":false,"appDisabled":false,"descriptor":"C:\\Program Files (x86)\\Mozilla Firefox\\browser\\extensions\\{972ce4c6-7e08-4474-a285-3208198ce6fd}","installDate":1487790740368,"updateDate":1487790740368,"applyBackgroundUpdates":1,"skinnable":true,"size":24172,"sourceURI":null,"releaseNotesURI":null,"softDisabled":false,"foreignInstall":false,"hasBinaryComponents":false,"strictCompatibility":true,"locales":[],"targetApplications":[{"id":"{ec8030f7-c20a-464f-9b0e-13a3a9e97384}","minVersion":"43.0.1","maxVersion":"43.0.1"}],"targetPlatforms":[]}
1487791748903	addons.xpi	DEBUG	getModTime: Recursive scan of {972ce4c6-7e08-4474-a285-3208198ce6fd}
1487791748904	DeferredSave.extensions.json	DEBUG	Save changes
1487791748904	addons.xpi	DEBUG	Updating database with changes to installed add-ons
1487791748904	addons.xpi-utils	DEBUG	Updating add-on states
1487791748905	addons.xpi-utils	DEBUG	Writing add-ons list
1487791748913	addons.manager	DEBUG	Registering shutdown blocker for XPIProvider
1487791748913	addons.manager	DEBUG	Provider finished startup: XPIProvider
1487791748914	addons.manager	DEBUG	Starting provider: LightweightThemeManager
1487791748914	addons.manager	DEBUG	Registering shutdown blocker for LightweightThemeManager
1487791748914	addons.manager	DEBUG	Provider finished startup: LightweightThemeManager
1487791748914	addons.manager	DEBUG	Starting provider: GMPProvider
1487791748918	addons.manager	DEBUG	Registering shutdown blocker for GMPProvider
1487791748919	addons.manager	DEBUG	Provider finished startup: GMPProvider
1487791748919	addons.manager	DEBUG	Starting provider: PluginProvider
1487791748919	addons.manager	DEBUG	Registering shutdown blocker for PluginProvider
1487791748919	addons.manager	DEBUG	Provider finished startup: PluginProvider
1487791748919	addons.manager	DEBUG	Completed startup sequence
1487791749215	addons.manager	DEBUG	Starting provider: <unnamed-provider>
1487791749215	addons.manager	DEBUG	Registering shutdown blocker for <unnamed-provider>
1487791749216	addons.manager	DEBUG	Provider finished startup: <unnamed-provider>
1487791749357	DeferredSave.extensions.json	DEBUG	Starting write
1487791749629	addons.repository	DEBUG	No addons.json found.
1487791749629	DeferredSave.addons.json	DEBUG	Save changes
1487791749631	DeferredSave.addons.json	DEBUG	Starting timer
1487791749641	addons.manager	DEBUG	Starting provider: PreviousExperimentProvider
1487791749641	addons.manager	DEBUG	Registering shutdown blocker for PreviousExperimentProvider
1487791749641	addons.manager	DEBUG	Provider finished startup: PreviousExperimentProvider
1487791749643	DeferredSave.extensions.json	DEBUG	Write succeeded
1487791749644	addons.xpi-utils	DEBUG	XPI Database saved, setting schema version preference to 17
1487791749684	DeferredSave.addons.json	DEBUG	Starting write
1487791749709	DeferredSave.addons.json	DEBUG	Write succeeded

Build info: version: '2.47.1', revision: '411b314', time: '2015-07-30 02:56:46'
System info: host: 'GARIMA7LT', ip: '10.110.0.93', os.name: 'Windows 10', os.arch: 'amd64', os.version: '10.0', java.version: '1.8.0_121'
Driver info: driver.version: FirefoxDriver
	at org.openqa.selenium.firefox.internal.NewProfileExtensionConnection.start(NewProfileExtensionConnection.java:134)
	at org.openqa.selenium.firefox.FirefoxDriver.startClient(FirefoxDriver.java:276)
	at org.openqa.selenium.remote.RemoteWebDriver.<init>(RemoteWebDriver.java:116)
	at org.openqa.selenium.firefox.FirefoxDriver.<init>(FirefoxDriver.java:223)
	at org.openqa.selenium.firefox.FirefoxDriver.<init>(FirefoxDriver.java:216)
	at org.openqa.selenium.firefox.FirefoxDriver.<init>(FirefoxDriver.java:212)
	at org.openqa.selenium.firefox.FirefoxDriver.<init>(FirefoxDriver.java:125)
	at Ohio._12_Verify_Loan_under18_Years.Url_search(_12_Verify_Loan_under18_Years.java:35)
	at sun.reflect.NativeMethodAccessorImpl.invoke0(Native Method)
	at sun.reflect.NativeMethodAccessorImpl.invoke(Unknown Source)
	at sun.reflect.DelegatingMethodAccessorImpl.invoke(Unknown Source)
	at java.lang.reflect.Method.invoke(Unknown Source)
	at org.testng.internal.MethodInvocationHelper.invokeMethod(MethodInvocationHelper.java:84)
	at org.testng.internal.Invoker.invokeMethod(Invoker.java:714)
	at org.testng.internal.Invoker.invokeTestMethod(Invoker.java:901)
	at org.testng.internal.Invoker.invokeTestMethods(Invoker.java:1231)
	at org.testng.internal.TestMethodWorker.invokeTestMethods(TestMethodWorker.java:127)
	at org.testng.internal.TestMethodWorker.run(TestMethodWorker.java:111)
	at org.testng.TestRunner.privateRun(TestRunner.java:767)
	at org.testng.TestRunner.run(TestRunner.java:617)
	at org.testng.SuiteRunner.runTest(SuiteRunner.java:334)
	at org.testng.SuiteRunner.runSequentially(SuiteRunner.java:329)
	at org.testng.SuiteRunner.privateRun(SuiteRunner.java:291)
	at org.testng.SuiteRunner.run(SuiteRunner.java:240)
	at org.testng.SuiteRunnerWorker.runSuite(SuiteRunnerWorker.java:52)
	at org.testng.SuiteRunnerWorker.run(SuiteRunnerWorker.java:86)
	at org.testng.TestNG.runSuitesSequentially(TestNG.java:1224)
	at org.testng.TestNG.runSuitesLocally(TestNG.java:1149)
	at org.testng.TestNG.run(TestNG.java:1057)
	at org.testng.remote.RemoteTestNG.run(RemoteTestNG.java:111)
	at org.testng.remote.RemoteTestNG.initAndRun(RemoteTestNG.java:204)
	at org.testng.remote.RemoteTestNG.main(RemoteTestNG.java:175)
Caused by: org.openqa.selenium.firefox.NotConnectedException: Unable to connect to host 127.0.0.1 on port 7055 after 45000 ms. Firefox console output:
313029802700webdriver-profile\\extensions\\fxdriver@googlecode.com","installDate":1487791748226,"updateDate":1487791748226,"applyBackgroundUpdates":1,"bootstrap":false,"size":8235030,"sourceURI":null,"releaseNotesURI":null,"softDisabled":false,"foreignInstall":true,"hasBinaryComponents":true,"strictCompatibility":false,"locales":[],"targetApplications":[{"id":"{ec8030f7-c20a-464f-9b0e-13a3a9e97384}","minVersion":"3.0","maxVersion":"66.*"}],"targetPlatforms":[{"os":"Darwin","abi":null},{"os":"SunOS","abi":null},{"os":"FreeBSD","abi":null},{"os":"OpenBSD","abi":null},{"os":"WINNT","abi":"x86-msvc"},{"os":"Linux","abi":null}],"multiprocessCompatible":false,"signedState":0}
1487791748903	addons.xpi	DEBUG	Updating XPIState for {"id":"{972ce4c6-7e08-4474-a285-3208198ce6fd}","syncGUID":"ut5b-s7PgkI8","location":"app-global","version":"43.0.1","type":"theme","internalName":"classic/1.0","updateURL":null,"updateKey":null,"optionsURL":null,"optionsType":null,"aboutURL":null,"iconURL":null,"icon64URL":null,"defaultLocale":{"name":"Default","description":"The default theme.","creator":"Mozilla","homepageURL":null,"contributors":["Mozilla Contributors"]},"visible":true,"active":true,"userDisabled":false,"appDisabled":false,"descriptor":"C:\\Program Files (x86)\\Mozilla Firefox\\browser\\extensions\\{972ce4c6-7e08-4474-a285-3208198ce6fd}","installDate":1487790740368,"updateDate":1487790740368,"applyBackgroundUpdates":1,"skinnable":true,"size":24172,"sourceURI":null,"releaseNotesURI":null,"softDisabled":false,"foreignInstall":false,"hasBinaryComponents":false,"strictCompatibility":true,"locales":[],"targetApplications":[{"id":"{ec8030f7-c20a-464f-9b0e-13a3a9e97384}","minVersion":"43.0.1","maxVersion":"43.0.1"}],"targetPlatforms":[]}
1487791748903	addons.xpi	DEBUG	getModTime: Recursive scan of {972ce4c6-7e08-4474-a285-3208198ce6fd}
1487791748904	DeferredSave.extensions.json	DEBUG	Save changes
1487791748904	addons.xpi	DEBUG	Updating database with changes to installed add-ons
1487791748904	addons.xpi-utils	DEBUG	Updating add-on states
1487791748905	addons.xpi-utils	DEBUG	Writing add-ons list
1487791748913	addons.manager	DEBUG	Registering shutdown blocker for XPIProvider
1487791748913	addons.manager	DEBUG	Provider finished startup: XPIProvider
1487791748914	addons.manager	DEBUG	Starting provider: LightweightThemeManager
1487791748914	addons.manager	DEBUG	Registering shutdown blocker for LightweightThemeManager
1487791748914	addons.manager	DEBUG	Provider finished startup: LightweightThemeManager
1487791748914	addons.manager	DEBUG	Starting provider: GMPProvider
1487791748918	addons.manager	DEBUG	Registering shutdown blocker for GMPProvider
1487791748919	addons.manager	DEBUG	Provider finished startup: GMPProvider
1487791748919	addons.manager	DEBUG	Starting provider: PluginProvider
1487791748919	addons.manager	DEBUG	Registering shutdown blocker for PluginProvider
1487791748919	addons.manager	DEBUG	Provider finished startup: PluginProvider
1487791748919	addons.manager	DEBUG	Completed startup sequence
1487791749215	addons.manager	DEBUG	Starting provider: <unnamed-provider>
1487791749215	addons.manager	DEBUG	Registering shutdown blocker for <unnamed-provider>
1487791749216	addons.manager	DEBUG	Provider finished startup: <unnamed-provider>
1487791749357	DeferredSave.extensions.json	DEBUG	Starting write
1487791749629	addons.repository	DEBUG	No addons.json found.
1487791749629	DeferredSave.addons.json	DEBUG	Save changes
1487791749631	DeferredSave.addons.json	DEBUG	Starting timer
1487791749641	addons.manager	DEBUG	Starting provider: PreviousExperimentProvider
1487791749641	addons.manager	DEBUG	Registering shutdown blocker for PreviousExperimentProvider
1487791749641	addons.manager	DEBUG	Provider finished startup: PreviousExperimentProvider
1487791749643	DeferredSave.extensions.json	DEBUG	Write succeeded
1487791749644	addons.xpi-utils	DEBUG	XPI Database saved, setting schema version preference to 17
1487791749684	DeferredSave.addons.json	DEBUG	Starting write
1487791749709	DeferredSave.addons.json	DEBUG	Write succeeded

	at org.openqa.selenium.firefox.internal.NewProfileExtensionConnection.start(NewProfileExtensionConnection.java:122)
	... 31 more
]]>
    </failure>
  </testcase> <!-- Url_search -->
  <testcase name="StroreLogin" time="3.823" classname="Ohio._12_Verify_Loan_under18_Years">
    <failure type="java.lang.NullPointerException">
      <![CDATA[java.lang.NullPointerException
	at Functions.Function_Classes.field_clear(Function_Classes.java:35)
	at Ohio._12_Verify_Loan_under18_Years.StroreLogin(_12_Verify_Loan_under18_Years.java:59)
	at sun.reflect.NativeMethodAccessorImpl.invoke0(Native Method)
	at sun.reflect.NativeMethodAccessorImpl.invoke(Unknown Source)
	at sun.reflect.DelegatingMethodAccessorImpl.invoke(Unknown Source)
	at java.lang.reflect.Method.invoke(Unknown Source)
	at org.testng.internal.MethodInvocationHelper.invokeMethod(MethodInvocationHelper.java:84)
	at org.testng.internal.Invoker.invokeMethod(Invoker.java:714)
	at org.testng.internal.Invoker.invokeTestMethod(Invoker.java:901)
	at org.testng.internal.Invoker.invokeTestMethods(Invoker.java:1231)
	at org.testng.internal.TestMethodWorker.invokeTestMethods(TestMethodWorker.java:127)
	at org.testng.internal.TestMethodWorker.run(TestMethodWorker.java:111)
	at org.testng.TestRunner.privateRun(TestRunner.java:767)
	at org.testng.TestRunner.run(TestRunner.java:617)
	at org.testng.SuiteRunner.runTest(SuiteRunner.java:334)
	at org.testng.SuiteRunner.runSequentially(SuiteRunner.java:329)
	at org.testng.SuiteRunner.privateRun(SuiteRunner.java:291)
	at org.testng.SuiteRunner.run(SuiteRunner.java:240)
	at org.testng.SuiteRunnerWorker.runSuite(SuiteRunnerWorker.java:52)
	at org.testng.SuiteRunnerWorker.run(SuiteRunnerWorker.java:86)
	at org.testng.TestNG.runSuitesSequentially(TestNG.java:1224)
	at org.testng.TestNG.runSuitesLocally(TestNG.java:1149)
	at org.testng.TestNG.run(TestNG.java:1057)
	at org.testng.remote.RemoteTestNG.run(RemoteTestNG.java:111)
	at org.testng.remote.RemoteTestNG.initAndRun(RemoteTestNG.java:204)
	at org.testng.remote.RemoteTestNG.main(RemoteTestNG.java:175)
]]>
    </failure>
  </testcase> <!-- StroreLogin -->
</testsuite> <!-- Ohio._12_Verify_Loan_under18_Years -->
