<?xml version="1.0" encoding="UTF-8"?>
<!-- Generated by org.testng.reporters.JUnitXMLReporter -->
<testsuite hostname="GARIMA7LT" name="Regression Test_VA_LOC" tests="95" failures="16" timestamp="16 Jun 2017 16:19:26 GMT" time="2152.985" errors="0">
  <testcase name="_1_navigate_to_eCashURL" time="10.825" classname="virginia_regression._1_Create_LOC_ThreshholdMaxAmount_Credit"/>
  <testcase name="_2_teller_login" time="20.82" classname="virginia_regression._1_Create_LOC_ThreshholdMaxAmount_Credit"/>
  <testcase name="_3_newcustomer_Creation" time="30.026" classname="virginia_regression._1_Create_LOC_ThreshholdMaxAmount_Credit"/>
  <testcase name="_4_LOC_creation_ThreshholdDraw" time="569.723" classname="virginia_regression._1_Create_LOC_ThreshholdMaxAmount_Credit"/>
  <testcase name="_5_log_out" time="4.165" classname="virginia_regression._1_Create_LOC_ThreshholdMaxAmount_Credit"/>
  <testcase name="_1_navigate_to_eCashURL" time="15.648" classname="virginia_regression._2_Verify_LOC_RPAmt_Draw_100_to_5000"/>
  <testcase name="_2_teller_login" time="20.946" classname="virginia_regression._2_Verify_LOC_RPAmt_Draw_100_to_5000"/>
  <testcase name="_3_newcustomer_Creation" time="24.702" classname="virginia_regression._2_Verify_LOC_RPAmt_Draw_100_to_5000"/>
  <testcase name="_4_newLOC_creation_CdtLimitof5000" time="15.252" classname="virginia_regression._2_Verify_LOC_RPAmt_Draw_100_to_5000"/>
  <testcase name="_5_LOC_draw_100to5000" time="398.721" classname="virginia_regression._2_Verify_LOC_RPAmt_Draw_100_to_5000"/>
  <testcase name="_6_log_out" time="4.576" classname="virginia_regression._2_Verify_LOC_RPAmt_Draw_100_to_5000"/>
  <testcase name="_1_navigate_to_eCashURL" time="14.59" classname="virginia_regression._3_Verify_LOC_RPPay_Draw_Cdt_Eql"/>
  <testcase name="_2_teller_login" time="16.828" classname="virginia_regression._3_Verify_LOC_RPPay_Draw_Cdt_Eql"/>
  <testcase name="_3_LOC_RPDraw_equals_Credit" time="30.405" classname="virginia_regression._3_Verify_LOC_RPPay_Draw_Cdt_Eql">
    <failure type="org.openqa.selenium.TimeoutException" message="Timed out after 30 seconds waiting for visibility of element located by By.xpath: .//*[@id=&amp;apos;Left&amp;apos;]/a[5]
Build info: version: &amp;apos;2.47.1&amp;apos;, revision: &amp;apos;411b314&amp;apos;, time: &amp;apos;2015-07-30 02:56:46&amp;apos;
System info: host: &amp;apos;GARIMA7LT&amp;apos;, ip: &amp;apos;10.130.0.96&amp;apos;, os.name: &amp;apos;Windows 10&amp;apos;, os.arch: &amp;apos;amd64&amp;apos;, os.version: &amp;apos;10.0&amp;apos;, java.version: &amp;apos;1.8.0_121&amp;apos;
Driver info: org.openqa.selenium.firefox.FirefoxDriver
Capabilities [{applicationCacheEnabled=true, rotatable=false, handlesAlerts=true, databaseEnabled=true, version=42.0, platform=WINDOWS, nativeEvents=false, acceptSslCerts=true, webStorageEnabled=true, locationContextEnabled=true, browserName=firefox, takesScreenshot=true, javascriptEnabled=true, cssSelectorsEnabled=true}]
Session ID: 95ca6037-4110-4182-9d92-b7509110fb60">
      <![CDATA[org.openqa.selenium.TimeoutException: Timed out after 30 seconds waiting for visibility of element located by By.xpath: .//*[@id='Left']/a[5]
Build info: version: '2.47.1', revision: '411b314', time: '2015-07-30 02:56:46'
System info: host: 'GARIMA7LT', ip: '10.130.0.96', os.name: 'Windows 10', os.arch: 'amd64', os.version: '10.0', java.version: '1.8.0_121'
Driver info: org.openqa.selenium.firefox.FirefoxDriver
Capabilities [{applicationCacheEnabled=true, rotatable=false, handlesAlerts=true, databaseEnabled=true, version=42.0, platform=WINDOWS, nativeEvents=false, acceptSslCerts=true, webStorageEnabled=true, locationContextEnabled=true, browserName=firefox, takesScreenshot=true, javascriptEnabled=true, cssSelectorsEnabled=true}]
Session ID: 95ca6037-4110-4182-9d92-b7509110fb60
	at org.openqa.selenium.support.ui.WebDriverWait.timeoutException(WebDriverWait.java:80)
	at org.openqa.selenium.support.ui.FluentWait.until(FluentWait.java:229)
	at virginia_regression._3_Verify_LOC_RPPay_Draw_Cdt_Eql._3_LOC_RPDraw_equals_Credit(_3_Verify_LOC_RPPay_Draw_Cdt_Eql.java:127)
Caused by: org.openqa.selenium.NoSuchElementException: Unable to locate element: {"method":"xpath","selector":".//*[@id='Left']/a[5]"}
Command duration or timeout: 23 milliseconds
For documentation on this error, please visit: http://seleniumhq.org/exceptions/no_such_element.html
Build info: version: '2.47.1', revision: '411b314', time: '2015-07-30 02:56:46'
System info: host: 'GARIMA7LT', ip: '10.130.0.96', os.name: 'Windows 10', os.arch: 'amd64', os.version: '10.0', java.version: '1.8.0_121'
Driver info: org.openqa.selenium.firefox.FirefoxDriver
Capabilities [{applicationCacheEnabled=true, rotatable=false, handlesAlerts=true, databaseEnabled=true, version=42.0, platform=WINDOWS, nativeEvents=false, acceptSslCerts=true, webStorageEnabled=true, locationContextEnabled=true, browserName=firefox, takesScreenshot=true, javascriptEnabled=true, cssSelectorsEnabled=true}]
Session ID: 95ca6037-4110-4182-9d92-b7509110fb60
*** Element info: {Using=xpath, value=.//*[@id='Left']/a[5]}
	at org.openqa.selenium.remote.ErrorHandler.createThrowable(ErrorHandler.java:206)
	at org.openqa.selenium.remote.ErrorHandler.throwIfResponseFailed(ErrorHandler.java:158)
	at org.openqa.selenium.remote.RemoteWebDriver.execute(RemoteWebDriver.java:595)
	at org.openqa.selenium.remote.RemoteWebDriver.findElement(RemoteWebDriver.java:348)
	at org.openqa.selenium.remote.RemoteWebDriver.findElementByXPath(RemoteWebDriver.java:445)
	at org.openqa.selenium.By$ByXPath.findElement(By.java:358)
	at org.openqa.selenium.remote.RemoteWebDriver.findElement(RemoteWebDriver.java:340)
	at org.openqa.selenium.support.ui.ExpectedConditions.findElement(ExpectedConditions.java:861)
	at org.openqa.selenium.support.ui.ExpectedConditions.access$0(ExpectedConditions.java:859)
	at org.openqa.selenium.support.ui.ExpectedConditions$7.apply(ExpectedConditions.java:205)
	at org.openqa.selenium.support.ui.ExpectedConditions$7.apply(ExpectedConditions.java:1)
	at org.openqa.selenium.support.ui.FluentWait.until(FluentWait.java:209)
	... 25 more
Caused by: org.openqa.selenium.NoSuchElementException: Unable to locate element: {"method":"xpath","selector":".//*[@id='Left']/a[5]"}
For documentation on this error, please visit: http://seleniumhq.org/exceptions/no_such_element.html
Build info: version: '2.47.1', revision: '411b314', time: '2015-07-30 02:56:46'
System info: host: 'GARIMA7LT', ip: '10.130.0.96', os.name: 'Windows 10', os.arch: 'amd64', os.version: '10.0', java.version: '1.8.0_121'
Driver info: driver.version: unknown
	at <anonymous class>.FirefoxDriver.prototype.findElementInternal_(file:///C:/Users/garima/AppData/Local/Temp/anonymous1277065909008877629webdriver-profile/extensions/fxdriver@googlecode.com/components/driver-component.js:10667)
	at <anonymous class>.FirefoxDriver.prototype.findElement(file:///C:/Users/garima/AppData/Local/Temp/anonymous1277065909008877629webdriver-profile/extensions/fxdriver@googlecode.com/components/driver-component.js:10676)
	at <anonymous class>.DelayedCommand.prototype.executeInternal_/h(file:///C:/Users/garima/AppData/Local/Temp/anonymous1277065909008877629webdriver-profile/extensions/fxdriver@googlecode.com/components/command-processor.js:12643)
	at <anonymous class>.DelayedCommand.prototype.executeInternal_(file:///C:/Users/garima/AppData/Local/Temp/anonymous1277065909008877629webdriver-profile/extensions/fxdriver@googlecode.com/components/command-processor.js:12648)
	at <anonymous class>.DelayedCommand.prototype.execute/<(file:///C:/Users/garima/AppData/Local/Temp/anonymous1277065909008877629webdriver-profile/extensions/fxdriver@googlecode.com/components/command-processor.js:12590)
... Removed 27 stack frames]]>
    </failure>
  </testcase> <!-- _3_LOC_RPDraw_equals_Credit -->
  <testcase name="_4_log_out" time="30.189" classname="virginia_regression._3_Verify_LOC_RPPay_Draw_Cdt_Eql">
    <failure type="org.openqa.selenium.TimeoutException" message="Timed out after 30 seconds waiting for visibility of element located by By.xpath: .//*[@id=&amp;apos;menuv2&amp;apos;]/li[7]/a
Build info: version: &amp;apos;2.47.1&amp;apos;, revision: &amp;apos;411b314&amp;apos;, time: &amp;apos;2015-07-30 02:56:46&amp;apos;
System info: host: &amp;apos;GARIMA7LT&amp;apos;, ip: &amp;apos;10.130.0.96&amp;apos;, os.name: &amp;apos;Windows 10&amp;apos;, os.arch: &amp;apos;amd64&amp;apos;, os.version: &amp;apos;10.0&amp;apos;, java.version: &amp;apos;1.8.0_121&amp;apos;
Driver info: org.openqa.selenium.firefox.FirefoxDriver
Capabilities [{applicationCacheEnabled=true, rotatable=false, handlesAlerts=true, databaseEnabled=true, version=42.0, platform=WINDOWS, nativeEvents=false, acceptSslCerts=true, webStorageEnabled=true, locationContextEnabled=true, browserName=firefox, takesScreenshot=true, javascriptEnabled=true, cssSelectorsEnabled=true}]
Session ID: 95ca6037-4110-4182-9d92-b7509110fb60">
      <![CDATA[org.openqa.selenium.TimeoutException: Timed out after 30 seconds waiting for visibility of element located by By.xpath: .//*[@id='menuv2']/li[7]/a
Build info: version: '2.47.1', revision: '411b314', time: '2015-07-30 02:56:46'
System info: host: 'GARIMA7LT', ip: '10.130.0.96', os.name: 'Windows 10', os.arch: 'amd64', os.version: '10.0', java.version: '1.8.0_121'
Driver info: org.openqa.selenium.firefox.FirefoxDriver
Capabilities [{applicationCacheEnabled=true, rotatable=false, handlesAlerts=true, databaseEnabled=true, version=42.0, platform=WINDOWS, nativeEvents=false, acceptSslCerts=true, webStorageEnabled=true, locationContextEnabled=true, browserName=firefox, takesScreenshot=true, javascriptEnabled=true, cssSelectorsEnabled=true}]
Session ID: 95ca6037-4110-4182-9d92-b7509110fb60
	at org.openqa.selenium.support.ui.WebDriverWait.timeoutException(WebDriverWait.java:80)
	at org.openqa.selenium.support.ui.FluentWait.until(FluentWait.java:229)
	at virginia_regression._3_Verify_LOC_RPPay_Draw_Cdt_Eql._4_log_out(_3_Verify_LOC_RPPay_Draw_Cdt_Eql.java:346)
Caused by: org.openqa.selenium.NoSuchElementException: Unable to locate element: {"method":"xpath","selector":".//*[@id='menuv2']/li[7]/a"}
Command duration or timeout: 19 milliseconds
For documentation on this error, please visit: http://seleniumhq.org/exceptions/no_such_element.html
Build info: version: '2.47.1', revision: '411b314', time: '2015-07-30 02:56:46'
System info: host: 'GARIMA7LT', ip: '10.130.0.96', os.name: 'Windows 10', os.arch: 'amd64', os.version: '10.0', java.version: '1.8.0_121'
Driver info: org.openqa.selenium.firefox.FirefoxDriver
Capabilities [{applicationCacheEnabled=true, rotatable=false, handlesAlerts=true, databaseEnabled=true, version=42.0, platform=WINDOWS, nativeEvents=false, acceptSslCerts=true, webStorageEnabled=true, locationContextEnabled=true, browserName=firefox, takesScreenshot=true, javascriptEnabled=true, cssSelectorsEnabled=true}]
Session ID: 95ca6037-4110-4182-9d92-b7509110fb60
*** Element info: {Using=xpath, value=.//*[@id='menuv2']/li[7]/a}
	at org.openqa.selenium.remote.ErrorHandler.createThrowable(ErrorHandler.java:206)
	at org.openqa.selenium.remote.ErrorHandler.throwIfResponseFailed(ErrorHandler.java:158)
	at org.openqa.selenium.remote.RemoteWebDriver.execute(RemoteWebDriver.java:595)
	at org.openqa.selenium.remote.RemoteWebDriver.findElement(RemoteWebDriver.java:348)
	at org.openqa.selenium.remote.RemoteWebDriver.findElementByXPath(RemoteWebDriver.java:445)
	at org.openqa.selenium.By$ByXPath.findElement(By.java:358)
	at org.openqa.selenium.remote.RemoteWebDriver.findElement(RemoteWebDriver.java:340)
	at org.openqa.selenium.support.ui.ExpectedConditions.findElement(ExpectedConditions.java:861)
	at org.openqa.selenium.support.ui.ExpectedConditions.access$0(ExpectedConditions.java:859)
	at org.openqa.selenium.support.ui.ExpectedConditions$7.apply(ExpectedConditions.java:205)
	at org.openqa.selenium.support.ui.ExpectedConditions$7.apply(ExpectedConditions.java:1)
	at org.openqa.selenium.support.ui.FluentWait.until(FluentWait.java:209)
	... 25 more
Caused by: org.openqa.selenium.NoSuchElementException: Unable to locate element: {"method":"xpath","selector":".//*[@id='menuv2']/li[7]/a"}
For documentation on this error, please visit: http://seleniumhq.org/exceptions/no_such_element.html
Build info: version: '2.47.1', revision: '411b314', time: '2015-07-30 02:56:46'
System info: host: 'GARIMA7LT', ip: '10.130.0.96', os.name: 'Windows 10', os.arch: 'amd64', os.version: '10.0', java.version: '1.8.0_121'
Driver info: driver.version: unknown
	at <anonymous class>.FirefoxDriver.prototype.findElementInternal_(file:///C:/Users/garima/AppData/Local/Temp/anonymous1277065909008877629webdriver-profile/extensions/fxdriver@googlecode.com/components/driver-component.js:10667)
	at <anonymous class>.FirefoxDriver.prototype.findElement(file:///C:/Users/garima/AppData/Local/Temp/anonymous1277065909008877629webdriver-profile/extensions/fxdriver@googlecode.com/components/driver-component.js:10676)
	at <anonymous class>.DelayedCommand.prototype.executeInternal_/h(file:///C:/Users/garima/AppData/Local/Temp/anonymous1277065909008877629webdriver-profile/extensions/fxdriver@googlecode.com/components/command-processor.js:12643)
	at <anonymous class>.DelayedCommand.prototype.executeInternal_(file:///C:/Users/garima/AppData/Local/Temp/anonymous1277065909008877629webdriver-profile/extensions/fxdriver@googlecode.com/components/command-processor.js:12648)
	at <anonymous class>.DelayedCommand.prototype.execute/<(file:///C:/Users/garima/AppData/Local/Temp/anonymous1277065909008877629webdriver-profile/extensions/fxdriver@googlecode.com/components/command-processor.js:12590)
... Removed 27 stack frames]]>
    </failure>
  </testcase> <!-- _4_log_out -->
  <testcase name="_1_navigate_to_eCashURL" time="11.849" classname="virginia_regression._4_Verify_Available_Credit_PostRP_disenrollment"/>
  <testcase name="_2_admin_login" time="14.248" classname="virginia_regression._4_Verify_Available_Credit_PostRP_disenrollment"/>
  <testcase name="_3_store_login" time="10.304" classname="virginia_regression._4_Verify_Available_Credit_PostRP_disenrollment"/>
  <testcase name="_4_RapidPay_disenrollment" time="33.486" classname="virginia_regression._4_Verify_Available_Credit_PostRP_disenrollment"/>
  <testcase name="_5_void_loan" time="3.602" classname="virginia_regression._4_Verify_Available_Credit_PostRP_disenrollment"/>
  <testcase name="_6_log_out_admin" time="4.851" classname="virginia_regression._4_Verify_Available_Credit_PostRP_disenrollment"/>
  <testcase name="_7_log_out_teller" time="3.578" classname="virginia_regression._4_Verify_Available_Credit_PostRP_disenrollment"/>
  <testcase name="_1_navigate_to_eCashURL" time="8.797" classname="virginia_regression._5_IncreaseCreditLimit"/>
  <testcase name="_2_teller_login" time="9.601" classname="virginia_regression._5_IncreaseCreditLimit"/>
  <testcase name="_3_newLOCcreation_$100initialCreditLimit" time="18.456" classname="virginia_regression._5_IncreaseCreditLimit"/>
  <testcase name="_4_increaseCreditLimittoMaximumAmount" time="18.149" classname="virginia_regression._5_IncreaseCreditLimit"/>
  <testcase name="_5_void_loan" time="3.809" classname="virginia_regression._5_IncreaseCreditLimit"/>
  <testcase name="_6_log_out" time="1.024" classname="virginia_regression._5_IncreaseCreditLimit"/>
  <testcase name="_1_navigate_to_eCashteller" time="7.829" classname="virginia_regression._6_DecreaseCreditLimit"/>
  <testcase name="_2_teller_login" time="10.289" classname="virginia_regression._6_DecreaseCreditLimit"/>
  <testcase name="_3_newLOCcreation_$5000initialCreditLimit" time="19.899" classname="virginia_regression._6_DecreaseCreditLimit"/>
  <testcase name="_4_log_out_teller" time="4.568" classname="virginia_regression._6_DecreaseCreditLimit"/>
  <testcase name="_5_navigate_to_eCash_as_Admin" time="8.401" classname="virginia_regression._6_DecreaseCreditLimit"/>
  <testcase name="_6_admin_login" time="10.302" classname="virginia_regression._6_DecreaseCreditLimit"/>
  <testcase name="_7_decreaseCreditLimittoMinimumAmount" time="11.562" classname="virginia_regression._6_DecreaseCreditLimit"/>
  <testcase name="_8_void_loan" time="6.36" classname="virginia_regression._6_DecreaseCreditLimit"/>
  <testcase name="_9_log_out" time="1.021" classname="virginia_regression._6_DecreaseCreditLimit"/>
  <testcase name="_1_navigate_to_eCashURL" time="24.479" classname="virginia_regression._7_Verify_RPDueDate_within10days_OriginationDate"/>
  <testcase name="_2_teller_login" time="22.025" classname="virginia_regression._7_Verify_RPDueDate_within10days_OriginationDate"/>
  <testcase name="_3_businessdatechange" time="11.901" classname="virginia_regression._7_Verify_RPDueDate_within10days_OriginationDate"/>
  <testcase name="_4_newLOCs_Creation" time="139.119" classname="virginia_regression._7_Verify_RPDueDate_within10days_OriginationDate"/>
  <testcase name="_5_rapidpay_duedate_BEFORE_10days_of_loanOrigination" time="8.132" classname="virginia_regression._7_Verify_RPDueDate_within10days_OriginationDate"/>
  <testcase name="_6_rapidpay_duedate_ON_10days_of_loanOrigination" time="8.665" classname="virginia_regression._7_Verify_RPDueDate_within10days_OriginationDate"/>
  <testcase name="_7_rapidpay_WITHIN_10days_of_loanOrigination" time="7.456" classname="virginia_regression._7_Verify_RPDueDate_within10days_OriginationDate"/>
  <testcase name="_8_log_out" time="3.496" classname="virginia_regression._7_Verify_RPDueDate_within10days_OriginationDate"/>
  <testcase name="_9_businessdatebacktoOriginal" time="23.136" classname="virginia_regression._7_Verify_RPDueDate_within10days_OriginationDate"/>
  <testcase name="_1_admin_login" time="14.819" classname="virginia_regression._8_Verify_CreditLineIncreaseButton_disabled_LateCustomers"/>
  <testcase name="_2_navigate_to_eCashURL" time="7.594" classname="virginia_regression._8_Verify_CreditLineIncreaseButton_disabled_LateCustomers"/>
  <testcase name="_3_teller_login" time="9.928" classname="virginia_regression._8_Verify_CreditLineIncreaseButton_disabled_LateCustomers"/>
  <testcase name="_4_new_LOC_Creation" time="15.269" classname="virginia_regression._8_Verify_CreditLineIncreaseButton_disabled_LateCustomers"/>
  <testcase name="_5_business_date_rolledforwrdto26days" time="3.549" classname="virginia_regression._8_Verify_CreditLineIncreaseButton_disabled_LateCustomers"/>
  <testcase name="_6_IncreaseCreditLimit_26days" time="5.485" classname="virginia_regression._8_Verify_CreditLineIncreaseButton_disabled_LateCustomers"/>
  <testcase name="_7_business_date_rolledforwrdto25days" time="3.355" classname="virginia_regression._8_Verify_CreditLineIncreaseButton_disabled_LateCustomers"/>
  <testcase name="_8_increaseCreditLimit_25days" time="4.035" classname="virginia_regression._8_Verify_CreditLineIncreaseButton_disabled_LateCustomers"/>
  <testcase name="_9_void_loan_" time="7.239" classname="virginia_regression._8_Verify_CreditLineIncreaseButton_disabled_LateCustomers"/>
  <testcase name="_10_business_date_backtoorginal" time="7.345" classname="virginia_regression._8_Verify_CreditLineIncreaseButton_disabled_LateCustomers"/>
  <testcase name="_11_log_out_admin" time="3.951" classname="virginia_regression._8_Verify_CreditLineIncreaseButton_disabled_LateCustomers"/>
  <testcase name="_12_log_out_teller" time="4.514" classname="virginia_regression._8_Verify_CreditLineIncreaseButton_disabled_LateCustomers"/>
  <testcase name="_1_businessdatechange" time="14.418" classname="virginia_regression._9_Verify_RP_Contractual_LateStatus"/>
  <testcase name="_2_navigate_to_eCashURL" time="7.213" classname="virginia_regression._9_Verify_RP_Contractual_LateStatus"/>
  <testcase name="_3_storelogin" time="24.432" classname="virginia_regression._9_Verify_RP_Contractual_LateStatus"/>
  <testcase name="_4_newLOC_creation" time="20.912" classname="virginia_regression._9_Verify_RP_Contractual_LateStatus"/>
  <testcase name="_5_busineesdate_et_rapidpayduedate" time="0.215" classname="virginia_regression._9_Verify_RP_Contractual_LateStatus">
    <failure type="org.openqa.selenium.WebDriverException" message="unknown error: Element &amp;lt;a id=&amp;quot;ctl00_ctl00_MainContent_ChildContent1_lnkEdit&amp;quot; href=&amp;quot;store.aspx?action=edit&amp;amp;amp;id=167&amp;quot;&amp;gt;...&amp;lt;/a&amp;gt; is not clickable at point (1830, 6). Other element would receive the click: &amp;lt;div id=&amp;quot;ctl00_ctl00_AppHeader_pnlCompanyMsg&amp;quot; class=&amp;quot;corp-msg&amp;quot;&amp;gt;...&amp;lt;/div&amp;gt;
  (Session info: chrome=58.0.3029.110)
  (Driver info: chromedriver=2.28.455520 (cc17746adff54984afff480136733114c6b3704b),platform=Windows NT 10.0.14393 x86_64) (WARNING: The server did not provide any stacktrace information)
Command duration or timeout: 105 milliseconds
Build info: version: &amp;apos;2.47.1&amp;apos;, revision: &amp;apos;411b314&amp;apos;, time: &amp;apos;2015-07-30 02:56:46&amp;apos;
System info: host: &amp;apos;GARIMA7LT&amp;apos;, ip: &amp;apos;10.130.0.96&amp;apos;, os.name: &amp;apos;Windows 10&amp;apos;, os.arch: &amp;apos;amd64&amp;apos;, os.version: &amp;apos;10.0&amp;apos;, java.version: &amp;apos;1.8.0_121&amp;apos;
Driver info: org.openqa.selenium.chrome.ChromeDriver
Capabilities [{applicationCacheEnabled=false, rotatable=false, mobileEmulationEnabled=false, networkConnectionEnabled=false, chrome={chromedriverVersion=2.28.455520 (cc17746adff54984afff480136733114c6b3704b), userDataDir=C:\Users\garima\AppData\Local\Temp\scoped_dir14824_9258}, takesHeapSnapshot=true, pageLoadStrategy=normal, databaseEnabled=false, handlesAlerts=true, hasTouchScreen=false, version=58.0.3029.110, platform=XP, browserConnectionEnabled=false, nativeEvents=true, acceptSslCerts=true, locationContextEnabled=true, webStorageEnabled=true, browserName=chrome, takesScreenshot=true, javascriptEnabled=true, cssSelectorsEnabled=true, unexpectedAlertBehaviour=}]
Session ID: 7dd75f8faa5c0b04046a7a099208bd71">
      <![CDATA[org.openqa.selenium.WebDriverException: unknown error: Element <a id="ctl00_ctl00_MainContent_ChildContent1_lnkEdit" href="store.aspx?action=edit&amp;id=167">...</a> is not clickable at point (1830, 6). Other element would receive the click: <div id="ctl00_ctl00_AppHeader_pnlCompanyMsg" class="corp-msg">...</div>
  (Session info: chrome=58.0.3029.110)
  (Driver info: chromedriver=2.28.455520 (cc17746adff54984afff480136733114c6b3704b),platform=Windows NT 10.0.14393 x86_64) (WARNING: The server did not provide any stacktrace information)
Command duration or timeout: 105 milliseconds
Build info: version: '2.47.1', revision: '411b314', time: '2015-07-30 02:56:46'
System info: host: 'GARIMA7LT', ip: '10.130.0.96', os.name: 'Windows 10', os.arch: 'amd64', os.version: '10.0', java.version: '1.8.0_121'
Driver info: org.openqa.selenium.chrome.ChromeDriver
Capabilities [{applicationCacheEnabled=false, rotatable=false, mobileEmulationEnabled=false, networkConnectionEnabled=false, chrome={chromedriverVersion=2.28.455520 (cc17746adff54984afff480136733114c6b3704b), userDataDir=C:\Users\garima\AppData\Local\Temp\scoped_dir14824_9258}, takesHeapSnapshot=true, pageLoadStrategy=normal, databaseEnabled=false, handlesAlerts=true, hasTouchScreen=false, version=58.0.3029.110, platform=XP, browserConnectionEnabled=false, nativeEvents=true, acceptSslCerts=true, locationContextEnabled=true, webStorageEnabled=true, browserName=chrome, takesScreenshot=true, javascriptEnabled=true, cssSelectorsEnabled=true, unexpectedAlertBehaviour=}]
Session ID: 7dd75f8faa5c0b04046a7a099208bd71
	at org.openqa.selenium.remote.ErrorHandler.createThrowable(ErrorHandler.java:206)
	at org.openqa.selenium.remote.ErrorHandler.throwIfResponseFailed(ErrorHandler.java:158)
	at org.openqa.selenium.remote.RemoteWebDriver.execute(RemoteWebDriver.java:595)
	at org.openqa.selenium.remote.RemoteWebElement.execute(RemoteWebElement.java:273)
	at org.openqa.selenium.remote.RemoteWebElement.click(RemoteWebElement.java:84)
	at virginia_regression._9_Verify_RP_Contractual_LateStatus._5_busineesdate_et_rapidpayduedate(_9_Verify_RP_Contractual_LateStatus.java:250)
... Removed 28 stack frames]]>
    </failure>
  </testcase> <!-- _5_busineesdate_et_rapidpayduedate -->
  <testcase name="_6_busineesdate_gt_rapidpayduedate" time="0.138" classname="virginia_regression._9_Verify_RP_Contractual_LateStatus">
    <failure type="org.openqa.selenium.WebDriverException" message="unknown error: Element &amp;lt;a id=&amp;quot;ctl00_ctl00_MainContent_ChildContent1_lnkEdit&amp;quot; href=&amp;quot;store.aspx?action=edit&amp;amp;amp;id=167&amp;quot;&amp;gt;...&amp;lt;/a&amp;gt; is not clickable at point (1830, 6). Other element would receive the click: &amp;lt;div id=&amp;quot;ctl00_ctl00_AppHeader_pnlCompanyMsg&amp;quot; class=&amp;quot;corp-msg&amp;quot;&amp;gt;...&amp;lt;/div&amp;gt;
  (Session info: chrome=58.0.3029.110)
  (Driver info: chromedriver=2.28.455520 (cc17746adff54984afff480136733114c6b3704b),platform=Windows NT 10.0.14393 x86_64) (WARNING: The server did not provide any stacktrace information)
Command duration or timeout: 51 milliseconds
Build info: version: &amp;apos;2.47.1&amp;apos;, revision: &amp;apos;411b314&amp;apos;, time: &amp;apos;2015-07-30 02:56:46&amp;apos;
System info: host: &amp;apos;GARIMA7LT&amp;apos;, ip: &amp;apos;10.130.0.96&amp;apos;, os.name: &amp;apos;Windows 10&amp;apos;, os.arch: &amp;apos;amd64&amp;apos;, os.version: &amp;apos;10.0&amp;apos;, java.version: &amp;apos;1.8.0_121&amp;apos;
Driver info: org.openqa.selenium.chrome.ChromeDriver
Capabilities [{applicationCacheEnabled=false, rotatable=false, mobileEmulationEnabled=false, networkConnectionEnabled=false, chrome={chromedriverVersion=2.28.455520 (cc17746adff54984afff480136733114c6b3704b), userDataDir=C:\Users\garima\AppData\Local\Temp\scoped_dir14824_9258}, takesHeapSnapshot=true, pageLoadStrategy=normal, databaseEnabled=false, handlesAlerts=true, hasTouchScreen=false, version=58.0.3029.110, platform=XP, browserConnectionEnabled=false, nativeEvents=true, acceptSslCerts=true, locationContextEnabled=true, webStorageEnabled=true, browserName=chrome, takesScreenshot=true, javascriptEnabled=true, cssSelectorsEnabled=true, unexpectedAlertBehaviour=}]
Session ID: 7dd75f8faa5c0b04046a7a099208bd71">
      <![CDATA[org.openqa.selenium.WebDriverException: unknown error: Element <a id="ctl00_ctl00_MainContent_ChildContent1_lnkEdit" href="store.aspx?action=edit&amp;id=167">...</a> is not clickable at point (1830, 6). Other element would receive the click: <div id="ctl00_ctl00_AppHeader_pnlCompanyMsg" class="corp-msg">...</div>
  (Session info: chrome=58.0.3029.110)
  (Driver info: chromedriver=2.28.455520 (cc17746adff54984afff480136733114c6b3704b),platform=Windows NT 10.0.14393 x86_64) (WARNING: The server did not provide any stacktrace information)
Command duration or timeout: 51 milliseconds
Build info: version: '2.47.1', revision: '411b314', time: '2015-07-30 02:56:46'
System info: host: 'GARIMA7LT', ip: '10.130.0.96', os.name: 'Windows 10', os.arch: 'amd64', os.version: '10.0', java.version: '1.8.0_121'
Driver info: org.openqa.selenium.chrome.ChromeDriver
Capabilities [{applicationCacheEnabled=false, rotatable=false, mobileEmulationEnabled=false, networkConnectionEnabled=false, chrome={chromedriverVersion=2.28.455520 (cc17746adff54984afff480136733114c6b3704b), userDataDir=C:\Users\garima\AppData\Local\Temp\scoped_dir14824_9258}, takesHeapSnapshot=true, pageLoadStrategy=normal, databaseEnabled=false, handlesAlerts=true, hasTouchScreen=false, version=58.0.3029.110, platform=XP, browserConnectionEnabled=false, nativeEvents=true, acceptSslCerts=true, locationContextEnabled=true, webStorageEnabled=true, browserName=chrome, takesScreenshot=true, javascriptEnabled=true, cssSelectorsEnabled=true, unexpectedAlertBehaviour=}]
Session ID: 7dd75f8faa5c0b04046a7a099208bd71
	at org.openqa.selenium.remote.ErrorHandler.createThrowable(ErrorHandler.java:206)
	at org.openqa.selenium.remote.ErrorHandler.throwIfResponseFailed(ErrorHandler.java:158)
	at org.openqa.selenium.remote.RemoteWebDriver.execute(RemoteWebDriver.java:595)
	at org.openqa.selenium.remote.RemoteWebElement.execute(RemoteWebElement.java:273)
	at org.openqa.selenium.remote.RemoteWebElement.click(RemoteWebElement.java:84)
	at virginia_regression._9_Verify_RP_Contractual_LateStatus._6_busineesdate_gt_rapidpayduedate(_9_Verify_RP_Contractual_LateStatus.java:307)
... Removed 28 stack frames]]>
    </failure>
  </testcase> <!-- _6_busineesdate_gt_rapidpayduedate -->
  <testcase name="_7_businessdate_et_contractualduedate" time="0.099" classname="virginia_regression._9_Verify_RP_Contractual_LateStatus">
    <failure type="org.openqa.selenium.WebDriverException" message="unknown error: Element &amp;lt;a id=&amp;quot;ctl00_ctl00_MainContent_ChildContent1_lnkEdit&amp;quot; href=&amp;quot;store.aspx?action=edit&amp;amp;amp;id=167&amp;quot;&amp;gt;...&amp;lt;/a&amp;gt; is not clickable at point (1830, 6). Other element would receive the click: &amp;lt;div id=&amp;quot;ctl00_ctl00_AppHeader_pnlCompanyMsg&amp;quot; class=&amp;quot;corp-msg&amp;quot;&amp;gt;...&amp;lt;/div&amp;gt;
  (Session info: chrome=58.0.3029.110)
  (Driver info: chromedriver=2.28.455520 (cc17746adff54984afff480136733114c6b3704b),platform=Windows NT 10.0.14393 x86_64) (WARNING: The server did not provide any stacktrace information)
Command duration or timeout: 49 milliseconds
Build info: version: &amp;apos;2.47.1&amp;apos;, revision: &amp;apos;411b314&amp;apos;, time: &amp;apos;2015-07-30 02:56:46&amp;apos;
System info: host: &amp;apos;GARIMA7LT&amp;apos;, ip: &amp;apos;10.130.0.96&amp;apos;, os.name: &amp;apos;Windows 10&amp;apos;, os.arch: &amp;apos;amd64&amp;apos;, os.version: &amp;apos;10.0&amp;apos;, java.version: &amp;apos;1.8.0_121&amp;apos;
Driver info: org.openqa.selenium.chrome.ChromeDriver
Capabilities [{applicationCacheEnabled=false, rotatable=false, mobileEmulationEnabled=false, networkConnectionEnabled=false, chrome={chromedriverVersion=2.28.455520 (cc17746adff54984afff480136733114c6b3704b), userDataDir=C:\Users\garima\AppData\Local\Temp\scoped_dir14824_9258}, takesHeapSnapshot=true, pageLoadStrategy=normal, databaseEnabled=false, handlesAlerts=true, hasTouchScreen=false, version=58.0.3029.110, platform=XP, browserConnectionEnabled=false, nativeEvents=true, acceptSslCerts=true, locationContextEnabled=true, webStorageEnabled=true, browserName=chrome, takesScreenshot=true, javascriptEnabled=true, cssSelectorsEnabled=true, unexpectedAlertBehaviour=}]
Session ID: 7dd75f8faa5c0b04046a7a099208bd71">
      <![CDATA[org.openqa.selenium.WebDriverException: unknown error: Element <a id="ctl00_ctl00_MainContent_ChildContent1_lnkEdit" href="store.aspx?action=edit&amp;id=167">...</a> is not clickable at point (1830, 6). Other element would receive the click: <div id="ctl00_ctl00_AppHeader_pnlCompanyMsg" class="corp-msg">...</div>
  (Session info: chrome=58.0.3029.110)
  (Driver info: chromedriver=2.28.455520 (cc17746adff54984afff480136733114c6b3704b),platform=Windows NT 10.0.14393 x86_64) (WARNING: The server did not provide any stacktrace information)
Command duration or timeout: 49 milliseconds
Build info: version: '2.47.1', revision: '411b314', time: '2015-07-30 02:56:46'
System info: host: 'GARIMA7LT', ip: '10.130.0.96', os.name: 'Windows 10', os.arch: 'amd64', os.version: '10.0', java.version: '1.8.0_121'
Driver info: org.openqa.selenium.chrome.ChromeDriver
Capabilities [{applicationCacheEnabled=false, rotatable=false, mobileEmulationEnabled=false, networkConnectionEnabled=false, chrome={chromedriverVersion=2.28.455520 (cc17746adff54984afff480136733114c6b3704b), userDataDir=C:\Users\garima\AppData\Local\Temp\scoped_dir14824_9258}, takesHeapSnapshot=true, pageLoadStrategy=normal, databaseEnabled=false, handlesAlerts=true, hasTouchScreen=false, version=58.0.3029.110, platform=XP, browserConnectionEnabled=false, nativeEvents=true, acceptSslCerts=true, locationContextEnabled=true, webStorageEnabled=true, browserName=chrome, takesScreenshot=true, javascriptEnabled=true, cssSelectorsEnabled=true, unexpectedAlertBehaviour=}]
Session ID: 7dd75f8faa5c0b04046a7a099208bd71
	at org.openqa.selenium.remote.ErrorHandler.createThrowable(ErrorHandler.java:206)
	at org.openqa.selenium.remote.ErrorHandler.throwIfResponseFailed(ErrorHandler.java:158)
	at org.openqa.selenium.remote.RemoteWebDriver.execute(RemoteWebDriver.java:595)
	at org.openqa.selenium.remote.RemoteWebElement.execute(RemoteWebElement.java:273)
	at org.openqa.selenium.remote.RemoteWebElement.click(RemoteWebElement.java:84)
	at virginia_regression._9_Verify_RP_Contractual_LateStatus._7_businessdate_et_contractualduedate(_9_Verify_RP_Contractual_LateStatus.java:362)
... Removed 28 stack frames]]>
    </failure>
  </testcase> <!-- _7_businessdate_et_contractualduedate -->
  <testcase name="_8_busineesdate_gt_contractualduedate" time="0.091" classname="virginia_regression._9_Verify_RP_Contractual_LateStatus">
    <failure type="org.openqa.selenium.WebDriverException" message="unknown error: Element &amp;lt;a id=&amp;quot;ctl00_ctl00_MainContent_ChildContent1_lnkEdit&amp;quot; href=&amp;quot;store.aspx?action=edit&amp;amp;amp;id=167&amp;quot;&amp;gt;...&amp;lt;/a&amp;gt; is not clickable at point (1830, 6). Other element would receive the click: &amp;lt;div id=&amp;quot;ctl00_ctl00_AppHeader_pnlCompanyMsg&amp;quot; class=&amp;quot;corp-msg&amp;quot;&amp;gt;...&amp;lt;/div&amp;gt;
  (Session info: chrome=58.0.3029.110)
  (Driver info: chromedriver=2.28.455520 (cc17746adff54984afff480136733114c6b3704b),platform=Windows NT 10.0.14393 x86_64) (WARNING: The server did not provide any stacktrace information)
Command duration or timeout: 51 milliseconds
Build info: version: &amp;apos;2.47.1&amp;apos;, revision: &amp;apos;411b314&amp;apos;, time: &amp;apos;2015-07-30 02:56:46&amp;apos;
System info: host: &amp;apos;GARIMA7LT&amp;apos;, ip: &amp;apos;10.130.0.96&amp;apos;, os.name: &amp;apos;Windows 10&amp;apos;, os.arch: &amp;apos;amd64&amp;apos;, os.version: &amp;apos;10.0&amp;apos;, java.version: &amp;apos;1.8.0_121&amp;apos;
Driver info: org.openqa.selenium.chrome.ChromeDriver
Capabilities [{applicationCacheEnabled=false, rotatable=false, mobileEmulationEnabled=false, networkConnectionEnabled=false, chrome={chromedriverVersion=2.28.455520 (cc17746adff54984afff480136733114c6b3704b), userDataDir=C:\Users\garima\AppData\Local\Temp\scoped_dir14824_9258}, takesHeapSnapshot=true, pageLoadStrategy=normal, databaseEnabled=false, handlesAlerts=true, hasTouchScreen=false, version=58.0.3029.110, platform=XP, browserConnectionEnabled=false, nativeEvents=true, acceptSslCerts=true, locationContextEnabled=true, webStorageEnabled=true, browserName=chrome, takesScreenshot=true, javascriptEnabled=true, cssSelectorsEnabled=true, unexpectedAlertBehaviour=}]
Session ID: 7dd75f8faa5c0b04046a7a099208bd71">
      <![CDATA[org.openqa.selenium.WebDriverException: unknown error: Element <a id="ctl00_ctl00_MainContent_ChildContent1_lnkEdit" href="store.aspx?action=edit&amp;id=167">...</a> is not clickable at point (1830, 6). Other element would receive the click: <div id="ctl00_ctl00_AppHeader_pnlCompanyMsg" class="corp-msg">...</div>
  (Session info: chrome=58.0.3029.110)
  (Driver info: chromedriver=2.28.455520 (cc17746adff54984afff480136733114c6b3704b),platform=Windows NT 10.0.14393 x86_64) (WARNING: The server did not provide any stacktrace information)
Command duration or timeout: 51 milliseconds
Build info: version: '2.47.1', revision: '411b314', time: '2015-07-30 02:56:46'
System info: host: 'GARIMA7LT', ip: '10.130.0.96', os.name: 'Windows 10', os.arch: 'amd64', os.version: '10.0', java.version: '1.8.0_121'
Driver info: org.openqa.selenium.chrome.ChromeDriver
Capabilities [{applicationCacheEnabled=false, rotatable=false, mobileEmulationEnabled=false, networkConnectionEnabled=false, chrome={chromedriverVersion=2.28.455520 (cc17746adff54984afff480136733114c6b3704b), userDataDir=C:\Users\garima\AppData\Local\Temp\scoped_dir14824_9258}, takesHeapSnapshot=true, pageLoadStrategy=normal, databaseEnabled=false, handlesAlerts=true, hasTouchScreen=false, version=58.0.3029.110, platform=XP, browserConnectionEnabled=false, nativeEvents=true, acceptSslCerts=true, locationContextEnabled=true, webStorageEnabled=true, browserName=chrome, takesScreenshot=true, javascriptEnabled=true, cssSelectorsEnabled=true, unexpectedAlertBehaviour=}]
Session ID: 7dd75f8faa5c0b04046a7a099208bd71
	at org.openqa.selenium.remote.ErrorHandler.createThrowable(ErrorHandler.java:206)
	at org.openqa.selenium.remote.ErrorHandler.throwIfResponseFailed(ErrorHandler.java:158)
	at org.openqa.selenium.remote.RemoteWebDriver.execute(RemoteWebDriver.java:595)
	at org.openqa.selenium.remote.RemoteWebElement.execute(RemoteWebElement.java:273)
	at org.openqa.selenium.remote.RemoteWebElement.click(RemoteWebElement.java:84)
	at virginia_regression._9_Verify_RP_Contractual_LateStatus._8_busineesdate_gt_contractualduedate(_9_Verify_RP_Contractual_LateStatus.java:416)
... Removed 28 stack frames]]>
    </failure>
  </testcase> <!-- _8_busineesdate_gt_contractualduedate -->
  <testcase name="_9_admin_logout" time="0.097" classname="virginia_regression._9_Verify_RP_Contractual_LateStatus">
    <failure type="org.openqa.selenium.WebDriverException" message="unknown error: Element &amp;lt;a id=&amp;quot;ctl00_ctl00_MainContent_ChildContent1_lnkEdit&amp;quot; href=&amp;quot;store.aspx?action=edit&amp;amp;amp;id=167&amp;quot;&amp;gt;...&amp;lt;/a&amp;gt; is not clickable at point (1830, 6). Other element would receive the click: &amp;lt;div id=&amp;quot;ctl00_ctl00_AppHeader_pnlCompanyMsg&amp;quot; class=&amp;quot;corp-msg&amp;quot;&amp;gt;...&amp;lt;/div&amp;gt;
  (Session info: chrome=58.0.3029.110)
  (Driver info: chromedriver=2.28.455520 (cc17746adff54984afff480136733114c6b3704b),platform=Windows NT 10.0.14393 x86_64) (WARNING: The server did not provide any stacktrace information)
Command duration or timeout: 60 milliseconds
Build info: version: &amp;apos;2.47.1&amp;apos;, revision: &amp;apos;411b314&amp;apos;, time: &amp;apos;2015-07-30 02:56:46&amp;apos;
System info: host: &amp;apos;GARIMA7LT&amp;apos;, ip: &amp;apos;10.130.0.96&amp;apos;, os.name: &amp;apos;Windows 10&amp;apos;, os.arch: &amp;apos;amd64&amp;apos;, os.version: &amp;apos;10.0&amp;apos;, java.version: &amp;apos;1.8.0_121&amp;apos;
Driver info: org.openqa.selenium.chrome.ChromeDriver
Capabilities [{applicationCacheEnabled=false, rotatable=false, mobileEmulationEnabled=false, networkConnectionEnabled=false, chrome={chromedriverVersion=2.28.455520 (cc17746adff54984afff480136733114c6b3704b), userDataDir=C:\Users\garima\AppData\Local\Temp\scoped_dir14824_9258}, takesHeapSnapshot=true, pageLoadStrategy=normal, databaseEnabled=false, handlesAlerts=true, hasTouchScreen=false, version=58.0.3029.110, platform=XP, browserConnectionEnabled=false, nativeEvents=true, acceptSslCerts=true, locationContextEnabled=true, webStorageEnabled=true, browserName=chrome, takesScreenshot=true, javascriptEnabled=true, cssSelectorsEnabled=true, unexpectedAlertBehaviour=}]
Session ID: 7dd75f8faa5c0b04046a7a099208bd71">
      <![CDATA[org.openqa.selenium.WebDriverException: unknown error: Element <a id="ctl00_ctl00_MainContent_ChildContent1_lnkEdit" href="store.aspx?action=edit&amp;id=167">...</a> is not clickable at point (1830, 6). Other element would receive the click: <div id="ctl00_ctl00_AppHeader_pnlCompanyMsg" class="corp-msg">...</div>
  (Session info: chrome=58.0.3029.110)
  (Driver info: chromedriver=2.28.455520 (cc17746adff54984afff480136733114c6b3704b),platform=Windows NT 10.0.14393 x86_64) (WARNING: The server did not provide any stacktrace information)
Command duration or timeout: 60 milliseconds
Build info: version: '2.47.1', revision: '411b314', time: '2015-07-30 02:56:46'
System info: host: 'GARIMA7LT', ip: '10.130.0.96', os.name: 'Windows 10', os.arch: 'amd64', os.version: '10.0', java.version: '1.8.0_121'
Driver info: org.openqa.selenium.chrome.ChromeDriver
Capabilities [{applicationCacheEnabled=false, rotatable=false, mobileEmulationEnabled=false, networkConnectionEnabled=false, chrome={chromedriverVersion=2.28.455520 (cc17746adff54984afff480136733114c6b3704b), userDataDir=C:\Users\garima\AppData\Local\Temp\scoped_dir14824_9258}, takesHeapSnapshot=true, pageLoadStrategy=normal, databaseEnabled=false, handlesAlerts=true, hasTouchScreen=false, version=58.0.3029.110, platform=XP, browserConnectionEnabled=false, nativeEvents=true, acceptSslCerts=true, locationContextEnabled=true, webStorageEnabled=true, browserName=chrome, takesScreenshot=true, javascriptEnabled=true, cssSelectorsEnabled=true, unexpectedAlertBehaviour=}]
Session ID: 7dd75f8faa5c0b04046a7a099208bd71
	at org.openqa.selenium.remote.ErrorHandler.createThrowable(ErrorHandler.java:206)
	at org.openqa.selenium.remote.ErrorHandler.throwIfResponseFailed(ErrorHandler.java:158)
	at org.openqa.selenium.remote.RemoteWebDriver.execute(RemoteWebDriver.java:595)
	at org.openqa.selenium.remote.RemoteWebElement.execute(RemoteWebElement.java:273)
	at org.openqa.selenium.remote.RemoteWebElement.click(RemoteWebElement.java:84)
	at virginia_regression._9_Verify_RP_Contractual_LateStatus._9_admin_logout(_9_Verify_RP_Contractual_LateStatus.java:473)
... Removed 28 stack frames]]>
    </failure>
  </testcase> <!-- _9_admin_logout -->
  <testcase name="_10_void_loan" time="4.936" classname="virginia_regression._9_Verify_RP_Contractual_LateStatus"/>
  <testcase name="_11_teller_logout" time="2.811" classname="virginia_regression._9_Verify_RP_Contractual_LateStatus">
    <failure type="org.openqa.selenium.NoSuchElementException" message="Unable to locate element: {&amp;quot;method&amp;quot;:&amp;quot;xpath&amp;quot;,&amp;quot;selector&amp;quot;:&amp;quot;.//*[@id=&amp;apos;menuv2&amp;apos;]/li[7]/a&amp;quot;}
Command duration or timeout: 105 milliseconds
For documentation on this error, please visit: http://seleniumhq.org/exceptions/no_such_element.html
Build info: version: &amp;apos;2.47.1&amp;apos;, revision: &amp;apos;411b314&amp;apos;, time: &amp;apos;2015-07-30 02:56:46&amp;apos;
System info: host: &amp;apos;GARIMA7LT&amp;apos;, ip: &amp;apos;10.130.0.96&amp;apos;, os.name: &amp;apos;Windows 10&amp;apos;, os.arch: &amp;apos;amd64&amp;apos;, os.version: &amp;apos;10.0&amp;apos;, java.version: &amp;apos;1.8.0_121&amp;apos;
Driver info: org.openqa.selenium.firefox.FirefoxDriver
Capabilities [{applicationCacheEnabled=true, rotatable=false, handlesAlerts=true, databaseEnabled=true, version=42.0, platform=WINDOWS, nativeEvents=false, acceptSslCerts=true, webStorageEnabled=true, locationContextEnabled=true, browserName=firefox, takesScreenshot=true, javascriptEnabled=true, cssSelectorsEnabled=true}]
Session ID: 0f09a6c4-f70c-47d5-9510-df9e81a55f5b
*** Element info: {Using=xpath, value=.//*[@id=&amp;apos;menuv2&amp;apos;]/li[7]/a}">
      <![CDATA[org.openqa.selenium.NoSuchElementException: Unable to locate element: {"method":"xpath","selector":".//*[@id='menuv2']/li[7]/a"}
Command duration or timeout: 105 milliseconds
For documentation on this error, please visit: http://seleniumhq.org/exceptions/no_such_element.html
Build info: version: '2.47.1', revision: '411b314', time: '2015-07-30 02:56:46'
System info: host: 'GARIMA7LT', ip: '10.130.0.96', os.name: 'Windows 10', os.arch: 'amd64', os.version: '10.0', java.version: '1.8.0_121'
Driver info: org.openqa.selenium.firefox.FirefoxDriver
Capabilities [{applicationCacheEnabled=true, rotatable=false, handlesAlerts=true, databaseEnabled=true, version=42.0, platform=WINDOWS, nativeEvents=false, acceptSslCerts=true, webStorageEnabled=true, locationContextEnabled=true, browserName=firefox, takesScreenshot=true, javascriptEnabled=true, cssSelectorsEnabled=true}]
Session ID: 0f09a6c4-f70c-47d5-9510-df9e81a55f5b
*** Element info: {Using=xpath, value=.//*[@id='menuv2']/li[7]/a}
	at org.openqa.selenium.remote.ErrorHandler.createThrowable(ErrorHandler.java:206)
	at org.openqa.selenium.remote.ErrorHandler.throwIfResponseFailed(ErrorHandler.java:158)
	at org.openqa.selenium.remote.RemoteWebDriver.execute(RemoteWebDriver.java:595)
	at org.openqa.selenium.remote.RemoteWebDriver.findElement(RemoteWebDriver.java:348)
	at org.openqa.selenium.remote.RemoteWebDriver.findElementByXPath(RemoteWebDriver.java:445)
	at org.openqa.selenium.By$ByXPath.findElement(By.java:358)
	at org.openqa.selenium.remote.RemoteWebDriver.findElement(RemoteWebDriver.java:340)
	at Functions.Function_Classes.logout(Function_Classes.java:78)
	at virginia_regression._9_Verify_RP_Contractual_LateStatus._11_teller_logout(_9_Verify_RP_Contractual_LateStatus.java:532)
Caused by: org.openqa.selenium.NoSuchElementException: Unable to locate element: {"method":"xpath","selector":".//*[@id='menuv2']/li[7]/a"}
For documentation on this error, please visit: http://seleniumhq.org/exceptions/no_such_element.html
Build info: version: '2.47.1', revision: '411b314', time: '2015-07-30 02:56:46'
System info: host: 'GARIMA7LT', ip: '10.130.0.96', os.name: 'Windows 10', os.arch: 'amd64', os.version: '10.0', java.version: '1.8.0_121'
Driver info: driver.version: unknown
	at <anonymous class>.FirefoxDriver.prototype.findElementInternal_(file:///C:/Users/garima/AppData/Local/Temp/anonymous2970677779249622708webdriver-profile/extensions/fxdriver@googlecode.com/components/driver-component.js:10667)
	at <anonymous class>.FirefoxDriver.prototype.findElement(file:///C:/Users/garima/AppData/Local/Temp/anonymous2970677779249622708webdriver-profile/extensions/fxdriver@googlecode.com/components/driver-component.js:10676)
	at <anonymous class>.DelayedCommand.prototype.executeInternal_/h(file:///C:/Users/garima/AppData/Local/Temp/anonymous2970677779249622708webdriver-profile/extensions/fxdriver@googlecode.com/components/command-processor.js:12643)
	at <anonymous class>.DelayedCommand.prototype.executeInternal_(file:///C:/Users/garima/AppData/Local/Temp/anonymous2970677779249622708webdriver-profile/extensions/fxdriver@googlecode.com/components/command-processor.js:12648)
	at <anonymous class>.DelayedCommand.prototype.execute/<(file:///C:/Users/garima/AppData/Local/Temp/anonymous2970677779249622708webdriver-profile/extensions/fxdriver@googlecode.com/components/command-processor.js:12590)
... Removed 27 stack frames]]>
    </failure>
  </testcase> <!-- _11_teller_logout -->
  <testcase name="_1_navigate_to_eCashURL" time="9.817" classname="virginia_regression._10_Verify_Promise_Kept"/>
  <testcase name="_2_teller_login" time="10.292" classname="virginia_regression._10_Verify_Promise_Kept"/>
  <testcase name="_3_businessdatechange" time="14.03" classname="virginia_regression._10_Verify_Promise_Kept"/>
  <testcase name="_4_LOC_Creation" time="50.325" classname="virginia_regression._10_Verify_Promise_Kept">
    <failure type="org.openqa.selenium.TimeoutException" message="Timed out after 30 seconds waiting for visibility of element located by By.xpath: .//*[@id=&amp;apos;ctl00_ctl00_MainContent_ChildContent1_FrmCustGeneral_lnkNewTrans&amp;apos;]
Build info: version: &amp;apos;2.47.1&amp;apos;, revision: &amp;apos;411b314&amp;apos;, time: &amp;apos;2015-07-30 02:56:46&amp;apos;
System info: host: &amp;apos;GARIMA7LT&amp;apos;, ip: &amp;apos;10.130.0.96&amp;apos;, os.name: &amp;apos;Windows 10&amp;apos;, os.arch: &amp;apos;amd64&amp;apos;, os.version: &amp;apos;10.0&amp;apos;, java.version: &amp;apos;1.8.0_121&amp;apos;
Driver info: org.openqa.selenium.firefox.FirefoxDriver
Capabilities [{applicationCacheEnabled=true, rotatable=false, handlesAlerts=true, databaseEnabled=true, version=42.0, platform=WINDOWS, nativeEvents=false, acceptSslCerts=true, webStorageEnabled=true, locationContextEnabled=true, browserName=firefox, takesScreenshot=true, javascriptEnabled=true, cssSelectorsEnabled=true}]
Session ID: ea98155f-e796-49e3-a164-f2f4fea58445">
      <![CDATA[org.openqa.selenium.TimeoutException: Timed out after 30 seconds waiting for visibility of element located by By.xpath: .//*[@id='ctl00_ctl00_MainContent_ChildContent1_FrmCustGeneral_lnkNewTrans']
Build info: version: '2.47.1', revision: '411b314', time: '2015-07-30 02:56:46'
System info: host: 'GARIMA7LT', ip: '10.130.0.96', os.name: 'Windows 10', os.arch: 'amd64', os.version: '10.0', java.version: '1.8.0_121'
Driver info: org.openqa.selenium.firefox.FirefoxDriver
Capabilities [{applicationCacheEnabled=true, rotatable=false, handlesAlerts=true, databaseEnabled=true, version=42.0, platform=WINDOWS, nativeEvents=false, acceptSslCerts=true, webStorageEnabled=true, locationContextEnabled=true, browserName=firefox, takesScreenshot=true, javascriptEnabled=true, cssSelectorsEnabled=true}]
Session ID: ea98155f-e796-49e3-a164-f2f4fea58445
	at org.openqa.selenium.support.ui.WebDriverWait.timeoutException(WebDriverWait.java:80)
	at org.openqa.selenium.support.ui.FluentWait.until(FluentWait.java:229)
	at virginia_regression._10_Verify_Promise_Kept._4_LOC_Creation(_10_Verify_Promise_Kept.java:307)
Caused by: org.openqa.selenium.NoSuchElementException: Unable to locate element: {"method":"xpath","selector":".//*[@id='ctl00_ctl00_MainContent_ChildContent1_FrmCustGeneral_lnkNewTrans']"}
Command duration or timeout: 29 milliseconds
For documentation on this error, please visit: http://seleniumhq.org/exceptions/no_such_element.html
Build info: version: '2.47.1', revision: '411b314', time: '2015-07-30 02:56:46'
System info: host: 'GARIMA7LT', ip: '10.130.0.96', os.name: 'Windows 10', os.arch: 'amd64', os.version: '10.0', java.version: '1.8.0_121'
Driver info: org.openqa.selenium.firefox.FirefoxDriver
Capabilities [{applicationCacheEnabled=true, rotatable=false, handlesAlerts=true, databaseEnabled=true, version=42.0, platform=WINDOWS, nativeEvents=false, acceptSslCerts=true, webStorageEnabled=true, locationContextEnabled=true, browserName=firefox, takesScreenshot=true, javascriptEnabled=true, cssSelectorsEnabled=true}]
Session ID: ea98155f-e796-49e3-a164-f2f4fea58445
*** Element info: {Using=xpath, value=.//*[@id='ctl00_ctl00_MainContent_ChildContent1_FrmCustGeneral_lnkNewTrans']}
	at org.openqa.selenium.remote.ErrorHandler.createThrowable(ErrorHandler.java:206)
	at org.openqa.selenium.remote.ErrorHandler.throwIfResponseFailed(ErrorHandler.java:158)
	at org.openqa.selenium.remote.RemoteWebDriver.execute(RemoteWebDriver.java:595)
	at org.openqa.selenium.remote.RemoteWebDriver.findElement(RemoteWebDriver.java:348)
	at org.openqa.selenium.remote.RemoteWebDriver.findElementByXPath(RemoteWebDriver.java:445)
	at org.openqa.selenium.By$ByXPath.findElement(By.java:358)
	at org.openqa.selenium.remote.RemoteWebDriver.findElement(RemoteWebDriver.java:340)
	at org.openqa.selenium.support.ui.ExpectedConditions.findElement(ExpectedConditions.java:861)
	at org.openqa.selenium.support.ui.ExpectedConditions.access$0(ExpectedConditions.java:859)
	at org.openqa.selenium.support.ui.ExpectedConditions$7.apply(ExpectedConditions.java:205)
	at org.openqa.selenium.support.ui.ExpectedConditions$7.apply(ExpectedConditions.java:1)
	at org.openqa.selenium.support.ui.FluentWait.until(FluentWait.java:209)
	... 25 more
Caused by: org.openqa.selenium.NoSuchElementException: Unable to locate element: {"method":"xpath","selector":".//*[@id='ctl00_ctl00_MainContent_ChildContent1_FrmCustGeneral_lnkNewTrans']"}
For documentation on this error, please visit: http://seleniumhq.org/exceptions/no_such_element.html
Build info: version: '2.47.1', revision: '411b314', time: '2015-07-30 02:56:46'
System info: host: 'GARIMA7LT', ip: '10.130.0.96', os.name: 'Windows 10', os.arch: 'amd64', os.version: '10.0', java.version: '1.8.0_121'
Driver info: driver.version: unknown
	at <anonymous class>.FirefoxDriver.prototype.findElementInternal_(file:///C:/Users/garima/AppData/Local/Temp/anonymous745073151672774279webdriver-profile/extensions/fxdriver@googlecode.com/components/driver-component.js:10667)
	at <anonymous class>.FirefoxDriver.prototype.findElement(file:///C:/Users/garima/AppData/Local/Temp/anonymous745073151672774279webdriver-profile/extensions/fxdriver@googlecode.com/components/driver-component.js:10676)
	at <anonymous class>.DelayedCommand.prototype.executeInternal_/h(file:///C:/Users/garima/AppData/Local/Temp/anonymous745073151672774279webdriver-profile/extensions/fxdriver@googlecode.com/components/command-processor.js:12643)
	at <anonymous class>.DelayedCommand.prototype.executeInternal_(file:///C:/Users/garima/AppData/Local/Temp/anonymous745073151672774279webdriver-profile/extensions/fxdriver@googlecode.com/components/command-processor.js:12648)
	at <anonymous class>.DelayedCommand.prototype.execute/<(file:///C:/Users/garima/AppData/Local/Temp/anonymous745073151672774279webdriver-profile/extensions/fxdriver@googlecode.com/components/command-processor.js:12590)
... Removed 27 stack frames]]>
    </failure>
  </testcase> <!-- _4_LOC_Creation -->
  <testcase name="_5_businssdate_rolledforward_beyond_duedate" time="2.789" classname="virginia_regression._10_Verify_Promise_Kept"/>
  <testcase name="_6_homescreen_before_appointment_creation" time="30.145" classname="virginia_regression._10_Verify_Promise_Kept">
    <failure type="org.openqa.selenium.TimeoutException" message="Timed out after 30 seconds waiting for visibility of element located by By.xpath: .//*[@id=&amp;apos;ctl00_ctl00_MainContent_ChildContent1_LoanDetail_lnkLoanId&amp;apos;]
Build info: version: &amp;apos;2.47.1&amp;apos;, revision: &amp;apos;411b314&amp;apos;, time: &amp;apos;2015-07-30 02:56:46&amp;apos;
System info: host: &amp;apos;GARIMA7LT&amp;apos;, ip: &amp;apos;10.130.0.96&amp;apos;, os.name: &amp;apos;Windows 10&amp;apos;, os.arch: &amp;apos;amd64&amp;apos;, os.version: &amp;apos;10.0&amp;apos;, java.version: &amp;apos;1.8.0_121&amp;apos;
Driver info: org.openqa.selenium.firefox.FirefoxDriver
Capabilities [{applicationCacheEnabled=true, rotatable=false, handlesAlerts=true, databaseEnabled=true, version=42.0, platform=WINDOWS, nativeEvents=false, acceptSslCerts=true, webStorageEnabled=true, locationContextEnabled=true, browserName=firefox, takesScreenshot=true, javascriptEnabled=true, cssSelectorsEnabled=true}]
Session ID: ea98155f-e796-49e3-a164-f2f4fea58445">
      <![CDATA[org.openqa.selenium.TimeoutException: Timed out after 30 seconds waiting for visibility of element located by By.xpath: .//*[@id='ctl00_ctl00_MainContent_ChildContent1_LoanDetail_lnkLoanId']
Build info: version: '2.47.1', revision: '411b314', time: '2015-07-30 02:56:46'
System info: host: 'GARIMA7LT', ip: '10.130.0.96', os.name: 'Windows 10', os.arch: 'amd64', os.version: '10.0', java.version: '1.8.0_121'
Driver info: org.openqa.selenium.firefox.FirefoxDriver
Capabilities [{applicationCacheEnabled=true, rotatable=false, handlesAlerts=true, databaseEnabled=true, version=42.0, platform=WINDOWS, nativeEvents=false, acceptSslCerts=true, webStorageEnabled=true, locationContextEnabled=true, browserName=firefox, takesScreenshot=true, javascriptEnabled=true, cssSelectorsEnabled=true}]
Session ID: ea98155f-e796-49e3-a164-f2f4fea58445
	at org.openqa.selenium.support.ui.WebDriverWait.timeoutException(WebDriverWait.java:80)
	at org.openqa.selenium.support.ui.FluentWait.until(FluentWait.java:229)
	at virginia_regression._10_Verify_Promise_Kept._6_homescreen_before_appointment_creation(_10_Verify_Promise_Kept.java:368)
Caused by: org.openqa.selenium.NoSuchElementException: Unable to locate element: {"method":"xpath","selector":".//*[@id='ctl00_ctl00_MainContent_ChildContent1_LoanDetail_lnkLoanId']"}
Command duration or timeout: 30 milliseconds
For documentation on this error, please visit: http://seleniumhq.org/exceptions/no_such_element.html
Build info: version: '2.47.1', revision: '411b314', time: '2015-07-30 02:56:46'
System info: host: 'GARIMA7LT', ip: '10.130.0.96', os.name: 'Windows 10', os.arch: 'amd64', os.version: '10.0', java.version: '1.8.0_121'
Driver info: org.openqa.selenium.firefox.FirefoxDriver
Capabilities [{applicationCacheEnabled=true, rotatable=false, handlesAlerts=true, databaseEnabled=true, version=42.0, platform=WINDOWS, nativeEvents=false, acceptSslCerts=true, webStorageEnabled=true, locationContextEnabled=true, browserName=firefox, takesScreenshot=true, javascriptEnabled=true, cssSelectorsEnabled=true}]
Session ID: ea98155f-e796-49e3-a164-f2f4fea58445
*** Element info: {Using=xpath, value=.//*[@id='ctl00_ctl00_MainContent_ChildContent1_LoanDetail_lnkLoanId']}
	at org.openqa.selenium.remote.ErrorHandler.createThrowable(ErrorHandler.java:206)
	at org.openqa.selenium.remote.ErrorHandler.throwIfResponseFailed(ErrorHandler.java:158)
	at org.openqa.selenium.remote.RemoteWebDriver.execute(RemoteWebDriver.java:595)
	at org.openqa.selenium.remote.RemoteWebDriver.findElement(RemoteWebDriver.java:348)
	at org.openqa.selenium.remote.RemoteWebDriver.findElementByXPath(RemoteWebDriver.java:445)
	at org.openqa.selenium.By$ByXPath.findElement(By.java:358)
	at org.openqa.selenium.remote.RemoteWebDriver.findElement(RemoteWebDriver.java:340)
	at org.openqa.selenium.support.ui.ExpectedConditions.findElement(ExpectedConditions.java:861)
	at org.openqa.selenium.support.ui.ExpectedConditions.access$0(ExpectedConditions.java:859)
	at org.openqa.selenium.support.ui.ExpectedConditions$7.apply(ExpectedConditions.java:205)
	at org.openqa.selenium.support.ui.ExpectedConditions$7.apply(ExpectedConditions.java:1)
	at org.openqa.selenium.support.ui.FluentWait.until(FluentWait.java:209)
	... 25 more
Caused by: org.openqa.selenium.NoSuchElementException: Unable to locate element: {"method":"xpath","selector":".//*[@id='ctl00_ctl00_MainContent_ChildContent1_LoanDetail_lnkLoanId']"}
For documentation on this error, please visit: http://seleniumhq.org/exceptions/no_such_element.html
Build info: version: '2.47.1', revision: '411b314', time: '2015-07-30 02:56:46'
System info: host: 'GARIMA7LT', ip: '10.130.0.96', os.name: 'Windows 10', os.arch: 'amd64', os.version: '10.0', java.version: '1.8.0_121'
Driver info: driver.version: unknown
	at <anonymous class>.FirefoxDriver.prototype.findElementInternal_(file:///C:/Users/garima/AppData/Local/Temp/anonymous745073151672774279webdriver-profile/extensions/fxdriver@googlecode.com/components/driver-component.js:10667)
	at <anonymous class>.FirefoxDriver.prototype.findElement(file:///C:/Users/garima/AppData/Local/Temp/anonymous745073151672774279webdriver-profile/extensions/fxdriver@googlecode.com/components/driver-component.js:10676)
	at <anonymous class>.DelayedCommand.prototype.executeInternal_/h(file:///C:/Users/garima/AppData/Local/Temp/anonymous745073151672774279webdriver-profile/extensions/fxdriver@googlecode.com/components/command-processor.js:12643)
	at <anonymous class>.DelayedCommand.prototype.executeInternal_(file:///C:/Users/garima/AppData/Local/Temp/anonymous745073151672774279webdriver-profile/extensions/fxdriver@googlecode.com/components/command-processor.js:12648)
	at <anonymous class>.DelayedCommand.prototype.execute/<(file:///C:/Users/garima/AppData/Local/Temp/anonymous745073151672774279webdriver-profile/extensions/fxdriver@googlecode.com/components/command-processor.js:12590)
... Removed 27 stack frames]]>
    </failure>
  </testcase> <!-- _6_homescreen_before_appointment_creation -->
  <testcase name="_7_appointment_creation" time="32.825" classname="virginia_regression._10_Verify_Promise_Kept">
    <failure type="org.openqa.selenium.TimeoutException" message="Timed out after 30 seconds waiting for visibility of element located by By.xpath: .//*[@id=&amp;apos;ctl00_ctl00_MainContent_TabNav_lnkAppointments&amp;apos;]
Build info: version: &amp;apos;2.47.1&amp;apos;, revision: &amp;apos;411b314&amp;apos;, time: &amp;apos;2015-07-30 02:56:46&amp;apos;
System info: host: &amp;apos;GARIMA7LT&amp;apos;, ip: &amp;apos;10.130.0.96&amp;apos;, os.name: &amp;apos;Windows 10&amp;apos;, os.arch: &amp;apos;amd64&amp;apos;, os.version: &amp;apos;10.0&amp;apos;, java.version: &amp;apos;1.8.0_121&amp;apos;
Driver info: org.openqa.selenium.firefox.FirefoxDriver
Capabilities [{applicationCacheEnabled=true, rotatable=false, handlesAlerts=true, databaseEnabled=true, version=42.0, platform=WINDOWS, nativeEvents=false, acceptSslCerts=true, webStorageEnabled=true, locationContextEnabled=true, browserName=firefox, takesScreenshot=true, javascriptEnabled=true, cssSelectorsEnabled=true}]
Session ID: ea98155f-e796-49e3-a164-f2f4fea58445">
      <![CDATA[org.openqa.selenium.TimeoutException: Timed out after 30 seconds waiting for visibility of element located by By.xpath: .//*[@id='ctl00_ctl00_MainContent_TabNav_lnkAppointments']
Build info: version: '2.47.1', revision: '411b314', time: '2015-07-30 02:56:46'
System info: host: 'GARIMA7LT', ip: '10.130.0.96', os.name: 'Windows 10', os.arch: 'amd64', os.version: '10.0', java.version: '1.8.0_121'
Driver info: org.openqa.selenium.firefox.FirefoxDriver
Capabilities [{applicationCacheEnabled=true, rotatable=false, handlesAlerts=true, databaseEnabled=true, version=42.0, platform=WINDOWS, nativeEvents=false, acceptSslCerts=true, webStorageEnabled=true, locationContextEnabled=true, browserName=firefox, takesScreenshot=true, javascriptEnabled=true, cssSelectorsEnabled=true}]
Session ID: ea98155f-e796-49e3-a164-f2f4fea58445
	at org.openqa.selenium.support.ui.WebDriverWait.timeoutException(WebDriverWait.java:80)
	at org.openqa.selenium.support.ui.FluentWait.until(FluentWait.java:229)
	at virginia_regression._10_Verify_Promise_Kept._7_appointment_creation(_10_Verify_Promise_Kept.java:467)
Caused by: org.openqa.selenium.NoSuchElementException: Unable to locate element: {"method":"xpath","selector":".//*[@id='ctl00_ctl00_MainContent_TabNav_lnkAppointments']"}
Command duration or timeout: 26 milliseconds
For documentation on this error, please visit: http://seleniumhq.org/exceptions/no_such_element.html
Build info: version: '2.47.1', revision: '411b314', time: '2015-07-30 02:56:46'
System info: host: 'GARIMA7LT', ip: '10.130.0.96', os.name: 'Windows 10', os.arch: 'amd64', os.version: '10.0', java.version: '1.8.0_121'
Driver info: org.openqa.selenium.firefox.FirefoxDriver
Capabilities [{applicationCacheEnabled=true, rotatable=false, handlesAlerts=true, databaseEnabled=true, version=42.0, platform=WINDOWS, nativeEvents=false, acceptSslCerts=true, webStorageEnabled=true, locationContextEnabled=true, browserName=firefox, takesScreenshot=true, javascriptEnabled=true, cssSelectorsEnabled=true}]
Session ID: ea98155f-e796-49e3-a164-f2f4fea58445
*** Element info: {Using=xpath, value=.//*[@id='ctl00_ctl00_MainContent_TabNav_lnkAppointments']}
	at org.openqa.selenium.remote.ErrorHandler.createThrowable(ErrorHandler.java:206)
	at org.openqa.selenium.remote.ErrorHandler.throwIfResponseFailed(ErrorHandler.java:158)
	at org.openqa.selenium.remote.RemoteWebDriver.execute(RemoteWebDriver.java:595)
	at org.openqa.selenium.remote.RemoteWebDriver.findElement(RemoteWebDriver.java:348)
	at org.openqa.selenium.remote.RemoteWebDriver.findElementByXPath(RemoteWebDriver.java:445)
	at org.openqa.selenium.By$ByXPath.findElement(By.java:358)
	at org.openqa.selenium.remote.RemoteWebDriver.findElement(RemoteWebDriver.java:340)
	at org.openqa.selenium.support.ui.ExpectedConditions.findElement(ExpectedConditions.java:861)
	at org.openqa.selenium.support.ui.ExpectedConditions.access$0(ExpectedConditions.java:859)
	at org.openqa.selenium.support.ui.ExpectedConditions$7.apply(ExpectedConditions.java:205)
	at org.openqa.selenium.support.ui.ExpectedConditions$7.apply(ExpectedConditions.java:1)
	at org.openqa.selenium.support.ui.FluentWait.until(FluentWait.java:209)
	... 25 more
Caused by: org.openqa.selenium.NoSuchElementException: Unable to locate element: {"method":"xpath","selector":".//*[@id='ctl00_ctl00_MainContent_TabNav_lnkAppointments']"}
For documentation on this error, please visit: http://seleniumhq.org/exceptions/no_such_element.html
Build info: version: '2.47.1', revision: '411b314', time: '2015-07-30 02:56:46'
System info: host: 'GARIMA7LT', ip: '10.130.0.96', os.name: 'Windows 10', os.arch: 'amd64', os.version: '10.0', java.version: '1.8.0_121'
Driver info: driver.version: unknown
	at <anonymous class>.FirefoxDriver.prototype.findElementInternal_(file:///C:/Users/garima/AppData/Local/Temp/anonymous745073151672774279webdriver-profile/extensions/fxdriver@googlecode.com/components/driver-component.js:10667)
	at <anonymous class>.FirefoxDriver.prototype.findElement(file:///C:/Users/garima/AppData/Local/Temp/anonymous745073151672774279webdriver-profile/extensions/fxdriver@googlecode.com/components/driver-component.js:10676)
	at <anonymous class>.DelayedCommand.prototype.executeInternal_/h(file:///C:/Users/garima/AppData/Local/Temp/anonymous745073151672774279webdriver-profile/extensions/fxdriver@googlecode.com/components/command-processor.js:12643)
	at <anonymous class>.DelayedCommand.prototype.executeInternal_(file:///C:/Users/garima/AppData/Local/Temp/anonymous745073151672774279webdriver-profile/extensions/fxdriver@googlecode.com/components/command-processor.js:12648)
	at <anonymous class>.DelayedCommand.prototype.execute/<(file:///C:/Users/garima/AppData/Local/Temp/anonymous745073151672774279webdriver-profile/extensions/fxdriver@googlecode.com/components/command-processor.js:12590)
... Removed 27 stack frames]]>
    </failure>
  </testcase> <!-- _7_appointment_creation -->
  <testcase name="_8_homeScreen_on_appointment_creationdt" time="0.004" classname="virginia_regression._10_Verify_Promise_Kept">
    <failure type="java.lang.AssertionError" message="expected [N/A] but found [-]">
      <![CDATA[java.lang.AssertionError: expected [N/A] but found [-]
	at virginia_regression._10_Verify_Promise_Kept._8_homeScreen_on_appointment_creationdt(_10_Verify_Promise_Kept.java:635)
... Removed 29 stack frames]]>
    </failure>
  </testcase> <!-- _8_homeScreen_on_appointment_creationdt -->
  <testcase name="_9_homeScreen_3days_priortoappointment_creationdt" time="0.003" classname="virginia_regression._10_Verify_Promise_Kept">
    <failure type="java.lang.AssertionError" message="expected [N/A] but found [-]">
      <![CDATA[java.lang.AssertionError: expected [N/A] but found [-]
	at virginia_regression._10_Verify_Promise_Kept._9_homeScreen_3days_priortoappointment_creationdt(_10_Verify_Promise_Kept.java:728)
... Removed 29 stack frames]]>
    </failure>
  </testcase> <!-- _9_homeScreen_3days_priortoappointment_creationdt -->
  <testcase name="_10_homescreen_2days_priortoapptdt" time="0.007" classname="virginia_regression._10_Verify_Promise_Kept">
    <failure type="java.lang.AssertionError" message="expected [N/A] but found [-]">
      <![CDATA[java.lang.AssertionError: expected [N/A] but found [-]
	at virginia_regression._10_Verify_Promise_Kept._10_homescreen_2days_priortoapptdt(_10_Verify_Promise_Kept.java:827)
... Removed 29 stack frames]]>
    </failure>
  </testcase> <!-- _10_homescreen_2days_priortoapptdt -->
  <testcase name="_11_homescreen_on_apptdtbeforepayment" time="0.005" classname="virginia_regression._10_Verify_Promise_Kept">
    <failure type="java.lang.AssertionError" message="expected [N/A] but found [-]">
      <![CDATA[java.lang.AssertionError: expected [N/A] but found [-]
	at virginia_regression._10_Verify_Promise_Kept._11_homescreen_on_apptdtbeforepayment(_10_Verify_Promise_Kept.java:1028)
... Removed 29 stack frames]]>
    </failure>
  </testcase> <!-- _11_homescreen_on_apptdtbeforepayment -->
  <testcase name="_12_homescreen_on_apptdtpostpayment" time="0.005" classname="virginia_regression._10_Verify_Promise_Kept">
    <failure type="java.lang.AssertionError" message="expected [N/A] but found [-]">
      <![CDATA[java.lang.AssertionError: expected [N/A] but found [-]
	at virginia_regression._10_Verify_Promise_Kept._12_homescreen_on_apptdtpostpayment(_10_Verify_Promise_Kept.java:1109)
... Removed 29 stack frames]]>
    </failure>
  </testcase> <!-- _12_homescreen_on_apptdtpostpayment -->
  <testcase name="_13_businessdatebacktoOriginal" time="6.246" classname="virginia_regression._10_Verify_Promise_Kept"/>
  <testcase name="_1_navigate_to_eCashURL" time="7.887" classname="virginia_regression._11_Verify_Promise_NotKept"/>
  <testcase name="_2_teller_login" time="10.511" classname="virginia_regression._11_Verify_Promise_NotKept"/>
  <testcase name="_3_businessdatechange" time="15.763" classname="virginia_regression._11_Verify_Promise_NotKept"/>
  <testcase name="_4_LOC_Creation" time="36.385" classname="virginia_regression._11_Verify_Promise_NotKept"/>
  <testcase name="_5_businssdate_rolledforward_beyond_duedate" time="4.32" classname="virginia_regression._11_Verify_Promise_NotKept"/>
  <testcase name="_6_homescreen_before_appointment_creation" time="6.968" classname="virginia_regression._11_Verify_Promise_NotKept"/>
  <testcase name="_7_appointment_creation" time="12.733" classname="virginia_regression._11_Verify_Promise_NotKept"/>
  <testcase name="_8_homeScreen_on_appointment_creationdt" time="3.845" classname="virginia_regression._11_Verify_Promise_NotKept"/>
  <testcase name="_9_homeScreen_3days_priortoappointment_creationdt" time="5.698" classname="virginia_regression._11_Verify_Promise_NotKept"/>
  <testcase name="_10_homescreen_2days_priortoapptdt" time="6.569" classname="virginia_regression._11_Verify_Promise_NotKept"/>
  <testcase name="_11_homescreen_beyondapptdt" time="29.648" classname="virginia_regression._11_Verify_Promise_NotKept"/>
  <testcase name="_12_businessdatebacktoOriginal" time="12.83" classname="virginia_regression._11_Verify_Promise_NotKept"/>
  <testcase name="_13_log_out_teller" time="2.99" classname="virginia_regression._11_Verify_Promise_NotKept"/>
</testsuite> <!-- Regression Test_VA_LOC -->
