<?xml version="1.0" encoding="UTF-8"?>
<!-- Generated by org.testng.reporters.JUnitXMLReporter -->
<testsuite hostname="GARIMA7LT" name="Regression Test Data Entry" tests="20" failures="4" timestamp="19 Jun 2017 17:45:24 GMT" time="1869.39" errors="0">
  <testcase name="_1_navigate_to_eCashURL" time="9.383" classname="aml_regression._1_AML_TestScenarios"/>
  <testcase name="_2_store_login" time="11.568" classname="aml_regression._1_AML_TestScenarios"/>
  <testcase name="_3_admin_login" time="19.404" classname="aml_regression._1_AML_TestScenarios"/>
  <testcase name="_4_AML" time="503.023" classname="aml_regression._1_AML_TestScenarios">
    <failure type="org.openqa.selenium.TimeoutException" message="Timed out after 30 seconds waiting for visibility of element located by By.xpath: .//*[@id=&amp;apos;ctl00_ctl00_MainContent_ChildContent1_ctl20_pnlList&amp;apos;]/table/tbody/tr/td
Build info: version: &amp;apos;2.47.1&amp;apos;, revision: &amp;apos;411b314&amp;apos;, time: &amp;apos;2015-07-30 02:56:46&amp;apos;
System info: host: &amp;apos;GARIMA7LT&amp;apos;, ip: &amp;apos;10.130.0.96&amp;apos;, os.name: &amp;apos;Windows 10&amp;apos;, os.arch: &amp;apos;amd64&amp;apos;, os.version: &amp;apos;10.0&amp;apos;, java.version: &amp;apos;1.8.0_121&amp;apos;
Driver info: org.openqa.selenium.firefox.FirefoxDriver
Capabilities [{applicationCacheEnabled=true, rotatable=false, handlesAlerts=true, databaseEnabled=true, version=42.0, platform=WINDOWS, nativeEvents=false, acceptSslCerts=true, webStorageEnabled=true, locationContextEnabled=true, browserName=firefox, takesScreenshot=true, javascriptEnabled=true, cssSelectorsEnabled=true}]
Session ID: ac5ba96f-751a-4a7c-91a6-a5a0724839cf">
      <![CDATA[org.openqa.selenium.TimeoutException: Timed out after 30 seconds waiting for visibility of element located by By.xpath: .//*[@id='ctl00_ctl00_MainContent_ChildContent1_ctl20_pnlList']/table/tbody/tr/td
Build info: version: '2.47.1', revision: '411b314', time: '2015-07-30 02:56:46'
System info: host: 'GARIMA7LT', ip: '10.130.0.96', os.name: 'Windows 10', os.arch: 'amd64', os.version: '10.0', java.version: '1.8.0_121'
Driver info: org.openqa.selenium.firefox.FirefoxDriver
Capabilities [{applicationCacheEnabled=true, rotatable=false, handlesAlerts=true, databaseEnabled=true, version=42.0, platform=WINDOWS, nativeEvents=false, acceptSslCerts=true, webStorageEnabled=true, locationContextEnabled=true, browserName=firefox, takesScreenshot=true, javascriptEnabled=true, cssSelectorsEnabled=true}]
Session ID: ac5ba96f-751a-4a7c-91a6-a5a0724839cf
	at org.openqa.selenium.support.ui.WebDriverWait.timeoutException(WebDriverWait.java:80)
	at org.openqa.selenium.support.ui.FluentWait.until(FluentWait.java:229)
	at Functions.Function_AML.MoneyOrder_WithCart(Function_AML.java:279)
	at aml_regression._1_AML_TestScenarios._4_AML(_1_AML_TestScenarios.java:348)
Caused by: org.openqa.selenium.NoSuchElementException: Unable to locate element: {"method":"xpath","selector":".//*[@id='ctl00_ctl00_MainContent_ChildContent1_ctl20_pnlList']/table/tbody/tr/td"}
Command duration or timeout: 29 milliseconds
For documentation on this error, please visit: http://seleniumhq.org/exceptions/no_such_element.html
Build info: version: '2.47.1', revision: '411b314', time: '2015-07-30 02:56:46'
System info: host: 'GARIMA7LT', ip: '10.130.0.96', os.name: 'Windows 10', os.arch: 'amd64', os.version: '10.0', java.version: '1.8.0_121'
Driver info: org.openqa.selenium.firefox.FirefoxDriver
Capabilities [{applicationCacheEnabled=true, rotatable=false, handlesAlerts=true, databaseEnabled=true, version=42.0, platform=WINDOWS, nativeEvents=false, acceptSslCerts=true, webStorageEnabled=true, locationContextEnabled=true, browserName=firefox, takesScreenshot=true, javascriptEnabled=true, cssSelectorsEnabled=true}]
Session ID: ac5ba96f-751a-4a7c-91a6-a5a0724839cf
*** Element info: {Using=xpath, value=.//*[@id='ctl00_ctl00_MainContent_ChildContent1_ctl20_pnlList']/table/tbody/tr/td}
	at org.openqa.selenium.remote.ErrorHandler.createThrowable(ErrorHandler.java:206)
	at org.openqa.selenium.remote.ErrorHandler.throwIfResponseFailed(ErrorHandler.java:158)
	at org.openqa.selenium.remote.RemoteWebDriver.execute(RemoteWebDriver.java:595)
	at org.openqa.selenium.remote.RemoteWebDriver.findElement(RemoteWebDriver.java:348)
	at org.openqa.selenium.remote.RemoteWebDriver.findElementByXPath(RemoteWebDriver.java:445)
	at org.openqa.selenium.By$ByXPath.findElement(By.java:358)
	at org.openqa.selenium.remote.RemoteWebDriver.findElement(RemoteWebDriver.java:340)
	at org.openqa.selenium.support.ui.ExpectedConditions.findElement(ExpectedConditions.java:861)
	at org.openqa.selenium.support.ui.ExpectedConditions.access$0(ExpectedConditions.java:859)
	at org.openqa.selenium.support.ui.ExpectedConditions$7.apply(ExpectedConditions.java:205)
	at org.openqa.selenium.support.ui.ExpectedConditions$7.apply(ExpectedConditions.java:1)
	at org.openqa.selenium.support.ui.FluentWait.until(FluentWait.java:209)
	... 26 more
Caused by: org.openqa.selenium.NoSuchElementException: Unable to locate element: {"method":"xpath","selector":".//*[@id='ctl00_ctl00_MainContent_ChildContent1_ctl20_pnlList']/table/tbody/tr/td"}
For documentation on this error, please visit: http://seleniumhq.org/exceptions/no_such_element.html
Build info: version: '2.47.1', revision: '411b314', time: '2015-07-30 02:56:46'
System info: host: 'GARIMA7LT', ip: '10.130.0.96', os.name: 'Windows 10', os.arch: 'amd64', os.version: '10.0', java.version: '1.8.0_121'
Driver info: driver.version: unknown
	at <anonymous class>.FirefoxDriver.prototype.findElementInternal_(file:///C:/Users/garima/AppData/Local/Temp/anonymous8254665354576395288webdriver-profile/extensions/fxdriver@googlecode.com/components/driver-component.js:10667)
	at <anonymous class>.FirefoxDriver.prototype.findElement(file:///C:/Users/garima/AppData/Local/Temp/anonymous8254665354576395288webdriver-profile/extensions/fxdriver@googlecode.com/components/driver-component.js:10676)
	at <anonymous class>.DelayedCommand.prototype.executeInternal_/h(file:///C:/Users/garima/AppData/Local/Temp/anonymous8254665354576395288webdriver-profile/extensions/fxdriver@googlecode.com/components/command-processor.js:12643)
	at <anonymous class>.DelayedCommand.prototype.executeInternal_(file:///C:/Users/garima/AppData/Local/Temp/anonymous8254665354576395288webdriver-profile/extensions/fxdriver@googlecode.com/components/command-processor.js:12648)
	at <anonymous class>.DelayedCommand.prototype.execute/<(file:///C:/Users/garima/AppData/Local/Temp/anonymous8254665354576395288webdriver-profile/extensions/fxdriver@googlecode.com/components/command-processor.js:12590)
... Removed 27 stack frames]]>
    </failure>
  </testcase> <!-- _4_AML -->
  <testcase name="_5_CloseBrowser" time="3.389" classname="aml_regression._1_AML_TestScenarios"/>
  <testcase name="_1_navigate_to_eCashURL" time="6.696" classname="aml_regression._2_CTR_TestScenarios"/>
  <testcase name="_2_store_login" time="20.475" classname="aml_regression._2_CTR_TestScenarios"/>
  <testcase name="_3_admin_login" time="16.433" classname="aml_regression._2_CTR_TestScenarios"/>
  <testcase name="_4_AML" time="777.65" classname="aml_regression._2_CTR_TestScenarios">
    <failure type="org.openqa.selenium.TimeoutException" message="Timed out after 30 seconds waiting for visibility of element located by By.xpath: .//*[@id=&amp;apos;ctl00_ctl00_MainContent_ChildContent1_btnStep3_Submit&amp;apos;]
Build info: version: &amp;apos;2.47.1&amp;apos;, revision: &amp;apos;411b314&amp;apos;, time: &amp;apos;2015-07-30 02:56:46&amp;apos;
System info: host: &amp;apos;GARIMA7LT&amp;apos;, ip: &amp;apos;10.130.0.96&amp;apos;, os.name: &amp;apos;Windows 10&amp;apos;, os.arch: &amp;apos;amd64&amp;apos;, os.version: &amp;apos;10.0&amp;apos;, java.version: &amp;apos;1.8.0_121&amp;apos;
Driver info: org.openqa.selenium.firefox.FirefoxDriver
Capabilities [{applicationCacheEnabled=true, rotatable=false, handlesAlerts=true, databaseEnabled=true, version=42.0, platform=WINDOWS, nativeEvents=false, acceptSslCerts=true, webStorageEnabled=true, locationContextEnabled=true, browserName=firefox, takesScreenshot=true, javascriptEnabled=true, cssSelectorsEnabled=true}]
Session ID: f6ef072b-c46d-4510-91c3-3547c5c61a9d">
      <![CDATA[org.openqa.selenium.TimeoutException: Timed out after 30 seconds waiting for visibility of element located by By.xpath: .//*[@id='ctl00_ctl00_MainContent_ChildContent1_btnStep3_Submit']
Build info: version: '2.47.1', revision: '411b314', time: '2015-07-30 02:56:46'
System info: host: 'GARIMA7LT', ip: '10.130.0.96', os.name: 'Windows 10', os.arch: 'amd64', os.version: '10.0', java.version: '1.8.0_121'
Driver info: org.openqa.selenium.firefox.FirefoxDriver
Capabilities [{applicationCacheEnabled=true, rotatable=false, handlesAlerts=true, databaseEnabled=true, version=42.0, platform=WINDOWS, nativeEvents=false, acceptSslCerts=true, webStorageEnabled=true, locationContextEnabled=true, browserName=firefox, takesScreenshot=true, javascriptEnabled=true, cssSelectorsEnabled=true}]
Session ID: f6ef072b-c46d-4510-91c3-3547c5c61a9d
	at org.openqa.selenium.support.ui.WebDriverWait.timeoutException(WebDriverWait.java:80)
	at org.openqa.selenium.support.ui.FluentWait.until(FluentWait.java:229)
	at Functions.Function_AML.LoanPayment_NoCart(Function_AML.java:2113)
	at aml_regression._2_CTR_TestScenarios._4_AML(_2_CTR_TestScenarios.java:648)
Caused by: org.openqa.selenium.NoSuchElementException: Unable to locate element: {"method":"xpath","selector":".//*[@id='ctl00_ctl00_MainContent_ChildContent1_btnStep3_Submit']"}
Command duration or timeout: 35 milliseconds
For documentation on this error, please visit: http://seleniumhq.org/exceptions/no_such_element.html
Build info: version: '2.47.1', revision: '411b314', time: '2015-07-30 02:56:46'
System info: host: 'GARIMA7LT', ip: '10.130.0.96', os.name: 'Windows 10', os.arch: 'amd64', os.version: '10.0', java.version: '1.8.0_121'
Driver info: org.openqa.selenium.firefox.FirefoxDriver
Capabilities [{applicationCacheEnabled=true, rotatable=false, handlesAlerts=true, databaseEnabled=true, version=42.0, platform=WINDOWS, nativeEvents=false, acceptSslCerts=true, webStorageEnabled=true, locationContextEnabled=true, browserName=firefox, takesScreenshot=true, javascriptEnabled=true, cssSelectorsEnabled=true}]
Session ID: f6ef072b-c46d-4510-91c3-3547c5c61a9d
*** Element info: {Using=xpath, value=.//*[@id='ctl00_ctl00_MainContent_ChildContent1_btnStep3_Submit']}
	at org.openqa.selenium.remote.ErrorHandler.createThrowable(ErrorHandler.java:206)
	at org.openqa.selenium.remote.ErrorHandler.throwIfResponseFailed(ErrorHandler.java:158)
	at org.openqa.selenium.remote.RemoteWebDriver.execute(RemoteWebDriver.java:595)
	at org.openqa.selenium.remote.RemoteWebDriver.findElement(RemoteWebDriver.java:348)
	at org.openqa.selenium.remote.RemoteWebDriver.findElementByXPath(RemoteWebDriver.java:445)
	at org.openqa.selenium.By$ByXPath.findElement(By.java:358)
	at org.openqa.selenium.remote.RemoteWebDriver.findElement(RemoteWebDriver.java:340)
	at org.openqa.selenium.support.ui.ExpectedConditions.findElement(ExpectedConditions.java:861)
	at org.openqa.selenium.support.ui.ExpectedConditions.access$0(ExpectedConditions.java:859)
	at org.openqa.selenium.support.ui.ExpectedConditions$7.apply(ExpectedConditions.java:205)
	at org.openqa.selenium.support.ui.ExpectedConditions$7.apply(ExpectedConditions.java:1)
	at org.openqa.selenium.support.ui.FluentWait.until(FluentWait.java:209)
	... 26 more
Caused by: org.openqa.selenium.NoSuchElementException: Unable to locate element: {"method":"xpath","selector":".//*[@id='ctl00_ctl00_MainContent_ChildContent1_btnStep3_Submit']"}
For documentation on this error, please visit: http://seleniumhq.org/exceptions/no_such_element.html
Build info: version: '2.47.1', revision: '411b314', time: '2015-07-30 02:56:46'
System info: host: 'GARIMA7LT', ip: '10.130.0.96', os.name: 'Windows 10', os.arch: 'amd64', os.version: '10.0', java.version: '1.8.0_121'
Driver info: driver.version: unknown
	at <anonymous class>.FirefoxDriver.prototype.findElementInternal_(file:///C:/Users/garima/AppData/Local/Temp/anonymous3200016809786700755webdriver-profile/extensions/fxdriver@googlecode.com/components/driver-component.js:10667)
	at <anonymous class>.FirefoxDriver.prototype.findElement(file:///C:/Users/garima/AppData/Local/Temp/anonymous3200016809786700755webdriver-profile/extensions/fxdriver@googlecode.com/components/driver-component.js:10676)
	at <anonymous class>.DelayedCommand.prototype.executeInternal_/h(file:///C:/Users/garima/AppData/Local/Temp/anonymous3200016809786700755webdriver-profile/extensions/fxdriver@googlecode.com/components/command-processor.js:12643)
	at <anonymous class>.DelayedCommand.prototype.executeInternal_(file:///C:/Users/garima/AppData/Local/Temp/anonymous3200016809786700755webdriver-profile/extensions/fxdriver@googlecode.com/components/command-processor.js:12648)
	at <anonymous class>.DelayedCommand.prototype.execute/<(file:///C:/Users/garima/AppData/Local/Temp/anonymous3200016809786700755webdriver-profile/extensions/fxdriver@googlecode.com/components/command-processor.js:12590)
... Removed 27 stack frames]]>
    </failure>
  </testcase> <!-- _4_AML -->
  <testcase name="_5_CloseBrowser" time="5.403" classname="aml_regression._2_CTR_TestScenarios"/>
  <testcase name="_1_navigate_to_eCashURL" time="11.747" classname="aml_regression._3_AML_CTR_TestScenarios"/>
  <testcase name="_2_store_login" time="12.293" classname="aml_regression._3_AML_CTR_TestScenarios"/>
  <testcase name="_3_admin_login" time="18.151" classname="aml_regression._3_AML_CTR_TestScenarios"/>
  <testcase name="_4_AML" time="114.417" classname="aml_regression._3_AML_CTR_TestScenarios">
    <failure type="org.openqa.selenium.TimeoutException" message="Timed out after 30 seconds waiting for visibility of element located by By.xpath: .//*[@id=&amp;apos;ctl00_ctl00_MainContent_ChildContent1_cbNonIntegrated&amp;apos;]
Build info: version: &amp;apos;2.47.1&amp;apos;, revision: &amp;apos;411b314&amp;apos;, time: &amp;apos;2015-07-30 02:56:46&amp;apos;
System info: host: &amp;apos;GARIMA7LT&amp;apos;, ip: &amp;apos;10.130.0.96&amp;apos;, os.name: &amp;apos;Windows 10&amp;apos;, os.arch: &amp;apos;amd64&amp;apos;, os.version: &amp;apos;10.0&amp;apos;, java.version: &amp;apos;1.8.0_121&amp;apos;
Driver info: org.openqa.selenium.firefox.FirefoxDriver
Capabilities [{applicationCacheEnabled=true, rotatable=false, handlesAlerts=true, databaseEnabled=true, version=42.0, platform=WINDOWS, nativeEvents=false, acceptSslCerts=true, webStorageEnabled=true, locationContextEnabled=true, browserName=firefox, takesScreenshot=true, javascriptEnabled=true, cssSelectorsEnabled=true}]
Session ID: aac2deb9-d40c-4599-8adc-f92666ee916f">
      <![CDATA[org.openqa.selenium.TimeoutException: Timed out after 30 seconds waiting for visibility of element located by By.xpath: .//*[@id='ctl00_ctl00_MainContent_ChildContent1_cbNonIntegrated']
Build info: version: '2.47.1', revision: '411b314', time: '2015-07-30 02:56:46'
System info: host: 'GARIMA7LT', ip: '10.130.0.96', os.name: 'Windows 10', os.arch: 'amd64', os.version: '10.0', java.version: '1.8.0_121'
Driver info: org.openqa.selenium.firefox.FirefoxDriver
Capabilities [{applicationCacheEnabled=true, rotatable=false, handlesAlerts=true, databaseEnabled=true, version=42.0, platform=WINDOWS, nativeEvents=false, acceptSslCerts=true, webStorageEnabled=true, locationContextEnabled=true, browserName=firefox, takesScreenshot=true, javascriptEnabled=true, cssSelectorsEnabled=true}]
Session ID: aac2deb9-d40c-4599-8adc-f92666ee916f
	at org.openqa.selenium.support.ui.WebDriverWait.timeoutException(WebDriverWait.java:80)
	at org.openqa.selenium.support.ui.FluentWait.until(FluentWait.java:229)
	at Functions.Function_AML.InsightCardLoad_NoCart(Function_AML.java:701)
	at aml_regression._3_AML_CTR_TestScenarios._4_AML(_3_AML_CTR_TestScenarios.java:493)
Caused by: org.openqa.selenium.NoSuchElementException: Unable to locate element: {"method":"xpath","selector":".//*[@id='ctl00_ctl00_MainContent_ChildContent1_cbNonIntegrated']"}
Command duration or timeout: 42 milliseconds
For documentation on this error, please visit: http://seleniumhq.org/exceptions/no_such_element.html
Build info: version: '2.47.1', revision: '411b314', time: '2015-07-30 02:56:46'
System info: host: 'GARIMA7LT', ip: '10.130.0.96', os.name: 'Windows 10', os.arch: 'amd64', os.version: '10.0', java.version: '1.8.0_121'
Driver info: org.openqa.selenium.firefox.FirefoxDriver
Capabilities [{applicationCacheEnabled=true, rotatable=false, handlesAlerts=true, databaseEnabled=true, version=42.0, platform=WINDOWS, nativeEvents=false, acceptSslCerts=true, webStorageEnabled=true, locationContextEnabled=true, browserName=firefox, takesScreenshot=true, javascriptEnabled=true, cssSelectorsEnabled=true}]
Session ID: aac2deb9-d40c-4599-8adc-f92666ee916f
*** Element info: {Using=xpath, value=.//*[@id='ctl00_ctl00_MainContent_ChildContent1_cbNonIntegrated']}
	at org.openqa.selenium.remote.ErrorHandler.createThrowable(ErrorHandler.java:206)
	at org.openqa.selenium.remote.ErrorHandler.throwIfResponseFailed(ErrorHandler.java:158)
	at org.openqa.selenium.remote.RemoteWebDriver.execute(RemoteWebDriver.java:595)
	at org.openqa.selenium.remote.RemoteWebDriver.findElement(RemoteWebDriver.java:348)
	at org.openqa.selenium.remote.RemoteWebDriver.findElementByXPath(RemoteWebDriver.java:445)
	at org.openqa.selenium.By$ByXPath.findElement(By.java:358)
	at org.openqa.selenium.remote.RemoteWebDriver.findElement(RemoteWebDriver.java:340)
	at org.openqa.selenium.support.ui.ExpectedConditions.findElement(ExpectedConditions.java:861)
	at org.openqa.selenium.support.ui.ExpectedConditions.access$0(ExpectedConditions.java:859)
	at org.openqa.selenium.support.ui.ExpectedConditions$7.apply(ExpectedConditions.java:205)
	at org.openqa.selenium.support.ui.ExpectedConditions$7.apply(ExpectedConditions.java:1)
	at org.openqa.selenium.support.ui.FluentWait.until(FluentWait.java:209)
	... 26 more
Caused by: org.openqa.selenium.NoSuchElementException: Unable to locate element: {"method":"xpath","selector":".//*[@id='ctl00_ctl00_MainContent_ChildContent1_cbNonIntegrated']"}
For documentation on this error, please visit: http://seleniumhq.org/exceptions/no_such_element.html
Build info: version: '2.47.1', revision: '411b314', time: '2015-07-30 02:56:46'
System info: host: 'GARIMA7LT', ip: '10.130.0.96', os.name: 'Windows 10', os.arch: 'amd64', os.version: '10.0', java.version: '1.8.0_121'
Driver info: driver.version: unknown
	at <anonymous class>.FirefoxDriver.prototype.findElementInternal_(file:///C:/Users/garima/AppData/Local/Temp/anonymous5025154858584218461webdriver-profile/extensions/fxdriver@googlecode.com/components/driver-component.js:10667)
	at <anonymous class>.FirefoxDriver.prototype.findElement(file:///C:/Users/garima/AppData/Local/Temp/anonymous5025154858584218461webdriver-profile/extensions/fxdriver@googlecode.com/components/driver-component.js:10676)
	at <anonymous class>.DelayedCommand.prototype.executeInternal_/h(file:///C:/Users/garima/AppData/Local/Temp/anonymous5025154858584218461webdriver-profile/extensions/fxdriver@googlecode.com/components/command-processor.js:12643)
	at <anonymous class>.DelayedCommand.prototype.executeInternal_(file:///C:/Users/garima/AppData/Local/Temp/anonymous5025154858584218461webdriver-profile/extensions/fxdriver@googlecode.com/components/command-processor.js:12648)
	at <anonymous class>.DelayedCommand.prototype.execute/<(file:///C:/Users/garima/AppData/Local/Temp/anonymous5025154858584218461webdriver-profile/extensions/fxdriver@googlecode.com/components/command-processor.js:12590)
... Removed 27 stack frames]]>
    </failure>
  </testcase> <!-- _4_AML -->
  <testcase name="_5_CloseBrowser" time="5.122" classname="aml_regression._3_AML_CTR_TestScenarios"/>
  <testcase name="_1_navigate_to_eCashURL" time="7.582" classname="aml_regression._4_NA_TestScenarios"/>
  <testcase name="_2_store_login" time="9.672" classname="aml_regression._4_NA_TestScenarios"/>
  <testcase name="_3_admin_login" time="18.734" classname="aml_regression._4_NA_TestScenarios"/>
  <testcase name="_4_AML" time="292.895" classname="aml_regression._4_NA_TestScenarios">
    <failure type="org.openqa.selenium.WebDriverException" message="unknown error: Element &amp;lt;a id=&amp;quot;ctl00_ctl00_MainContent_ChildContent1_lnkEdit&amp;quot; href=&amp;quot;store.aspx?action=edit&amp;amp;amp;id=127&amp;quot;&amp;gt;...&amp;lt;/a&amp;gt; is not clickable at point (1830, 6). Other element would receive the click: &amp;lt;div id=&amp;quot;ctl00_ctl00_AppHeader_pnlCompanyMsg&amp;quot; class=&amp;quot;corp-msg&amp;quot;&amp;gt;...&amp;lt;/div&amp;gt;
  (Session info: chrome=58.0.3029.110)
  (Driver info: chromedriver=2.28.455520 (cc17746adff54984afff480136733114c6b3704b),platform=Windows NT 10.0.14393 x86_64) (WARNING: The server did not provide any stacktrace information)
Command duration or timeout: 67 milliseconds
Build info: version: &amp;apos;2.47.1&amp;apos;, revision: &amp;apos;411b314&amp;apos;, time: &amp;apos;2015-07-30 02:56:46&amp;apos;
System info: host: &amp;apos;GARIMA7LT&amp;apos;, ip: &amp;apos;10.130.0.96&amp;apos;, os.name: &amp;apos;Windows 10&amp;apos;, os.arch: &amp;apos;amd64&amp;apos;, os.version: &amp;apos;10.0&amp;apos;, java.version: &amp;apos;1.8.0_121&amp;apos;
Driver info: org.openqa.selenium.chrome.ChromeDriver
Capabilities [{applicationCacheEnabled=false, rotatable=false, mobileEmulationEnabled=false, networkConnectionEnabled=false, chrome={chromedriverVersion=2.28.455520 (cc17746adff54984afff480136733114c6b3704b), userDataDir=C:\Users\garima\AppData\Local\Temp\scoped_dir10548_18434}, takesHeapSnapshot=true, pageLoadStrategy=normal, databaseEnabled=false, handlesAlerts=true, hasTouchScreen=false, version=58.0.3029.110, platform=XP, browserConnectionEnabled=false, nativeEvents=true, acceptSslCerts=true, locationContextEnabled=true, webStorageEnabled=true, browserName=chrome, takesScreenshot=true, javascriptEnabled=true, cssSelectorsEnabled=true, unexpectedAlertBehaviour=}]
Session ID: 3757074cdf85bf65bac97f22b7704c49">
      <![CDATA[org.openqa.selenium.WebDriverException: unknown error: Element <a id="ctl00_ctl00_MainContent_ChildContent1_lnkEdit" href="store.aspx?action=edit&amp;id=127">...</a> is not clickable at point (1830, 6). Other element would receive the click: <div id="ctl00_ctl00_AppHeader_pnlCompanyMsg" class="corp-msg">...</div>
  (Session info: chrome=58.0.3029.110)
  (Driver info: chromedriver=2.28.455520 (cc17746adff54984afff480136733114c6b3704b),platform=Windows NT 10.0.14393 x86_64) (WARNING: The server did not provide any stacktrace information)
Command duration or timeout: 67 milliseconds
Build info: version: '2.47.1', revision: '411b314', time: '2015-07-30 02:56:46'
System info: host: 'GARIMA7LT', ip: '10.130.0.96', os.name: 'Windows 10', os.arch: 'amd64', os.version: '10.0', java.version: '1.8.0_121'
Driver info: org.openqa.selenium.chrome.ChromeDriver
Capabilities [{applicationCacheEnabled=false, rotatable=false, mobileEmulationEnabled=false, networkConnectionEnabled=false, chrome={chromedriverVersion=2.28.455520 (cc17746adff54984afff480136733114c6b3704b), userDataDir=C:\Users\garima\AppData\Local\Temp\scoped_dir10548_18434}, takesHeapSnapshot=true, pageLoadStrategy=normal, databaseEnabled=false, handlesAlerts=true, hasTouchScreen=false, version=58.0.3029.110, platform=XP, browserConnectionEnabled=false, nativeEvents=true, acceptSslCerts=true, locationContextEnabled=true, webStorageEnabled=true, browserName=chrome, takesScreenshot=true, javascriptEnabled=true, cssSelectorsEnabled=true, unexpectedAlertBehaviour=}]
Session ID: 3757074cdf85bf65bac97f22b7704c49
	at org.openqa.selenium.remote.ErrorHandler.createThrowable(ErrorHandler.java:206)
	at org.openqa.selenium.remote.ErrorHandler.throwIfResponseFailed(ErrorHandler.java:158)
	at org.openqa.selenium.remote.RemoteWebDriver.execute(RemoteWebDriver.java:595)
	at org.openqa.selenium.remote.RemoteWebElement.execute(RemoteWebElement.java:273)
	at org.openqa.selenium.remote.RemoteWebElement.click(RemoteWebElement.java:84)
	at aml_regression._4_NA_TestScenarios._4_AML(_4_NA_TestScenarios.java:360)
... Removed 28 stack frames]]>
    </failure>
  </testcase> <!-- _4_AML -->
  <testcase name="_5_CloseBrowser" time="5.321" classname="aml_regression._4_NA_TestScenarios"/>
</testsuite> <!-- Regression Test Data Entry -->
