<html>
<head>
<title>TestNG:  Regression Test_VA_LOC</title>
<link href="../testng.css" rel="stylesheet" type="text/css" />
<link href="../my-testng.css" rel="stylesheet" type="text/css" />

<style type="text/css">
.log { display: none;} 
.stack-trace { display: none;} 
</style>
<script type="text/javascript">
<!--
function flip(e) {
  current = e.style.display;
  if (current == 'block') {
    e.style.display = 'none';
    return 0;
  }
  else {
    e.style.display = 'block';
    return 1;
  }
}

function toggleBox(szDivId, elem, msg1, msg2)
{
  var res = -1;  if (document.getElementById) {
    res = flip(document.getElementById(szDivId));
  }
  else if (document.all) {
    // this is the way old msie versions work
    res = flip(document.all[szDivId]);
  }
  if(elem) {
    if(res == 0) elem.innerHTML = msg1; else elem.innerHTML = msg2;
  }

}

function toggleAllBoxes() {
  if (document.getElementsByTagName) {
    d = document.getElementsByTagName('div');
    for (i = 0; i < d.length; i++) {
      if (d[i].className == 'log') {
        flip(d[i]);
      }
    }
  }
}

// -->
</script>

</head>
<body>
<h2 align='center'>Regression Test_VA_LOC</h2><table border='1' align="center">
<tr>
<td>Tests passed/Failed/Skipped:</td><td>79/16/0</td>
</tr><tr>
<td>Started on:</td><td>Fri Jun 16 11:43:33 EDT 2017</td>
</tr>
<tr><td>Total time:</td><td>2152 seconds (2152985 ms)</td>
</tr><tr>
<td>Included groups:</td><td></td>
</tr><tr>
<td>Excluded groups:</td><td></td>
</tr>
</table><p/>
<small><i>(Hover the method name to see the test class name)</i></small><p/>
<table width='100%' border='1' class='invocation-failed'>
<tr><td colspan='4' align='center'><b>FAILED TESTS</b></td></tr>
<tr><td><b>Test method</b></td>
<td width="30%"><b>Exception</b></td>
<td width="10%"><b>Time (seconds)</b></td>
<td><b>Instance</b></td>
</tr>
<tr>
<td title='virginia_regression._10_Verify_Promise_Kept._10_homescreen_2days_priortoapptdt()'><b>_10_homescreen_2days_priortoapptdt</b><br>Test class: virginia_regression._10_Verify_Promise_Kept</td>
<td><div><pre>java.lang.AssertionError: expected [N/A] but found [-]
	at virginia_regression._10_Verify_Promise_Kept._10_homescreen_2days_priortoapptdt(_10_Verify_Promise_Kept.java:827)
... Removed 29 stack frames</pre></div><a href='#' onClick='toggleBox("stack-trace1064528406", this, "Click to show all stack frames", "Click to hide stack frames")'>Click to show all stack frames</a>
<div class='stack-trace' id='stack-trace1064528406'><pre>java.lang.AssertionError: expected [N/A] but found [-]
	at org.testng.Assert.fail(Assert.java:94)
	at org.testng.Assert.failNotEquals(Assert.java:494)
	at org.testng.Assert.assertEquals(Assert.java:123)
	at org.testng.Assert.assertEquals(Assert.java:176)
	at org.testng.Assert.assertEquals(Assert.java:186)
	at virginia_regression._10_Verify_Promise_Kept._10_homescreen_2days_priortoapptdt(_10_Verify_Promise_Kept.java:827)
	at sun.reflect.NativeMethodAccessorImpl.invoke0(Native Method)
	at sun.reflect.NativeMethodAccessorImpl.invoke(Unknown Source)
	at sun.reflect.DelegatingMethodAccessorImpl.invoke(Unknown Source)
	at java.lang.reflect.Method.invoke(Unknown Source)
	at org.testng.internal.MethodInvocationHelper.invokeMethod(MethodInvocationHelper.java:84)
	at org.testng.internal.Invoker.invokeMethod(Invoker.java:714)
	at org.testng.internal.Invoker.invokeTestMethod(Invoker.java:901)
	at org.testng.internal.Invoker.invokeTestMethods(Invoker.java:1231)
	at org.testng.internal.TestMethodWorker.invokeTestMethods(TestMethodWorker.java:127)
	at org.testng.internal.TestMethodWorker.run(TestMethodWorker.java:111)
	at org.testng.TestRunner.privateRun(TestRunner.java:767)
	at org.testng.TestRunner.run(TestRunner.java:617)
	at org.testng.SuiteRunner.runTest(SuiteRunner.java:334)
	at org.testng.SuiteRunner.runSequentially(SuiteRunner.java:329)
	at org.testng.SuiteRunner.privateRun(SuiteRunner.java:291)
	at org.testng.SuiteRunner.run(SuiteRunner.java:240)
	at org.testng.SuiteRunnerWorker.runSuite(SuiteRunnerWorker.java:52)
	at org.testng.SuiteRunnerWorker.run(SuiteRunnerWorker.java:86)
	at org.testng.TestNG.runSuitesSequentially(TestNG.java:1224)
	at org.testng.TestNG.runSuitesLocally(TestNG.java:1149)
	at org.testng.TestNG.run(TestNG.java:1057)
	at org.testng.remote.RemoteTestNG.run(RemoteTestNG.java:111)
	at org.testng.remote.RemoteTestNG.initAndRun(RemoteTestNG.java:204)
	at org.testng.remote.RemoteTestNG.main(RemoteTestNG.java:175)
</pre></div></td>
<td>0</td>
<td>virginia_regression._10_Verify_Promise_Kept@1e643faf</td></tr>
<tr>
<td title='virginia_regression._10_Verify_Promise_Kept._11_homescreen_on_apptdtbeforepayment()'><b>_11_homescreen_on_apptdtbeforepayment</b><br>Test class: virginia_regression._10_Verify_Promise_Kept</td>
<td><div><pre>java.lang.AssertionError: expected [N/A] but found [-]
	at virginia_regression._10_Verify_Promise_Kept._11_homescreen_on_apptdtbeforepayment(_10_Verify_Promise_Kept.java:1028)
... Removed 29 stack frames</pre></div><a href='#' onClick='toggleBox("stack-trace1622362417", this, "Click to show all stack frames", "Click to hide stack frames")'>Click to show all stack frames</a>
<div class='stack-trace' id='stack-trace1622362417'><pre>java.lang.AssertionError: expected [N/A] but found [-]
	at org.testng.Assert.fail(Assert.java:94)
	at org.testng.Assert.failNotEquals(Assert.java:494)
	at org.testng.Assert.assertEquals(Assert.java:123)
	at org.testng.Assert.assertEquals(Assert.java:176)
	at org.testng.Assert.assertEquals(Assert.java:186)
	at virginia_regression._10_Verify_Promise_Kept._11_homescreen_on_apptdtbeforepayment(_10_Verify_Promise_Kept.java:1028)
	at sun.reflect.NativeMethodAccessorImpl.invoke0(Native Method)
	at sun.reflect.NativeMethodAccessorImpl.invoke(Unknown Source)
	at sun.reflect.DelegatingMethodAccessorImpl.invoke(Unknown Source)
	at java.lang.reflect.Method.invoke(Unknown Source)
	at org.testng.internal.MethodInvocationHelper.invokeMethod(MethodInvocationHelper.java:84)
	at org.testng.internal.Invoker.invokeMethod(Invoker.java:714)
	at org.testng.internal.Invoker.invokeTestMethod(Invoker.java:901)
	at org.testng.internal.Invoker.invokeTestMethods(Invoker.java:1231)
	at org.testng.internal.TestMethodWorker.invokeTestMethods(TestMethodWorker.java:127)
	at org.testng.internal.TestMethodWorker.run(TestMethodWorker.java:111)
	at org.testng.TestRunner.privateRun(TestRunner.java:767)
	at org.testng.TestRunner.run(TestRunner.java:617)
	at org.testng.SuiteRunner.runTest(SuiteRunner.java:334)
	at org.testng.SuiteRunner.runSequentially(SuiteRunner.java:329)
	at org.testng.SuiteRunner.privateRun(SuiteRunner.java:291)
	at org.testng.SuiteRunner.run(SuiteRunner.java:240)
	at org.testng.SuiteRunnerWorker.runSuite(SuiteRunnerWorker.java:52)
	at org.testng.SuiteRunnerWorker.run(SuiteRunnerWorker.java:86)
	at org.testng.TestNG.runSuitesSequentially(TestNG.java:1224)
	at org.testng.TestNG.runSuitesLocally(TestNG.java:1149)
	at org.testng.TestNG.run(TestNG.java:1057)
	at org.testng.remote.RemoteTestNG.run(RemoteTestNG.java:111)
	at org.testng.remote.RemoteTestNG.initAndRun(RemoteTestNG.java:204)
	at org.testng.remote.RemoteTestNG.main(RemoteTestNG.java:175)
</pre></div></td>
<td>0</td>
<td>virginia_regression._10_Verify_Promise_Kept@1e643faf</td></tr>
<tr>
<td title='virginia_regression._9_Verify_RP_Contractual_LateStatus._11_teller_logout()'><b>_11_teller_logout</b><br>Test class: virginia_regression._9_Verify_RP_Contractual_LateStatus</td>
<td><div><pre>org.openqa.selenium.NoSuchElementException: Unable to locate element: {&quot;method&quot;:&quot;xpath&quot;,&quot;selector&quot;:&quot;.//*[@id=&apos;menuv2&apos;]/li[7]/a&quot;}
Command duration or timeout: 105 milliseconds
For documentation on this error, please visit: http://seleniumhq.org/exceptions/no_such_element.html
Build info: version: &apos;2.47.1&apos;, revision: &apos;411b314&apos;, time: &apos;2015-07-30 02:56:46&apos;
System info: host: &apos;GARIMA7LT&apos;, ip: &apos;10.130.0.96&apos;, os.name: &apos;Windows 10&apos;, os.arch: &apos;amd64&apos;, os.version: &apos;10.0&apos;, java.version: &apos;1.8.0_121&apos;
Driver info: org.openqa.selenium.firefox.FirefoxDriver
Capabilities [{applicationCacheEnabled=true, rotatable=false, handlesAlerts=true, databaseEnabled=true, version=42.0, platform=WINDOWS, nativeEvents=false, acceptSslCerts=true, webStorageEnabled=true, locationContextEnabled=true, browserName=firefox, takesScreenshot=true, javascriptEnabled=true, cssSelectorsEnabled=true}]
Session ID: 0f09a6c4-f70c-47d5-9510-df9e81a55f5b
*** Element info: {Using=xpath, value=.//*[@id=&apos;menuv2&apos;]/li[7]/a}
	at org.openqa.selenium.remote.ErrorHandler.createThrowable(ErrorHandler.java:206)
	at org.openqa.selenium.remote.ErrorHandler.throwIfResponseFailed(ErrorHandler.java:158)
	at org.openqa.selenium.remote.RemoteWebDriver.execute(RemoteWebDriver.java:595)
	at org.openqa.selenium.remote.RemoteWebDriver.findElement(RemoteWebDriver.java:348)
	at org.openqa.selenium.remote.RemoteWebDriver.findElementByXPath(RemoteWebDriver.java:445)
	at org.openqa.selenium.By$ByXPath.findElement(By.java:358)
	at org.openqa.selenium.remote.RemoteWebDriver.findElement(RemoteWebDriver.java:340)
	at Functions.Function_Classes.logout(Function_Classes.java:78)
	at virginia_regression._9_Verify_RP_Contractual_LateStatus._11_teller_logout(_9_Verify_RP_Contractual_LateStatus.java:532)
Caused by: org.openqa.selenium.NoSuchElementException: Unable to locate element: {&quot;method&quot;:&quot;xpath&quot;,&quot;selector&quot;:&quot;.//*[@id=&apos;menuv2&apos;]/li[7]/a&quot;}
For documentation on this error, please visit: http://seleniumhq.org/exceptions/no_such_element.html
Build info: version: &apos;2.47.1&apos;, revision: &apos;411b314&apos;, time: &apos;2015-07-30 02:56:46&apos;
System info: host: &apos;GARIMA7LT&apos;, ip: &apos;10.130.0.96&apos;, os.name: &apos;Windows 10&apos;, os.arch: &apos;amd64&apos;, os.version: &apos;10.0&apos;, java.version: &apos;1.8.0_121&apos;
Driver info: driver.version: unknown
	at &lt;anonymous class&gt;.FirefoxDriver.prototype.findElementInternal_(file:///C:/Users/garima/AppData/Local/Temp/anonymous2970677779249622708webdriver-profile/extensions/fxdriver@googlecode.com/components/driver-component.js:10667)
	at &lt;anonymous class&gt;.FirefoxDriver.prototype.findElement(file:///C:/Users/garima/AppData/Local/Temp/anonymous2970677779249622708webdriver-profile/extensions/fxdriver@googlecode.com/components/driver-component.js:10676)
	at &lt;anonymous class&gt;.DelayedCommand.prototype.executeInternal_/h(file:///C:/Users/garima/AppData/Local/Temp/anonymous2970677779249622708webdriver-profile/extensions/fxdriver@googlecode.com/components/command-processor.js:12643)
	at &lt;anonymous class&gt;.DelayedCommand.prototype.executeInternal_(file:///C:/Users/garima/AppData/Local/Temp/anonymous2970677779249622708webdriver-profile/extensions/fxdriver@googlecode.com/components/command-processor.js:12648)
	at &lt;anonymous class&gt;.DelayedCommand.prototype.execute/&lt;(file:///C:/Users/garima/AppData/Local/Temp/anonymous2970677779249622708webdriver-profile/extensions/fxdriver@googlecode.com/components/command-processor.js:12590)
... Removed 27 stack frames</pre></div><a href='#' onClick='toggleBox("stack-trace1350894905", this, "Click to show all stack frames", "Click to hide stack frames")'>Click to show all stack frames</a>
<div class='stack-trace' id='stack-trace1350894905'><pre>org.openqa.selenium.NoSuchElementException: Unable to locate element: {&quot;method&quot;:&quot;xpath&quot;,&quot;selector&quot;:&quot;.//*[@id=&apos;menuv2&apos;]/li[7]/a&quot;}
Command duration or timeout: 105 milliseconds
For documentation on this error, please visit: http://seleniumhq.org/exceptions/no_such_element.html
Build info: version: &apos;2.47.1&apos;, revision: &apos;411b314&apos;, time: &apos;2015-07-30 02:56:46&apos;
System info: host: &apos;GARIMA7LT&apos;, ip: &apos;10.130.0.96&apos;, os.name: &apos;Windows 10&apos;, os.arch: &apos;amd64&apos;, os.version: &apos;10.0&apos;, java.version: &apos;1.8.0_121&apos;
Driver info: org.openqa.selenium.firefox.FirefoxDriver
Capabilities [{applicationCacheEnabled=true, rotatable=false, handlesAlerts=true, databaseEnabled=true, version=42.0, platform=WINDOWS, nativeEvents=false, acceptSslCerts=true, webStorageEnabled=true, locationContextEnabled=true, browserName=firefox, takesScreenshot=true, javascriptEnabled=true, cssSelectorsEnabled=true}]
Session ID: 0f09a6c4-f70c-47d5-9510-df9e81a55f5b
*** Element info: {Using=xpath, value=.//*[@id=&apos;menuv2&apos;]/li[7]/a}
	at sun.reflect.GeneratedConstructorAccessor24.newInstance(Unknown Source)
	at sun.reflect.DelegatingConstructorAccessorImpl.newInstance(Unknown Source)
	at java.lang.reflect.Constructor.newInstance(Unknown Source)
	at org.openqa.selenium.remote.ErrorHandler.createThrowable(ErrorHandler.java:206)
	at org.openqa.selenium.remote.ErrorHandler.throwIfResponseFailed(ErrorHandler.java:158)
	at org.openqa.selenium.remote.RemoteWebDriver.execute(RemoteWebDriver.java:595)
	at org.openqa.selenium.remote.RemoteWebDriver.findElement(RemoteWebDriver.java:348)
	at org.openqa.selenium.remote.RemoteWebDriver.findElementByXPath(RemoteWebDriver.java:445)
	at org.openqa.selenium.By$ByXPath.findElement(By.java:358)
	at org.openqa.selenium.remote.RemoteWebDriver.findElement(RemoteWebDriver.java:340)
	at Functions.Function_Classes.logout(Function_Classes.java:78)
	at virginia_regression._9_Verify_RP_Contractual_LateStatus._11_teller_logout(_9_Verify_RP_Contractual_LateStatus.java:532)
	at sun.reflect.NativeMethodAccessorImpl.invoke0(Native Method)
	at sun.reflect.NativeMethodAccessorImpl.invoke(Unknown Source)
	at sun.reflect.DelegatingMethodAccessorImpl.invoke(Unknown Source)
	at java.lang.reflect.Method.invoke(Unknown Source)
	at org.testng.internal.MethodInvocationHelper.invokeMethod(MethodInvocationHelper.java:84)
	at org.testng.internal.Invoker.invokeMethod(Invoker.java:714)
	at org.testng.internal.Invoker.invokeTestMethod(Invoker.java:901)
	at org.testng.internal.Invoker.invokeTestMethods(Invoker.java:1231)
	at org.testng.internal.TestMethodWorker.invokeTestMethods(TestMethodWorker.java:127)
	at org.testng.internal.TestMethodWorker.run(TestMethodWorker.java:111)
	at org.testng.TestRunner.privateRun(TestRunner.java:767)
	at org.testng.TestRunner.run(TestRunner.java:617)
	at org.testng.SuiteRunner.runTest(SuiteRunner.java:334)
	at org.testng.SuiteRunner.runSequentially(SuiteRunner.java:329)
	at org.testng.SuiteRunner.privateRun(SuiteRunner.java:291)
	at org.testng.SuiteRunner.run(SuiteRunner.java:240)
	at org.testng.SuiteRunnerWorker.runSuite(SuiteRunnerWorker.java:52)
	at org.testng.SuiteRunnerWorker.run(SuiteRunnerWorker.java:86)
	at org.testng.TestNG.runSuitesSequentially(TestNG.java:1224)
	at org.testng.TestNG.runSuitesLocally(TestNG.java:1149)
	at org.testng.TestNG.run(TestNG.java:1057)
	at org.testng.remote.RemoteTestNG.run(RemoteTestNG.java:111)
	at org.testng.remote.RemoteTestNG.initAndRun(RemoteTestNG.java:204)
	at org.testng.remote.RemoteTestNG.main(RemoteTestNG.java:175)
Caused by: org.openqa.selenium.NoSuchElementException: Unable to locate element: {&quot;method&quot;:&quot;xpath&quot;,&quot;selector&quot;:&quot;.//*[@id=&apos;menuv2&apos;]/li[7]/a&quot;}
For documentation on this error, please visit: http://seleniumhq.org/exceptions/no_such_element.html
Build info: version: &apos;2.47.1&apos;, revision: &apos;411b314&apos;, time: &apos;2015-07-30 02:56:46&apos;
System info: host: &apos;GARIMA7LT&apos;, ip: &apos;10.130.0.96&apos;, os.name: &apos;Windows 10&apos;, os.arch: &apos;amd64&apos;, os.version: &apos;10.0&apos;, java.version: &apos;1.8.0_121&apos;
Driver info: driver.version: unknown
	at &lt;anonymous class&gt;.FirefoxDriver.prototype.findElementInternal_(file:///C:/Users/garima/AppData/Local/Temp/anonymous2970677779249622708webdriver-profile/extensions/fxdriver@googlecode.com/components/driver-component.js:10667)
	at &lt;anonymous class&gt;.FirefoxDriver.prototype.findElement(file:///C:/Users/garima/AppData/Local/Temp/anonymous2970677779249622708webdriver-profile/extensions/fxdriver@googlecode.com/components/driver-component.js:10676)
	at &lt;anonymous class&gt;.DelayedCommand.prototype.executeInternal_/h(file:///C:/Users/garima/AppData/Local/Temp/anonymous2970677779249622708webdriver-profile/extensions/fxdriver@googlecode.com/components/command-processor.js:12643)
	at &lt;anonymous class&gt;.DelayedCommand.prototype.executeInternal_(file:///C:/Users/garima/AppData/Local/Temp/anonymous2970677779249622708webdriver-profile/extensions/fxdriver@googlecode.com/components/command-processor.js:12648)
	at &lt;anonymous class&gt;.DelayedCommand.prototype.execute/&lt;(file:///C:/Users/garima/AppData/Local/Temp/anonymous2970677779249622708webdriver-profile/extensions/fxdriver@googlecode.com/components/command-processor.js:12590)
</pre></div></td>
<td>2</td>
<td>virginia_regression._9_Verify_RP_Contractual_LateStatus@6a5fc7f7</td></tr>
<tr>
<td title='virginia_regression._10_Verify_Promise_Kept._12_homescreen_on_apptdtpostpayment()'><b>_12_homescreen_on_apptdtpostpayment</b><br>Test class: virginia_regression._10_Verify_Promise_Kept</td>
<td><div><pre>java.lang.AssertionError: expected [N/A] but found [-]
	at virginia_regression._10_Verify_Promise_Kept._12_homescreen_on_apptdtpostpayment(_10_Verify_Promise_Kept.java:1109)
... Removed 29 stack frames</pre></div><a href='#' onClick='toggleBox("stack-trace1899145692", this, "Click to show all stack frames", "Click to hide stack frames")'>Click to show all stack frames</a>
<div class='stack-trace' id='stack-trace1899145692'><pre>java.lang.AssertionError: expected [N/A] but found [-]
	at org.testng.Assert.fail(Assert.java:94)
	at org.testng.Assert.failNotEquals(Assert.java:494)
	at org.testng.Assert.assertEquals(Assert.java:123)
	at org.testng.Assert.assertEquals(Assert.java:176)
	at org.testng.Assert.assertEquals(Assert.java:186)
	at virginia_regression._10_Verify_Promise_Kept._12_homescreen_on_apptdtpostpayment(_10_Verify_Promise_Kept.java:1109)
	at sun.reflect.NativeMethodAccessorImpl.invoke0(Native Method)
	at sun.reflect.NativeMethodAccessorImpl.invoke(Unknown Source)
	at sun.reflect.DelegatingMethodAccessorImpl.invoke(Unknown Source)
	at java.lang.reflect.Method.invoke(Unknown Source)
	at org.testng.internal.MethodInvocationHelper.invokeMethod(MethodInvocationHelper.java:84)
	at org.testng.internal.Invoker.invokeMethod(Invoker.java:714)
	at org.testng.internal.Invoker.invokeTestMethod(Invoker.java:901)
	at org.testng.internal.Invoker.invokeTestMethods(Invoker.java:1231)
	at org.testng.internal.TestMethodWorker.invokeTestMethods(TestMethodWorker.java:127)
	at org.testng.internal.TestMethodWorker.run(TestMethodWorker.java:111)
	at org.testng.TestRunner.privateRun(TestRunner.java:767)
	at org.testng.TestRunner.run(TestRunner.java:617)
	at org.testng.SuiteRunner.runTest(SuiteRunner.java:334)
	at org.testng.SuiteRunner.runSequentially(SuiteRunner.java:329)
	at org.testng.SuiteRunner.privateRun(SuiteRunner.java:291)
	at org.testng.SuiteRunner.run(SuiteRunner.java:240)
	at org.testng.SuiteRunnerWorker.runSuite(SuiteRunnerWorker.java:52)
	at org.testng.SuiteRunnerWorker.run(SuiteRunnerWorker.java:86)
	at org.testng.TestNG.runSuitesSequentially(TestNG.java:1224)
	at org.testng.TestNG.runSuitesLocally(TestNG.java:1149)
	at org.testng.TestNG.run(TestNG.java:1057)
	at org.testng.remote.RemoteTestNG.run(RemoteTestNG.java:111)
	at org.testng.remote.RemoteTestNG.initAndRun(RemoteTestNG.java:204)
	at org.testng.remote.RemoteTestNG.main(RemoteTestNG.java:175)
</pre></div></td>
<td>0</td>
<td>virginia_regression._10_Verify_Promise_Kept@1e643faf</td></tr>
<tr>
<td title='virginia_regression._3_Verify_LOC_RPPay_Draw_Cdt_Eql._3_LOC_RPDraw_equals_Credit()'><b>_3_LOC_RPDraw_equals_Credit</b><br>Test class: virginia_regression._3_Verify_LOC_RPPay_Draw_Cdt_Eql</td>
<td><div><pre>org.openqa.selenium.TimeoutException: Timed out after 30 seconds waiting for visibility of element located by By.xpath: .//*[@id=&apos;Left&apos;]/a[5]
Build info: version: &apos;2.47.1&apos;, revision: &apos;411b314&apos;, time: &apos;2015-07-30 02:56:46&apos;
System info: host: &apos;GARIMA7LT&apos;, ip: &apos;10.130.0.96&apos;, os.name: &apos;Windows 10&apos;, os.arch: &apos;amd64&apos;, os.version: &apos;10.0&apos;, java.version: &apos;1.8.0_121&apos;
Driver info: org.openqa.selenium.firefox.FirefoxDriver
Capabilities [{applicationCacheEnabled=true, rotatable=false, handlesAlerts=true, databaseEnabled=true, version=42.0, platform=WINDOWS, nativeEvents=false, acceptSslCerts=true, webStorageEnabled=true, locationContextEnabled=true, browserName=firefox, takesScreenshot=true, javascriptEnabled=true, cssSelectorsEnabled=true}]
Session ID: 95ca6037-4110-4182-9d92-b7509110fb60
	at org.openqa.selenium.support.ui.WebDriverWait.timeoutException(WebDriverWait.java:80)
	at org.openqa.selenium.support.ui.FluentWait.until(FluentWait.java:229)
	at virginia_regression._3_Verify_LOC_RPPay_Draw_Cdt_Eql._3_LOC_RPDraw_equals_Credit(_3_Verify_LOC_RPPay_Draw_Cdt_Eql.java:127)
Caused by: org.openqa.selenium.NoSuchElementException: Unable to locate element: {&quot;method&quot;:&quot;xpath&quot;,&quot;selector&quot;:&quot;.//*[@id=&apos;Left&apos;]/a[5]&quot;}
Command duration or timeout: 23 milliseconds
For documentation on this error, please visit: http://seleniumhq.org/exceptions/no_such_element.html
Build info: version: &apos;2.47.1&apos;, revision: &apos;411b314&apos;, time: &apos;2015-07-30 02:56:46&apos;
System info: host: &apos;GARIMA7LT&apos;, ip: &apos;10.130.0.96&apos;, os.name: &apos;Windows 10&apos;, os.arch: &apos;amd64&apos;, os.version: &apos;10.0&apos;, java.version: &apos;1.8.0_121&apos;
Driver info: org.openqa.selenium.firefox.FirefoxDriver
Capabilities [{applicationCacheEnabled=true, rotatable=false, handlesAlerts=true, databaseEnabled=true, version=42.0, platform=WINDOWS, nativeEvents=false, acceptSslCerts=true, webStorageEnabled=true, locationContextEnabled=true, browserName=firefox, takesScreenshot=true, javascriptEnabled=true, cssSelectorsEnabled=true}]
Session ID: 95ca6037-4110-4182-9d92-b7509110fb60
*** Element info: {Using=xpath, value=.//*[@id=&apos;Left&apos;]/a[5]}
	at org.openqa.selenium.remote.ErrorHandler.createThrowable(ErrorHandler.java:206)
	at org.openqa.selenium.remote.ErrorHandler.throwIfResponseFailed(ErrorHandler.java:158)
	at org.openqa.selenium.remote.RemoteWebDriver.execute(RemoteWebDriver.java:595)
	at org.openqa.selenium.remote.RemoteWebDriver.findElement(RemoteWebDriver.java:348)
	at org.openqa.selenium.remote.RemoteWebDriver.findElementByXPath(RemoteWebDriver.java:445)
	at org.openqa.selenium.By$ByXPath.findElement(By.java:358)
	at org.openqa.selenium.remote.RemoteWebDriver.findElement(RemoteWebDriver.java:340)
	at org.openqa.selenium.support.ui.ExpectedConditions.findElement(ExpectedConditions.java:861)
	at org.openqa.selenium.support.ui.ExpectedConditions.access$0(ExpectedConditions.java:859)
	at org.openqa.selenium.support.ui.ExpectedConditions$7.apply(ExpectedConditions.java:205)
	at org.openqa.selenium.support.ui.ExpectedConditions$7.apply(ExpectedConditions.java:1)
	at org.openqa.selenium.support.ui.FluentWait.until(FluentWait.java:209)
	... 25 more
Caused by: org.openqa.selenium.NoSuchElementException: Unable to locate element: {&quot;method&quot;:&quot;xpath&quot;,&quot;selector&quot;:&quot;.//*[@id=&apos;Left&apos;]/a[5]&quot;}
For documentation on this error, please visit: http://seleniumhq.org/exceptions/no_such_element.html
Build info: version: &apos;2.47.1&apos;, revision: &apos;411b314&apos;, time: &apos;2015-07-30 02:56:46&apos;
System info: host: &apos;GARIMA7LT&apos;, ip: &apos;10.130.0.96&apos;, os.name: &apos;Windows 10&apos;, os.arch: &apos;amd64&apos;, os.version: &apos;10.0&apos;, java.version: &apos;1.8.0_121&apos;
Driver info: driver.version: unknown
	at &lt;anonymous class&gt;.FirefoxDriver.prototype.findElementInternal_(file:///C:/Users/garima/AppData/Local/Temp/anonymous1277065909008877629webdriver-profile/extensions/fxdriver@googlecode.com/components/driver-component.js:10667)
	at &lt;anonymous class&gt;.FirefoxDriver.prototype.findElement(file:///C:/Users/garima/AppData/Local/Temp/anonymous1277065909008877629webdriver-profile/extensions/fxdriver@googlecode.com/components/driver-component.js:10676)
	at &lt;anonymous class&gt;.DelayedCommand.prototype.executeInternal_/h(file:///C:/Users/garima/AppData/Local/Temp/anonymous1277065909008877629webdriver-profile/extensions/fxdriver@googlecode.com/components/command-processor.js:12643)
	at &lt;anonymous class&gt;.DelayedCommand.prototype.executeInternal_(file:///C:/Users/garima/AppData/Local/Temp/anonymous1277065909008877629webdriver-profile/extensions/fxdriver@googlecode.com/components/command-processor.js:12648)
	at &lt;anonymous class&gt;.DelayedCommand.prototype.execute/&lt;(file:///C:/Users/garima/AppData/Local/Temp/anonymous1277065909008877629webdriver-profile/extensions/fxdriver@googlecode.com/components/command-processor.js:12590)
... Removed 27 stack frames</pre></div><a href='#' onClick='toggleBox("stack-trace161118423", this, "Click to show all stack frames", "Click to hide stack frames")'>Click to show all stack frames</a>
<div class='stack-trace' id='stack-trace161118423'><pre>org.openqa.selenium.TimeoutException: Timed out after 30 seconds waiting for visibility of element located by By.xpath: .//*[@id=&apos;Left&apos;]/a[5]
Build info: version: &apos;2.47.1&apos;, revision: &apos;411b314&apos;, time: &apos;2015-07-30 02:56:46&apos;
System info: host: &apos;GARIMA7LT&apos;, ip: &apos;10.130.0.96&apos;, os.name: &apos;Windows 10&apos;, os.arch: &apos;amd64&apos;, os.version: &apos;10.0&apos;, java.version: &apos;1.8.0_121&apos;
Driver info: org.openqa.selenium.firefox.FirefoxDriver
Capabilities [{applicationCacheEnabled=true, rotatable=false, handlesAlerts=true, databaseEnabled=true, version=42.0, platform=WINDOWS, nativeEvents=false, acceptSslCerts=true, webStorageEnabled=true, locationContextEnabled=true, browserName=firefox, takesScreenshot=true, javascriptEnabled=true, cssSelectorsEnabled=true}]
Session ID: 95ca6037-4110-4182-9d92-b7509110fb60
	at org.openqa.selenium.support.ui.WebDriverWait.timeoutException(WebDriverWait.java:80)
	at org.openqa.selenium.support.ui.FluentWait.until(FluentWait.java:229)
	at virginia_regression._3_Verify_LOC_RPPay_Draw_Cdt_Eql._3_LOC_RPDraw_equals_Credit(_3_Verify_LOC_RPPay_Draw_Cdt_Eql.java:127)
	at sun.reflect.NativeMethodAccessorImpl.invoke0(Native Method)
	at sun.reflect.NativeMethodAccessorImpl.invoke(Unknown Source)
	at sun.reflect.DelegatingMethodAccessorImpl.invoke(Unknown Source)
	at java.lang.reflect.Method.invoke(Unknown Source)
	at org.testng.internal.MethodInvocationHelper.invokeMethod(MethodInvocationHelper.java:84)
	at org.testng.internal.Invoker.invokeMethod(Invoker.java:714)
	at org.testng.internal.Invoker.invokeTestMethod(Invoker.java:901)
	at org.testng.internal.Invoker.invokeTestMethods(Invoker.java:1231)
	at org.testng.internal.TestMethodWorker.invokeTestMethods(TestMethodWorker.java:127)
	at org.testng.internal.TestMethodWorker.run(TestMethodWorker.java:111)
	at org.testng.TestRunner.privateRun(TestRunner.java:767)
	at org.testng.TestRunner.run(TestRunner.java:617)
	at org.testng.SuiteRunner.runTest(SuiteRunner.java:334)
	at org.testng.SuiteRunner.runSequentially(SuiteRunner.java:329)
	at org.testng.SuiteRunner.privateRun(SuiteRunner.java:291)
	at org.testng.SuiteRunner.run(SuiteRunner.java:240)
	at org.testng.SuiteRunnerWorker.runSuite(SuiteRunnerWorker.java:52)
	at org.testng.SuiteRunnerWorker.run(SuiteRunnerWorker.java:86)
	at org.testng.TestNG.runSuitesSequentially(TestNG.java:1224)
	at org.testng.TestNG.runSuitesLocally(TestNG.java:1149)
	at org.testng.TestNG.run(TestNG.java:1057)
	at org.testng.remote.RemoteTestNG.run(RemoteTestNG.java:111)
	at org.testng.remote.RemoteTestNG.initAndRun(RemoteTestNG.java:204)
	at org.testng.remote.RemoteTestNG.main(RemoteTestNG.java:175)
Caused by: org.openqa.selenium.NoSuchElementException: Unable to locate element: {&quot;method&quot;:&quot;xpath&quot;,&quot;selector&quot;:&quot;.//*[@id=&apos;Left&apos;]/a[5]&quot;}
Command duration or timeout: 23 milliseconds
For documentation on this error, please visit: http://seleniumhq.org/exceptions/no_such_element.html
Build info: version: &apos;2.47.1&apos;, revision: &apos;411b314&apos;, time: &apos;2015-07-30 02:56:46&apos;
System info: host: &apos;GARIMA7LT&apos;, ip: &apos;10.130.0.96&apos;, os.name: &apos;Windows 10&apos;, os.arch: &apos;amd64&apos;, os.version: &apos;10.0&apos;, java.version: &apos;1.8.0_121&apos;
Driver info: org.openqa.selenium.firefox.FirefoxDriver
Capabilities [{applicationCacheEnabled=true, rotatable=false, handlesAlerts=true, databaseEnabled=true, version=42.0, platform=WINDOWS, nativeEvents=false, acceptSslCerts=true, webStorageEnabled=true, locationContextEnabled=true, browserName=firefox, takesScreenshot=true, javascriptEnabled=true, cssSelectorsEnabled=true}]
Session ID: 95ca6037-4110-4182-9d92-b7509110fb60
*** Element info: {Using=xpath, value=.//*[@id=&apos;Left&apos;]/a[5]}
	at sun.reflect.GeneratedConstructorAccessor24.newInstance(Unknown Source)
	at sun.reflect.DelegatingConstructorAccessorImpl.newInstance(Unknown Source)
	at java.lang.reflect.Constructor.newInstance(Unknown Source)
	at org.openqa.selenium.remote.ErrorHandler.createThrowable(ErrorHandler.java:206)
	at org.openqa.selenium.remote.ErrorHandler.throwIfResponseFailed(ErrorHandler.java:158)
	at org.openqa.selenium.remote.RemoteWebDriver.execute(RemoteWebDriver.java:595)
	at org.openqa.selenium.remote.RemoteWebDriver.findElement(RemoteWebDriver.java:348)
	at org.openqa.selenium.remote.RemoteWebDriver.findElementByXPath(RemoteWebDriver.java:445)
	at org.openqa.selenium.By$ByXPath.findElement(By.java:358)
	at org.openqa.selenium.remote.RemoteWebDriver.findElement(RemoteWebDriver.java:340)
	at org.openqa.selenium.support.ui.ExpectedConditions.findElement(ExpectedConditions.java:861)
	at org.openqa.selenium.support.ui.ExpectedConditions.access$0(ExpectedConditions.java:859)
	at org.openqa.selenium.support.ui.ExpectedConditions$7.apply(ExpectedConditions.java:205)
	at org.openqa.selenium.support.ui.ExpectedConditions$7.apply(ExpectedConditions.java:1)
	at org.openqa.selenium.support.ui.FluentWait.until(FluentWait.java:209)
	... 25 more
Caused by: org.openqa.selenium.NoSuchElementException: Unable to locate element: {&quot;method&quot;:&quot;xpath&quot;,&quot;selector&quot;:&quot;.//*[@id=&apos;Left&apos;]/a[5]&quot;}
For documentation on this error, please visit: http://seleniumhq.org/exceptions/no_such_element.html
Build info: version: &apos;2.47.1&apos;, revision: &apos;411b314&apos;, time: &apos;2015-07-30 02:56:46&apos;
System info: host: &apos;GARIMA7LT&apos;, ip: &apos;10.130.0.96&apos;, os.name: &apos;Windows 10&apos;, os.arch: &apos;amd64&apos;, os.version: &apos;10.0&apos;, java.version: &apos;1.8.0_121&apos;
Driver info: driver.version: unknown
	at &lt;anonymous class&gt;.FirefoxDriver.prototype.findElementInternal_(file:///C:/Users/garima/AppData/Local/Temp/anonymous1277065909008877629webdriver-profile/extensions/fxdriver@googlecode.com/components/driver-component.js:10667)
	at &lt;anonymous class&gt;.FirefoxDriver.prototype.findElement(file:///C:/Users/garima/AppData/Local/Temp/anonymous1277065909008877629webdriver-profile/extensions/fxdriver@googlecode.com/components/driver-component.js:10676)
	at &lt;anonymous class&gt;.DelayedCommand.prototype.executeInternal_/h(file:///C:/Users/garima/AppData/Local/Temp/anonymous1277065909008877629webdriver-profile/extensions/fxdriver@googlecode.com/components/command-processor.js:12643)
	at &lt;anonymous class&gt;.DelayedCommand.prototype.executeInternal_(file:///C:/Users/garima/AppData/Local/Temp/anonymous1277065909008877629webdriver-profile/extensions/fxdriver@googlecode.com/components/command-processor.js:12648)
	at &lt;anonymous class&gt;.DelayedCommand.prototype.execute/&lt;(file:///C:/Users/garima/AppData/Local/Temp/anonymous1277065909008877629webdriver-profile/extensions/fxdriver@googlecode.com/components/command-processor.js:12590)
</pre></div></td>
<td>30</td>
<td>virginia_regression._3_Verify_LOC_RPPay_Draw_Cdt_Eql@3ac3fd8b</td></tr>
<tr>
<td title='virginia_regression._10_Verify_Promise_Kept._4_LOC_Creation()'><b>_4_LOC_Creation</b><br>Test class: virginia_regression._10_Verify_Promise_Kept</td>
<td><div><pre>org.openqa.selenium.TimeoutException: Timed out after 30 seconds waiting for visibility of element located by By.xpath: .//*[@id=&apos;ctl00_ctl00_MainContent_ChildContent1_FrmCustGeneral_lnkNewTrans&apos;]
Build info: version: &apos;2.47.1&apos;, revision: &apos;411b314&apos;, time: &apos;2015-07-30 02:56:46&apos;
System info: host: &apos;GARIMA7LT&apos;, ip: &apos;10.130.0.96&apos;, os.name: &apos;Windows 10&apos;, os.arch: &apos;amd64&apos;, os.version: &apos;10.0&apos;, java.version: &apos;1.8.0_121&apos;
Driver info: org.openqa.selenium.firefox.FirefoxDriver
Capabilities [{applicationCacheEnabled=true, rotatable=false, handlesAlerts=true, databaseEnabled=true, version=42.0, platform=WINDOWS, nativeEvents=false, acceptSslCerts=true, webStorageEnabled=true, locationContextEnabled=true, browserName=firefox, takesScreenshot=true, javascriptEnabled=true, cssSelectorsEnabled=true}]
Session ID: ea98155f-e796-49e3-a164-f2f4fea58445
	at org.openqa.selenium.support.ui.WebDriverWait.timeoutException(WebDriverWait.java:80)
	at org.openqa.selenium.support.ui.FluentWait.until(FluentWait.java:229)
	at virginia_regression._10_Verify_Promise_Kept._4_LOC_Creation(_10_Verify_Promise_Kept.java:307)
Caused by: org.openqa.selenium.NoSuchElementException: Unable to locate element: {&quot;method&quot;:&quot;xpath&quot;,&quot;selector&quot;:&quot;.//*[@id=&apos;ctl00_ctl00_MainContent_ChildContent1_FrmCustGeneral_lnkNewTrans&apos;]&quot;}
Command duration or timeout: 29 milliseconds
For documentation on this error, please visit: http://seleniumhq.org/exceptions/no_such_element.html
Build info: version: &apos;2.47.1&apos;, revision: &apos;411b314&apos;, time: &apos;2015-07-30 02:56:46&apos;
System info: host: &apos;GARIMA7LT&apos;, ip: &apos;10.130.0.96&apos;, os.name: &apos;Windows 10&apos;, os.arch: &apos;amd64&apos;, os.version: &apos;10.0&apos;, java.version: &apos;1.8.0_121&apos;
Driver info: org.openqa.selenium.firefox.FirefoxDriver
Capabilities [{applicationCacheEnabled=true, rotatable=false, handlesAlerts=true, databaseEnabled=true, version=42.0, platform=WINDOWS, nativeEvents=false, acceptSslCerts=true, webStorageEnabled=true, locationContextEnabled=true, browserName=firefox, takesScreenshot=true, javascriptEnabled=true, cssSelectorsEnabled=true}]
Session ID: ea98155f-e796-49e3-a164-f2f4fea58445
*** Element info: {Using=xpath, value=.//*[@id=&apos;ctl00_ctl00_MainContent_ChildContent1_FrmCustGeneral_lnkNewTrans&apos;]}
	at org.openqa.selenium.remote.ErrorHandler.createThrowable(ErrorHandler.java:206)
	at org.openqa.selenium.remote.ErrorHandler.throwIfResponseFailed(ErrorHandler.java:158)
	at org.openqa.selenium.remote.RemoteWebDriver.execute(RemoteWebDriver.java:595)
	at org.openqa.selenium.remote.RemoteWebDriver.findElement(RemoteWebDriver.java:348)
	at org.openqa.selenium.remote.RemoteWebDriver.findElementByXPath(RemoteWebDriver.java:445)
	at org.openqa.selenium.By$ByXPath.findElement(By.java:358)
	at org.openqa.selenium.remote.RemoteWebDriver.findElement(RemoteWebDriver.java:340)
	at org.openqa.selenium.support.ui.ExpectedConditions.findElement(ExpectedConditions.java:861)
	at org.openqa.selenium.support.ui.ExpectedConditions.access$0(ExpectedConditions.java:859)
	at org.openqa.selenium.support.ui.ExpectedConditions$7.apply(ExpectedConditions.java:205)
	at org.openqa.selenium.support.ui.ExpectedConditions$7.apply(ExpectedConditions.java:1)
	at org.openqa.selenium.support.ui.FluentWait.until(FluentWait.java:209)
	... 25 more
Caused by: org.openqa.selenium.NoSuchElementException: Unable to locate element: {&quot;method&quot;:&quot;xpath&quot;,&quot;selector&quot;:&quot;.//*[@id=&apos;ctl00_ctl00_MainContent_ChildContent1_FrmCustGeneral_lnkNewTrans&apos;]&quot;}
For documentation on this error, please visit: http://seleniumhq.org/exceptions/no_such_element.html
Build info: version: &apos;2.47.1&apos;, revision: &apos;411b314&apos;, time: &apos;2015-07-30 02:56:46&apos;
System info: host: &apos;GARIMA7LT&apos;, ip: &apos;10.130.0.96&apos;, os.name: &apos;Windows 10&apos;, os.arch: &apos;amd64&apos;, os.version: &apos;10.0&apos;, java.version: &apos;1.8.0_121&apos;
Driver info: driver.version: unknown
	at &lt;anonymous class&gt;.FirefoxDriver.prototype.findElementInternal_(file:///C:/Users/garima/AppData/Local/Temp/anonymous745073151672774279webdriver-profile/extensions/fxdriver@googlecode.com/components/driver-component.js:10667)
	at &lt;anonymous class&gt;.FirefoxDriver.prototype.findElement(file:///C:/Users/garima/AppData/Local/Temp/anonymous745073151672774279webdriver-profile/extensions/fxdriver@googlecode.com/components/driver-component.js:10676)
	at &lt;anonymous class&gt;.DelayedCommand.prototype.executeInternal_/h(file:///C:/Users/garima/AppData/Local/Temp/anonymous745073151672774279webdriver-profile/extensions/fxdriver@googlecode.com/components/command-processor.js:12643)
	at &lt;anonymous class&gt;.DelayedCommand.prototype.executeInternal_(file:///C:/Users/garima/AppData/Local/Temp/anonymous745073151672774279webdriver-profile/extensions/fxdriver@googlecode.com/components/command-processor.js:12648)
	at &lt;anonymous class&gt;.DelayedCommand.prototype.execute/&lt;(file:///C:/Users/garima/AppData/Local/Temp/anonymous745073151672774279webdriver-profile/extensions/fxdriver@googlecode.com/components/command-processor.js:12590)
... Removed 27 stack frames</pre></div><a href='#' onClick='toggleBox("stack-trace641011362", this, "Click to show all stack frames", "Click to hide stack frames")'>Click to show all stack frames</a>
<div class='stack-trace' id='stack-trace641011362'><pre>org.openqa.selenium.TimeoutException: Timed out after 30 seconds waiting for visibility of element located by By.xpath: .//*[@id=&apos;ctl00_ctl00_MainContent_ChildContent1_FrmCustGeneral_lnkNewTrans&apos;]
Build info: version: &apos;2.47.1&apos;, revision: &apos;411b314&apos;, time: &apos;2015-07-30 02:56:46&apos;
System info: host: &apos;GARIMA7LT&apos;, ip: &apos;10.130.0.96&apos;, os.name: &apos;Windows 10&apos;, os.arch: &apos;amd64&apos;, os.version: &apos;10.0&apos;, java.version: &apos;1.8.0_121&apos;
Driver info: org.openqa.selenium.firefox.FirefoxDriver
Capabilities [{applicationCacheEnabled=true, rotatable=false, handlesAlerts=true, databaseEnabled=true, version=42.0, platform=WINDOWS, nativeEvents=false, acceptSslCerts=true, webStorageEnabled=true, locationContextEnabled=true, browserName=firefox, takesScreenshot=true, javascriptEnabled=true, cssSelectorsEnabled=true}]
Session ID: ea98155f-e796-49e3-a164-f2f4fea58445
	at org.openqa.selenium.support.ui.WebDriverWait.timeoutException(WebDriverWait.java:80)
	at org.openqa.selenium.support.ui.FluentWait.until(FluentWait.java:229)
	at virginia_regression._10_Verify_Promise_Kept._4_LOC_Creation(_10_Verify_Promise_Kept.java:307)
	at sun.reflect.NativeMethodAccessorImpl.invoke0(Native Method)
	at sun.reflect.NativeMethodAccessorImpl.invoke(Unknown Source)
	at sun.reflect.DelegatingMethodAccessorImpl.invoke(Unknown Source)
	at java.lang.reflect.Method.invoke(Unknown Source)
	at org.testng.internal.MethodInvocationHelper.invokeMethod(MethodInvocationHelper.java:84)
	at org.testng.internal.Invoker.invokeMethod(Invoker.java:714)
	at org.testng.internal.Invoker.invokeTestMethod(Invoker.java:901)
	at org.testng.internal.Invoker.invokeTestMethods(Invoker.java:1231)
	at org.testng.internal.TestMethodWorker.invokeTestMethods(TestMethodWorker.java:127)
	at org.testng.internal.TestMethodWorker.run(TestMethodWorker.java:111)
	at org.testng.TestRunner.privateRun(TestRunner.java:767)
	at org.testng.TestRunner.run(TestRunner.java:617)
	at org.testng.SuiteRunner.runTest(SuiteRunner.java:334)
	at org.testng.SuiteRunner.runSequentially(SuiteRunner.java:329)
	at org.testng.SuiteRunner.privateRun(SuiteRunner.java:291)
	at org.testng.SuiteRunner.run(SuiteRunner.java:240)
	at org.testng.SuiteRunnerWorker.runSuite(SuiteRunnerWorker.java:52)
	at org.testng.SuiteRunnerWorker.run(SuiteRunnerWorker.java:86)
	at org.testng.TestNG.runSuitesSequentially(TestNG.java:1224)
	at org.testng.TestNG.runSuitesLocally(TestNG.java:1149)
	at org.testng.TestNG.run(TestNG.java:1057)
	at org.testng.remote.RemoteTestNG.run(RemoteTestNG.java:111)
	at org.testng.remote.RemoteTestNG.initAndRun(RemoteTestNG.java:204)
	at org.testng.remote.RemoteTestNG.main(RemoteTestNG.java:175)
Caused by: org.openqa.selenium.NoSuchElementException: Unable to locate element: {&quot;method&quot;:&quot;xpath&quot;,&quot;selector&quot;:&quot;.//*[@id=&apos;ctl00_ctl00_MainContent_ChildContent1_FrmCustGeneral_lnkNewTrans&apos;]&quot;}
Command duration or timeout: 29 milliseconds
For documentation on this error, please visit: http://seleniumhq.org/exceptions/no_such_element.html
Build info: version: &apos;2.47.1&apos;, revision: &apos;411b314&apos;, time: &apos;2015-07-30 02:56:46&apos;
System info: host: &apos;GARIMA7LT&apos;, ip: &apos;10.130.0.96&apos;, os.name: &apos;Windows 10&apos;, os.arch: &apos;amd64&apos;, os.version: &apos;10.0&apos;, java.version: &apos;1.8.0_121&apos;
Driver info: org.openqa.selenium.firefox.FirefoxDriver
Capabilities [{applicationCacheEnabled=true, rotatable=false, handlesAlerts=true, databaseEnabled=true, version=42.0, platform=WINDOWS, nativeEvents=false, acceptSslCerts=true, webStorageEnabled=true, locationContextEnabled=true, browserName=firefox, takesScreenshot=true, javascriptEnabled=true, cssSelectorsEnabled=true}]
Session ID: ea98155f-e796-49e3-a164-f2f4fea58445
*** Element info: {Using=xpath, value=.//*[@id=&apos;ctl00_ctl00_MainContent_ChildContent1_FrmCustGeneral_lnkNewTrans&apos;]}
	at sun.reflect.GeneratedConstructorAccessor24.newInstance(Unknown Source)
	at sun.reflect.DelegatingConstructorAccessorImpl.newInstance(Unknown Source)
	at java.lang.reflect.Constructor.newInstance(Unknown Source)
	at org.openqa.selenium.remote.ErrorHandler.createThrowable(ErrorHandler.java:206)
	at org.openqa.selenium.remote.ErrorHandler.throwIfResponseFailed(ErrorHandler.java:158)
	at org.openqa.selenium.remote.RemoteWebDriver.execute(RemoteWebDriver.java:595)
	at org.openqa.selenium.remote.RemoteWebDriver.findElement(RemoteWebDriver.java:348)
	at org.openqa.selenium.remote.RemoteWebDriver.findElementByXPath(RemoteWebDriver.java:445)
	at org.openqa.selenium.By$ByXPath.findElement(By.java:358)
	at org.openqa.selenium.remote.RemoteWebDriver.findElement(RemoteWebDriver.java:340)
	at org.openqa.selenium.support.ui.ExpectedConditions.findElement(ExpectedConditions.java:861)
	at org.openqa.selenium.support.ui.ExpectedConditions.access$0(ExpectedConditions.java:859)
	at org.openqa.selenium.support.ui.ExpectedConditions$7.apply(ExpectedConditions.java:205)
	at org.openqa.selenium.support.ui.ExpectedConditions$7.apply(ExpectedConditions.java:1)
	at org.openqa.selenium.support.ui.FluentWait.until(FluentWait.java:209)
	... 25 more
Caused by: org.openqa.selenium.NoSuchElementException: Unable to locate element: {&quot;method&quot;:&quot;xpath&quot;,&quot;selector&quot;:&quot;.//*[@id=&apos;ctl00_ctl00_MainContent_ChildContent1_FrmCustGeneral_lnkNewTrans&apos;]&quot;}
For documentation on this error, please visit: http://seleniumhq.org/exceptions/no_such_element.html
Build info: version: &apos;2.47.1&apos;, revision: &apos;411b314&apos;, time: &apos;2015-07-30 02:56:46&apos;
System info: host: &apos;GARIMA7LT&apos;, ip: &apos;10.130.0.96&apos;, os.name: &apos;Windows 10&apos;, os.arch: &apos;amd64&apos;, os.version: &apos;10.0&apos;, java.version: &apos;1.8.0_121&apos;
Driver info: driver.version: unknown
	at &lt;anonymous class&gt;.FirefoxDriver.prototype.findElementInternal_(file:///C:/Users/garima/AppData/Local/Temp/anonymous745073151672774279webdriver-profile/extensions/fxdriver@googlecode.com/components/driver-component.js:10667)
	at &lt;anonymous class&gt;.FirefoxDriver.prototype.findElement(file:///C:/Users/garima/AppData/Local/Temp/anonymous745073151672774279webdriver-profile/extensions/fxdriver@googlecode.com/components/driver-component.js:10676)
	at &lt;anonymous class&gt;.DelayedCommand.prototype.executeInternal_/h(file:///C:/Users/garima/AppData/Local/Temp/anonymous745073151672774279webdriver-profile/extensions/fxdriver@googlecode.com/components/command-processor.js:12643)
	at &lt;anonymous class&gt;.DelayedCommand.prototype.executeInternal_(file:///C:/Users/garima/AppData/Local/Temp/anonymous745073151672774279webdriver-profile/extensions/fxdriver@googlecode.com/components/command-processor.js:12648)
	at &lt;anonymous class&gt;.DelayedCommand.prototype.execute/&lt;(file:///C:/Users/garima/AppData/Local/Temp/anonymous745073151672774279webdriver-profile/extensions/fxdriver@googlecode.com/components/command-processor.js:12590)
</pre></div></td>
<td>50</td>
<td>virginia_regression._10_Verify_Promise_Kept@1e643faf</td></tr>
<tr>
<td title='virginia_regression._3_Verify_LOC_RPPay_Draw_Cdt_Eql._4_log_out()'><b>_4_log_out</b><br>Test class: virginia_regression._3_Verify_LOC_RPPay_Draw_Cdt_Eql</td>
<td><div><pre>org.openqa.selenium.TimeoutException: Timed out after 30 seconds waiting for visibility of element located by By.xpath: .//*[@id=&apos;menuv2&apos;]/li[7]/a
Build info: version: &apos;2.47.1&apos;, revision: &apos;411b314&apos;, time: &apos;2015-07-30 02:56:46&apos;
System info: host: &apos;GARIMA7LT&apos;, ip: &apos;10.130.0.96&apos;, os.name: &apos;Windows 10&apos;, os.arch: &apos;amd64&apos;, os.version: &apos;10.0&apos;, java.version: &apos;1.8.0_121&apos;
Driver info: org.openqa.selenium.firefox.FirefoxDriver
Capabilities [{applicationCacheEnabled=true, rotatable=false, handlesAlerts=true, databaseEnabled=true, version=42.0, platform=WINDOWS, nativeEvents=false, acceptSslCerts=true, webStorageEnabled=true, locationContextEnabled=true, browserName=firefox, takesScreenshot=true, javascriptEnabled=true, cssSelectorsEnabled=true}]
Session ID: 95ca6037-4110-4182-9d92-b7509110fb60
	at org.openqa.selenium.support.ui.WebDriverWait.timeoutException(WebDriverWait.java:80)
	at org.openqa.selenium.support.ui.FluentWait.until(FluentWait.java:229)
	at virginia_regression._3_Verify_LOC_RPPay_Draw_Cdt_Eql._4_log_out(_3_Verify_LOC_RPPay_Draw_Cdt_Eql.java:346)
Caused by: org.openqa.selenium.NoSuchElementException: Unable to locate element: {&quot;method&quot;:&quot;xpath&quot;,&quot;selector&quot;:&quot;.//*[@id=&apos;menuv2&apos;]/li[7]/a&quot;}
Command duration or timeout: 19 milliseconds
For documentation on this error, please visit: http://seleniumhq.org/exceptions/no_such_element.html
Build info: version: &apos;2.47.1&apos;, revision: &apos;411b314&apos;, time: &apos;2015-07-30 02:56:46&apos;
System info: host: &apos;GARIMA7LT&apos;, ip: &apos;10.130.0.96&apos;, os.name: &apos;Windows 10&apos;, os.arch: &apos;amd64&apos;, os.version: &apos;10.0&apos;, java.version: &apos;1.8.0_121&apos;
Driver info: org.openqa.selenium.firefox.FirefoxDriver
Capabilities [{applicationCacheEnabled=true, rotatable=false, handlesAlerts=true, databaseEnabled=true, version=42.0, platform=WINDOWS, nativeEvents=false, acceptSslCerts=true, webStorageEnabled=true, locationContextEnabled=true, browserName=firefox, takesScreenshot=true, javascriptEnabled=true, cssSelectorsEnabled=true}]
Session ID: 95ca6037-4110-4182-9d92-b7509110fb60
*** Element info: {Using=xpath, value=.//*[@id=&apos;menuv2&apos;]/li[7]/a}
	at org.openqa.selenium.remote.ErrorHandler.createThrowable(ErrorHandler.java:206)
	at org.openqa.selenium.remote.ErrorHandler.throwIfResponseFailed(ErrorHandler.java:158)
	at org.openqa.selenium.remote.RemoteWebDriver.execute(RemoteWebDriver.java:595)
	at org.openqa.selenium.remote.RemoteWebDriver.findElement(RemoteWebDriver.java:348)
	at org.openqa.selenium.remote.RemoteWebDriver.findElementByXPath(RemoteWebDriver.java:445)
	at org.openqa.selenium.By$ByXPath.findElement(By.java:358)
	at org.openqa.selenium.remote.RemoteWebDriver.findElement(RemoteWebDriver.java:340)
	at org.openqa.selenium.support.ui.ExpectedConditions.findElement(ExpectedConditions.java:861)
	at org.openqa.selenium.support.ui.ExpectedConditions.access$0(ExpectedConditions.java:859)
	at org.openqa.selenium.support.ui.ExpectedConditions$7.apply(ExpectedConditions.java:205)
	at org.openqa.selenium.support.ui.ExpectedConditions$7.apply(ExpectedConditions.java:1)
	at org.openqa.selenium.support.ui.FluentWait.until(FluentWait.java:209)
	... 25 more
Caused by: org.openqa.selenium.NoSuchElementException: Unable to locate element: {&quot;method&quot;:&quot;xpath&quot;,&quot;selector&quot;:&quot;.//*[@id=&apos;menuv2&apos;]/li[7]/a&quot;}
For documentation on this error, please visit: http://seleniumhq.org/exceptions/no_such_element.html
Build info: version: &apos;2.47.1&apos;, revision: &apos;411b314&apos;, time: &apos;2015-07-30 02:56:46&apos;
System info: host: &apos;GARIMA7LT&apos;, ip: &apos;10.130.0.96&apos;, os.name: &apos;Windows 10&apos;, os.arch: &apos;amd64&apos;, os.version: &apos;10.0&apos;, java.version: &apos;1.8.0_121&apos;
Driver info: driver.version: unknown
	at &lt;anonymous class&gt;.FirefoxDriver.prototype.findElementInternal_(file:///C:/Users/garima/AppData/Local/Temp/anonymous1277065909008877629webdriver-profile/extensions/fxdriver@googlecode.com/components/driver-component.js:10667)
	at &lt;anonymous class&gt;.FirefoxDriver.prototype.findElement(file:///C:/Users/garima/AppData/Local/Temp/anonymous1277065909008877629webdriver-profile/extensions/fxdriver@googlecode.com/components/driver-component.js:10676)
	at &lt;anonymous class&gt;.DelayedCommand.prototype.executeInternal_/h(file:///C:/Users/garima/AppData/Local/Temp/anonymous1277065909008877629webdriver-profile/extensions/fxdriver@googlecode.com/components/command-processor.js:12643)
	at &lt;anonymous class&gt;.DelayedCommand.prototype.executeInternal_(file:///C:/Users/garima/AppData/Local/Temp/anonymous1277065909008877629webdriver-profile/extensions/fxdriver@googlecode.com/components/command-processor.js:12648)
	at &lt;anonymous class&gt;.DelayedCommand.prototype.execute/&lt;(file:///C:/Users/garima/AppData/Local/Temp/anonymous1277065909008877629webdriver-profile/extensions/fxdriver@googlecode.com/components/command-processor.js:12590)
... Removed 27 stack frames</pre></div><a href='#' onClick='toggleBox("stack-trace796774130", this, "Click to show all stack frames", "Click to hide stack frames")'>Click to show all stack frames</a>
<div class='stack-trace' id='stack-trace796774130'><pre>org.openqa.selenium.TimeoutException: Timed out after 30 seconds waiting for visibility of element located by By.xpath: .//*[@id=&apos;menuv2&apos;]/li[7]/a
Build info: version: &apos;2.47.1&apos;, revision: &apos;411b314&apos;, time: &apos;2015-07-30 02:56:46&apos;
System info: host: &apos;GARIMA7LT&apos;, ip: &apos;10.130.0.96&apos;, os.name: &apos;Windows 10&apos;, os.arch: &apos;amd64&apos;, os.version: &apos;10.0&apos;, java.version: &apos;1.8.0_121&apos;
Driver info: org.openqa.selenium.firefox.FirefoxDriver
Capabilities [{applicationCacheEnabled=true, rotatable=false, handlesAlerts=true, databaseEnabled=true, version=42.0, platform=WINDOWS, nativeEvents=false, acceptSslCerts=true, webStorageEnabled=true, locationContextEnabled=true, browserName=firefox, takesScreenshot=true, javascriptEnabled=true, cssSelectorsEnabled=true}]
Session ID: 95ca6037-4110-4182-9d92-b7509110fb60
	at org.openqa.selenium.support.ui.WebDriverWait.timeoutException(WebDriverWait.java:80)
	at org.openqa.selenium.support.ui.FluentWait.until(FluentWait.java:229)
	at virginia_regression._3_Verify_LOC_RPPay_Draw_Cdt_Eql._4_log_out(_3_Verify_LOC_RPPay_Draw_Cdt_Eql.java:346)
	at sun.reflect.NativeMethodAccessorImpl.invoke0(Native Method)
	at sun.reflect.NativeMethodAccessorImpl.invoke(Unknown Source)
	at sun.reflect.DelegatingMethodAccessorImpl.invoke(Unknown Source)
	at java.lang.reflect.Method.invoke(Unknown Source)
	at org.testng.internal.MethodInvocationHelper.invokeMethod(MethodInvocationHelper.java:84)
	at org.testng.internal.Invoker.invokeMethod(Invoker.java:714)
	at org.testng.internal.Invoker.invokeTestMethod(Invoker.java:901)
	at org.testng.internal.Invoker.invokeTestMethods(Invoker.java:1231)
	at org.testng.internal.TestMethodWorker.invokeTestMethods(TestMethodWorker.java:127)
	at org.testng.internal.TestMethodWorker.run(TestMethodWorker.java:111)
	at org.testng.TestRunner.privateRun(TestRunner.java:767)
	at org.testng.TestRunner.run(TestRunner.java:617)
	at org.testng.SuiteRunner.runTest(SuiteRunner.java:334)
	at org.testng.SuiteRunner.runSequentially(SuiteRunner.java:329)
	at org.testng.SuiteRunner.privateRun(SuiteRunner.java:291)
	at org.testng.SuiteRunner.run(SuiteRunner.java:240)
	at org.testng.SuiteRunnerWorker.runSuite(SuiteRunnerWorker.java:52)
	at org.testng.SuiteRunnerWorker.run(SuiteRunnerWorker.java:86)
	at org.testng.TestNG.runSuitesSequentially(TestNG.java:1224)
	at org.testng.TestNG.runSuitesLocally(TestNG.java:1149)
	at org.testng.TestNG.run(TestNG.java:1057)
	at org.testng.remote.RemoteTestNG.run(RemoteTestNG.java:111)
	at org.testng.remote.RemoteTestNG.initAndRun(RemoteTestNG.java:204)
	at org.testng.remote.RemoteTestNG.main(RemoteTestNG.java:175)
Caused by: org.openqa.selenium.NoSuchElementException: Unable to locate element: {&quot;method&quot;:&quot;xpath&quot;,&quot;selector&quot;:&quot;.//*[@id=&apos;menuv2&apos;]/li[7]/a&quot;}
Command duration or timeout: 19 milliseconds
For documentation on this error, please visit: http://seleniumhq.org/exceptions/no_such_element.html
Build info: version: &apos;2.47.1&apos;, revision: &apos;411b314&apos;, time: &apos;2015-07-30 02:56:46&apos;
System info: host: &apos;GARIMA7LT&apos;, ip: &apos;10.130.0.96&apos;, os.name: &apos;Windows 10&apos;, os.arch: &apos;amd64&apos;, os.version: &apos;10.0&apos;, java.version: &apos;1.8.0_121&apos;
Driver info: org.openqa.selenium.firefox.FirefoxDriver
Capabilities [{applicationCacheEnabled=true, rotatable=false, handlesAlerts=true, databaseEnabled=true, version=42.0, platform=WINDOWS, nativeEvents=false, acceptSslCerts=true, webStorageEnabled=true, locationContextEnabled=true, browserName=firefox, takesScreenshot=true, javascriptEnabled=true, cssSelectorsEnabled=true}]
Session ID: 95ca6037-4110-4182-9d92-b7509110fb60
*** Element info: {Using=xpath, value=.//*[@id=&apos;menuv2&apos;]/li[7]/a}
	at sun.reflect.GeneratedConstructorAccessor24.newInstance(Unknown Source)
	at sun.reflect.DelegatingConstructorAccessorImpl.newInstance(Unknown Source)
	at java.lang.reflect.Constructor.newInstance(Unknown Source)
	at org.openqa.selenium.remote.ErrorHandler.createThrowable(ErrorHandler.java:206)
	at org.openqa.selenium.remote.ErrorHandler.throwIfResponseFailed(ErrorHandler.java:158)
	at org.openqa.selenium.remote.RemoteWebDriver.execute(RemoteWebDriver.java:595)
	at org.openqa.selenium.remote.RemoteWebDriver.findElement(RemoteWebDriver.java:348)
	at org.openqa.selenium.remote.RemoteWebDriver.findElementByXPath(RemoteWebDriver.java:445)
	at org.openqa.selenium.By$ByXPath.findElement(By.java:358)
	at org.openqa.selenium.remote.RemoteWebDriver.findElement(RemoteWebDriver.java:340)
	at org.openqa.selenium.support.ui.ExpectedConditions.findElement(ExpectedConditions.java:861)
	at org.openqa.selenium.support.ui.ExpectedConditions.access$0(ExpectedConditions.java:859)
	at org.openqa.selenium.support.ui.ExpectedConditions$7.apply(ExpectedConditions.java:205)
	at org.openqa.selenium.support.ui.ExpectedConditions$7.apply(ExpectedConditions.java:1)
	at org.openqa.selenium.support.ui.FluentWait.until(FluentWait.java:209)
	... 25 more
Caused by: org.openqa.selenium.NoSuchElementException: Unable to locate element: {&quot;method&quot;:&quot;xpath&quot;,&quot;selector&quot;:&quot;.//*[@id=&apos;menuv2&apos;]/li[7]/a&quot;}
For documentation on this error, please visit: http://seleniumhq.org/exceptions/no_such_element.html
Build info: version: &apos;2.47.1&apos;, revision: &apos;411b314&apos;, time: &apos;2015-07-30 02:56:46&apos;
System info: host: &apos;GARIMA7LT&apos;, ip: &apos;10.130.0.96&apos;, os.name: &apos;Windows 10&apos;, os.arch: &apos;amd64&apos;, os.version: &apos;10.0&apos;, java.version: &apos;1.8.0_121&apos;
Driver info: driver.version: unknown
	at &lt;anonymous class&gt;.FirefoxDriver.prototype.findElementInternal_(file:///C:/Users/garima/AppData/Local/Temp/anonymous1277065909008877629webdriver-profile/extensions/fxdriver@googlecode.com/components/driver-component.js:10667)
	at &lt;anonymous class&gt;.FirefoxDriver.prototype.findElement(file:///C:/Users/garima/AppData/Local/Temp/anonymous1277065909008877629webdriver-profile/extensions/fxdriver@googlecode.com/components/driver-component.js:10676)
	at &lt;anonymous class&gt;.DelayedCommand.prototype.executeInternal_/h(file:///C:/Users/garima/AppData/Local/Temp/anonymous1277065909008877629webdriver-profile/extensions/fxdriver@googlecode.com/components/command-processor.js:12643)
	at &lt;anonymous class&gt;.DelayedCommand.prototype.executeInternal_(file:///C:/Users/garima/AppData/Local/Temp/anonymous1277065909008877629webdriver-profile/extensions/fxdriver@googlecode.com/components/command-processor.js:12648)
	at &lt;anonymous class&gt;.DelayedCommand.prototype.execute/&lt;(file:///C:/Users/garima/AppData/Local/Temp/anonymous1277065909008877629webdriver-profile/extensions/fxdriver@googlecode.com/components/command-processor.js:12590)
</pre></div></td>
<td>30</td>
<td>virginia_regression._3_Verify_LOC_RPPay_Draw_Cdt_Eql@3ac3fd8b</td></tr>
<tr>
<td title='virginia_regression._9_Verify_RP_Contractual_LateStatus._5_busineesdate_et_rapidpayduedate()'><b>_5_busineesdate_et_rapidpayduedate</b><br>Test class: virginia_regression._9_Verify_RP_Contractual_LateStatus</td>
<td><div><pre>org.openqa.selenium.WebDriverException: unknown error: Element &lt;a id=&quot;ctl00_ctl00_MainContent_ChildContent1_lnkEdit&quot; href=&quot;store.aspx?action=edit&amp;amp;id=167&quot;&gt;...&lt;/a&gt; is not clickable at point (1830, 6). Other element would receive the click: &lt;div id=&quot;ctl00_ctl00_AppHeader_pnlCompanyMsg&quot; class=&quot;corp-msg&quot;&gt;...&lt;/div&gt;
  (Session info: chrome=58.0.3029.110)
  (Driver info: chromedriver=2.28.455520 (cc17746adff54984afff480136733114c6b3704b),platform=Windows NT 10.0.14393 x86_64) (WARNING: The server did not provide any stacktrace information)
Command duration or timeout: 105 milliseconds
Build info: version: &apos;2.47.1&apos;, revision: &apos;411b314&apos;, time: &apos;2015-07-30 02:56:46&apos;
System info: host: &apos;GARIMA7LT&apos;, ip: &apos;10.130.0.96&apos;, os.name: &apos;Windows 10&apos;, os.arch: &apos;amd64&apos;, os.version: &apos;10.0&apos;, java.version: &apos;1.8.0_121&apos;
Driver info: org.openqa.selenium.chrome.ChromeDriver
Capabilities [{applicationCacheEnabled=false, rotatable=false, mobileEmulationEnabled=false, networkConnectionEnabled=false, chrome={chromedriverVersion=2.28.455520 (cc17746adff54984afff480136733114c6b3704b), userDataDir=C:\Users\garima\AppData\Local\Temp\scoped_dir14824_9258}, takesHeapSnapshot=true, pageLoadStrategy=normal, databaseEnabled=false, handlesAlerts=true, hasTouchScreen=false, version=58.0.3029.110, platform=XP, browserConnectionEnabled=false, nativeEvents=true, acceptSslCerts=true, locationContextEnabled=true, webStorageEnabled=true, browserName=chrome, takesScreenshot=true, javascriptEnabled=true, cssSelectorsEnabled=true, unexpectedAlertBehaviour=}]
Session ID: 7dd75f8faa5c0b04046a7a099208bd71
	at org.openqa.selenium.remote.ErrorHandler.createThrowable(ErrorHandler.java:206)
	at org.openqa.selenium.remote.ErrorHandler.throwIfResponseFailed(ErrorHandler.java:158)
	at org.openqa.selenium.remote.RemoteWebDriver.execute(RemoteWebDriver.java:595)
	at org.openqa.selenium.remote.RemoteWebElement.execute(RemoteWebElement.java:273)
	at org.openqa.selenium.remote.RemoteWebElement.click(RemoteWebElement.java:84)
	at virginia_regression._9_Verify_RP_Contractual_LateStatus._5_busineesdate_et_rapidpayduedate(_9_Verify_RP_Contractual_LateStatus.java:250)
... Removed 28 stack frames</pre></div><a href='#' onClick='toggleBox("stack-trace1906335777", this, "Click to show all stack frames", "Click to hide stack frames")'>Click to show all stack frames</a>
<div class='stack-trace' id='stack-trace1906335777'><pre>org.openqa.selenium.WebDriverException: unknown error: Element &lt;a id=&quot;ctl00_ctl00_MainContent_ChildContent1_lnkEdit&quot; href=&quot;store.aspx?action=edit&amp;amp;id=167&quot;&gt;...&lt;/a&gt; is not clickable at point (1830, 6). Other element would receive the click: &lt;div id=&quot;ctl00_ctl00_AppHeader_pnlCompanyMsg&quot; class=&quot;corp-msg&quot;&gt;...&lt;/div&gt;
  (Session info: chrome=58.0.3029.110)
  (Driver info: chromedriver=2.28.455520 (cc17746adff54984afff480136733114c6b3704b),platform=Windows NT 10.0.14393 x86_64) (WARNING: The server did not provide any stacktrace information)
Command duration or timeout: 105 milliseconds
Build info: version: &apos;2.47.1&apos;, revision: &apos;411b314&apos;, time: &apos;2015-07-30 02:56:46&apos;
System info: host: &apos;GARIMA7LT&apos;, ip: &apos;10.130.0.96&apos;, os.name: &apos;Windows 10&apos;, os.arch: &apos;amd64&apos;, os.version: &apos;10.0&apos;, java.version: &apos;1.8.0_121&apos;
Driver info: org.openqa.selenium.chrome.ChromeDriver
Capabilities [{applicationCacheEnabled=false, rotatable=false, mobileEmulationEnabled=false, networkConnectionEnabled=false, chrome={chromedriverVersion=2.28.455520 (cc17746adff54984afff480136733114c6b3704b), userDataDir=C:\Users\garima\AppData\Local\Temp\scoped_dir14824_9258}, takesHeapSnapshot=true, pageLoadStrategy=normal, databaseEnabled=false, handlesAlerts=true, hasTouchScreen=false, version=58.0.3029.110, platform=XP, browserConnectionEnabled=false, nativeEvents=true, acceptSslCerts=true, locationContextEnabled=true, webStorageEnabled=true, browserName=chrome, takesScreenshot=true, javascriptEnabled=true, cssSelectorsEnabled=true, unexpectedAlertBehaviour=}]
Session ID: 7dd75f8faa5c0b04046a7a099208bd71
	at sun.reflect.NativeConstructorAccessorImpl.newInstance0(Native Method)
	at sun.reflect.NativeConstructorAccessorImpl.newInstance(Unknown Source)
	at sun.reflect.DelegatingConstructorAccessorImpl.newInstance(Unknown Source)
	at java.lang.reflect.Constructor.newInstance(Unknown Source)
	at org.openqa.selenium.remote.ErrorHandler.createThrowable(ErrorHandler.java:206)
	at org.openqa.selenium.remote.ErrorHandler.throwIfResponseFailed(ErrorHandler.java:158)
	at org.openqa.selenium.remote.RemoteWebDriver.execute(RemoteWebDriver.java:595)
	at org.openqa.selenium.remote.RemoteWebElement.execute(RemoteWebElement.java:273)
	at org.openqa.selenium.remote.RemoteWebElement.click(RemoteWebElement.java:84)
	at virginia_regression._9_Verify_RP_Contractual_LateStatus._5_busineesdate_et_rapidpayduedate(_9_Verify_RP_Contractual_LateStatus.java:250)
	at sun.reflect.NativeMethodAccessorImpl.invoke0(Native Method)
	at sun.reflect.NativeMethodAccessorImpl.invoke(Unknown Source)
	at sun.reflect.DelegatingMethodAccessorImpl.invoke(Unknown Source)
	at java.lang.reflect.Method.invoke(Unknown Source)
	at org.testng.internal.MethodInvocationHelper.invokeMethod(MethodInvocationHelper.java:84)
	at org.testng.internal.Invoker.invokeMethod(Invoker.java:714)
	at org.testng.internal.Invoker.invokeTestMethod(Invoker.java:901)
	at org.testng.internal.Invoker.invokeTestMethods(Invoker.java:1231)
	at org.testng.internal.TestMethodWorker.invokeTestMethods(TestMethodWorker.java:127)
	at org.testng.internal.TestMethodWorker.run(TestMethodWorker.java:111)
	at org.testng.TestRunner.privateRun(TestRunner.java:767)
	at org.testng.TestRunner.run(TestRunner.java:617)
	at org.testng.SuiteRunner.runTest(SuiteRunner.java:334)
	at org.testng.SuiteRunner.runSequentially(SuiteRunner.java:329)
	at org.testng.SuiteRunner.privateRun(SuiteRunner.java:291)
	at org.testng.SuiteRunner.run(SuiteRunner.java:240)
	at org.testng.SuiteRunnerWorker.runSuite(SuiteRunnerWorker.java:52)
	at org.testng.SuiteRunnerWorker.run(SuiteRunnerWorker.java:86)
	at org.testng.TestNG.runSuitesSequentially(TestNG.java:1224)
	at org.testng.TestNG.runSuitesLocally(TestNG.java:1149)
	at org.testng.TestNG.run(TestNG.java:1057)
	at org.testng.remote.RemoteTestNG.run(RemoteTestNG.java:111)
	at org.testng.remote.RemoteTestNG.initAndRun(RemoteTestNG.java:204)
	at org.testng.remote.RemoteTestNG.main(RemoteTestNG.java:175)
</pre></div></td>
<td>0</td>
<td>virginia_regression._9_Verify_RP_Contractual_LateStatus@6a5fc7f7</td></tr>
<tr>
<td title='virginia_regression._9_Verify_RP_Contractual_LateStatus._6_busineesdate_gt_rapidpayduedate()'><b>_6_busineesdate_gt_rapidpayduedate</b><br>Test class: virginia_regression._9_Verify_RP_Contractual_LateStatus</td>
<td><div><pre>org.openqa.selenium.WebDriverException: unknown error: Element &lt;a id=&quot;ctl00_ctl00_MainContent_ChildContent1_lnkEdit&quot; href=&quot;store.aspx?action=edit&amp;amp;id=167&quot;&gt;...&lt;/a&gt; is not clickable at point (1830, 6). Other element would receive the click: &lt;div id=&quot;ctl00_ctl00_AppHeader_pnlCompanyMsg&quot; class=&quot;corp-msg&quot;&gt;...&lt;/div&gt;
  (Session info: chrome=58.0.3029.110)
  (Driver info: chromedriver=2.28.455520 (cc17746adff54984afff480136733114c6b3704b),platform=Windows NT 10.0.14393 x86_64) (WARNING: The server did not provide any stacktrace information)
Command duration or timeout: 51 milliseconds
Build info: version: &apos;2.47.1&apos;, revision: &apos;411b314&apos;, time: &apos;2015-07-30 02:56:46&apos;
System info: host: &apos;GARIMA7LT&apos;, ip: &apos;10.130.0.96&apos;, os.name: &apos;Windows 10&apos;, os.arch: &apos;amd64&apos;, os.version: &apos;10.0&apos;, java.version: &apos;1.8.0_121&apos;
Driver info: org.openqa.selenium.chrome.ChromeDriver
Capabilities [{applicationCacheEnabled=false, rotatable=false, mobileEmulationEnabled=false, networkConnectionEnabled=false, chrome={chromedriverVersion=2.28.455520 (cc17746adff54984afff480136733114c6b3704b), userDataDir=C:\Users\garima\AppData\Local\Temp\scoped_dir14824_9258}, takesHeapSnapshot=true, pageLoadStrategy=normal, databaseEnabled=false, handlesAlerts=true, hasTouchScreen=false, version=58.0.3029.110, platform=XP, browserConnectionEnabled=false, nativeEvents=true, acceptSslCerts=true, locationContextEnabled=true, webStorageEnabled=true, browserName=chrome, takesScreenshot=true, javascriptEnabled=true, cssSelectorsEnabled=true, unexpectedAlertBehaviour=}]
Session ID: 7dd75f8faa5c0b04046a7a099208bd71
	at org.openqa.selenium.remote.ErrorHandler.createThrowable(ErrorHandler.java:206)
	at org.openqa.selenium.remote.ErrorHandler.throwIfResponseFailed(ErrorHandler.java:158)
	at org.openqa.selenium.remote.RemoteWebDriver.execute(RemoteWebDriver.java:595)
	at org.openqa.selenium.remote.RemoteWebElement.execute(RemoteWebElement.java:273)
	at org.openqa.selenium.remote.RemoteWebElement.click(RemoteWebElement.java:84)
	at virginia_regression._9_Verify_RP_Contractual_LateStatus._6_busineesdate_gt_rapidpayduedate(_9_Verify_RP_Contractual_LateStatus.java:307)
... Removed 28 stack frames</pre></div><a href='#' onClick='toggleBox("stack-trace1601800698", this, "Click to show all stack frames", "Click to hide stack frames")'>Click to show all stack frames</a>
<div class='stack-trace' id='stack-trace1601800698'><pre>org.openqa.selenium.WebDriverException: unknown error: Element &lt;a id=&quot;ctl00_ctl00_MainContent_ChildContent1_lnkEdit&quot; href=&quot;store.aspx?action=edit&amp;amp;id=167&quot;&gt;...&lt;/a&gt; is not clickable at point (1830, 6). Other element would receive the click: &lt;div id=&quot;ctl00_ctl00_AppHeader_pnlCompanyMsg&quot; class=&quot;corp-msg&quot;&gt;...&lt;/div&gt;
  (Session info: chrome=58.0.3029.110)
  (Driver info: chromedriver=2.28.455520 (cc17746adff54984afff480136733114c6b3704b),platform=Windows NT 10.0.14393 x86_64) (WARNING: The server did not provide any stacktrace information)
Command duration or timeout: 51 milliseconds
Build info: version: &apos;2.47.1&apos;, revision: &apos;411b314&apos;, time: &apos;2015-07-30 02:56:46&apos;
System info: host: &apos;GARIMA7LT&apos;, ip: &apos;10.130.0.96&apos;, os.name: &apos;Windows 10&apos;, os.arch: &apos;amd64&apos;, os.version: &apos;10.0&apos;, java.version: &apos;1.8.0_121&apos;
Driver info: org.openqa.selenium.chrome.ChromeDriver
Capabilities [{applicationCacheEnabled=false, rotatable=false, mobileEmulationEnabled=false, networkConnectionEnabled=false, chrome={chromedriverVersion=2.28.455520 (cc17746adff54984afff480136733114c6b3704b), userDataDir=C:\Users\garima\AppData\Local\Temp\scoped_dir14824_9258}, takesHeapSnapshot=true, pageLoadStrategy=normal, databaseEnabled=false, handlesAlerts=true, hasTouchScreen=false, version=58.0.3029.110, platform=XP, browserConnectionEnabled=false, nativeEvents=true, acceptSslCerts=true, locationContextEnabled=true, webStorageEnabled=true, browserName=chrome, takesScreenshot=true, javascriptEnabled=true, cssSelectorsEnabled=true, unexpectedAlertBehaviour=}]
Session ID: 7dd75f8faa5c0b04046a7a099208bd71
	at sun.reflect.NativeConstructorAccessorImpl.newInstance0(Native Method)
	at sun.reflect.NativeConstructorAccessorImpl.newInstance(Unknown Source)
	at sun.reflect.DelegatingConstructorAccessorImpl.newInstance(Unknown Source)
	at java.lang.reflect.Constructor.newInstance(Unknown Source)
	at org.openqa.selenium.remote.ErrorHandler.createThrowable(ErrorHandler.java:206)
	at org.openqa.selenium.remote.ErrorHandler.throwIfResponseFailed(ErrorHandler.java:158)
	at org.openqa.selenium.remote.RemoteWebDriver.execute(RemoteWebDriver.java:595)
	at org.openqa.selenium.remote.RemoteWebElement.execute(RemoteWebElement.java:273)
	at org.openqa.selenium.remote.RemoteWebElement.click(RemoteWebElement.java:84)
	at virginia_regression._9_Verify_RP_Contractual_LateStatus._6_busineesdate_gt_rapidpayduedate(_9_Verify_RP_Contractual_LateStatus.java:307)
	at sun.reflect.NativeMethodAccessorImpl.invoke0(Native Method)
	at sun.reflect.NativeMethodAccessorImpl.invoke(Unknown Source)
	at sun.reflect.DelegatingMethodAccessorImpl.invoke(Unknown Source)
	at java.lang.reflect.Method.invoke(Unknown Source)
	at org.testng.internal.MethodInvocationHelper.invokeMethod(MethodInvocationHelper.java:84)
	at org.testng.internal.Invoker.invokeMethod(Invoker.java:714)
	at org.testng.internal.Invoker.invokeTestMethod(Invoker.java:901)
	at org.testng.internal.Invoker.invokeTestMethods(Invoker.java:1231)
	at org.testng.internal.TestMethodWorker.invokeTestMethods(TestMethodWorker.java:127)
	at org.testng.internal.TestMethodWorker.run(TestMethodWorker.java:111)
	at org.testng.TestRunner.privateRun(TestRunner.java:767)
	at org.testng.TestRunner.run(TestRunner.java:617)
	at org.testng.SuiteRunner.runTest(SuiteRunner.java:334)
	at org.testng.SuiteRunner.runSequentially(SuiteRunner.java:329)
	at org.testng.SuiteRunner.privateRun(SuiteRunner.java:291)
	at org.testng.SuiteRunner.run(SuiteRunner.java:240)
	at org.testng.SuiteRunnerWorker.runSuite(SuiteRunnerWorker.java:52)
	at org.testng.SuiteRunnerWorker.run(SuiteRunnerWorker.java:86)
	at org.testng.TestNG.runSuitesSequentially(TestNG.java:1224)
	at org.testng.TestNG.runSuitesLocally(TestNG.java:1149)
	at org.testng.TestNG.run(TestNG.java:1057)
	at org.testng.remote.RemoteTestNG.run(RemoteTestNG.java:111)
	at org.testng.remote.RemoteTestNG.initAndRun(RemoteTestNG.java:204)
	at org.testng.remote.RemoteTestNG.main(RemoteTestNG.java:175)
</pre></div></td>
<td>0</td>
<td>virginia_regression._9_Verify_RP_Contractual_LateStatus@6a5fc7f7</td></tr>
<tr>
<td title='virginia_regression._10_Verify_Promise_Kept._6_homescreen_before_appointment_creation()'><b>_6_homescreen_before_appointment_creation</b><br>Test class: virginia_regression._10_Verify_Promise_Kept</td>
<td><div><pre>org.openqa.selenium.TimeoutException: Timed out after 30 seconds waiting for visibility of element located by By.xpath: .//*[@id=&apos;ctl00_ctl00_MainContent_ChildContent1_LoanDetail_lnkLoanId&apos;]
Build info: version: &apos;2.47.1&apos;, revision: &apos;411b314&apos;, time: &apos;2015-07-30 02:56:46&apos;
System info: host: &apos;GARIMA7LT&apos;, ip: &apos;10.130.0.96&apos;, os.name: &apos;Windows 10&apos;, os.arch: &apos;amd64&apos;, os.version: &apos;10.0&apos;, java.version: &apos;1.8.0_121&apos;
Driver info: org.openqa.selenium.firefox.FirefoxDriver
Capabilities [{applicationCacheEnabled=true, rotatable=false, handlesAlerts=true, databaseEnabled=true, version=42.0, platform=WINDOWS, nativeEvents=false, acceptSslCerts=true, webStorageEnabled=true, locationContextEnabled=true, browserName=firefox, takesScreenshot=true, javascriptEnabled=true, cssSelectorsEnabled=true}]
Session ID: ea98155f-e796-49e3-a164-f2f4fea58445
	at org.openqa.selenium.support.ui.WebDriverWait.timeoutException(WebDriverWait.java:80)
	at org.openqa.selenium.support.ui.FluentWait.until(FluentWait.java:229)
	at virginia_regression._10_Verify_Promise_Kept._6_homescreen_before_appointment_creation(_10_Verify_Promise_Kept.java:368)
Caused by: org.openqa.selenium.NoSuchElementException: Unable to locate element: {&quot;method&quot;:&quot;xpath&quot;,&quot;selector&quot;:&quot;.//*[@id=&apos;ctl00_ctl00_MainContent_ChildContent1_LoanDetail_lnkLoanId&apos;]&quot;}
Command duration or timeout: 30 milliseconds
For documentation on this error, please visit: http://seleniumhq.org/exceptions/no_such_element.html
Build info: version: &apos;2.47.1&apos;, revision: &apos;411b314&apos;, time: &apos;2015-07-30 02:56:46&apos;
System info: host: &apos;GARIMA7LT&apos;, ip: &apos;10.130.0.96&apos;, os.name: &apos;Windows 10&apos;, os.arch: &apos;amd64&apos;, os.version: &apos;10.0&apos;, java.version: &apos;1.8.0_121&apos;
Driver info: org.openqa.selenium.firefox.FirefoxDriver
Capabilities [{applicationCacheEnabled=true, rotatable=false, handlesAlerts=true, databaseEnabled=true, version=42.0, platform=WINDOWS, nativeEvents=false, acceptSslCerts=true, webStorageEnabled=true, locationContextEnabled=true, browserName=firefox, takesScreenshot=true, javascriptEnabled=true, cssSelectorsEnabled=true}]
Session ID: ea98155f-e796-49e3-a164-f2f4fea58445
*** Element info: {Using=xpath, value=.//*[@id=&apos;ctl00_ctl00_MainContent_ChildContent1_LoanDetail_lnkLoanId&apos;]}
	at org.openqa.selenium.remote.ErrorHandler.createThrowable(ErrorHandler.java:206)
	at org.openqa.selenium.remote.ErrorHandler.throwIfResponseFailed(ErrorHandler.java:158)
	at org.openqa.selenium.remote.RemoteWebDriver.execute(RemoteWebDriver.java:595)
	at org.openqa.selenium.remote.RemoteWebDriver.findElement(RemoteWebDriver.java:348)
	at org.openqa.selenium.remote.RemoteWebDriver.findElementByXPath(RemoteWebDriver.java:445)
	at org.openqa.selenium.By$ByXPath.findElement(By.java:358)
	at org.openqa.selenium.remote.RemoteWebDriver.findElement(RemoteWebDriver.java:340)
	at org.openqa.selenium.support.ui.ExpectedConditions.findElement(ExpectedConditions.java:861)
	at org.openqa.selenium.support.ui.ExpectedConditions.access$0(ExpectedConditions.java:859)
	at org.openqa.selenium.support.ui.ExpectedConditions$7.apply(ExpectedConditions.java:205)
	at org.openqa.selenium.support.ui.ExpectedConditions$7.apply(ExpectedConditions.java:1)
	at org.openqa.selenium.support.ui.FluentWait.until(FluentWait.java:209)
	... 25 more
Caused by: org.openqa.selenium.NoSuchElementException: Unable to locate element: {&quot;method&quot;:&quot;xpath&quot;,&quot;selector&quot;:&quot;.//*[@id=&apos;ctl00_ctl00_MainContent_ChildContent1_LoanDetail_lnkLoanId&apos;]&quot;}
For documentation on this error, please visit: http://seleniumhq.org/exceptions/no_such_element.html
Build info: version: &apos;2.47.1&apos;, revision: &apos;411b314&apos;, time: &apos;2015-07-30 02:56:46&apos;
System info: host: &apos;GARIMA7LT&apos;, ip: &apos;10.130.0.96&apos;, os.name: &apos;Windows 10&apos;, os.arch: &apos;amd64&apos;, os.version: &apos;10.0&apos;, java.version: &apos;1.8.0_121&apos;
Driver info: driver.version: unknown
	at &lt;anonymous class&gt;.FirefoxDriver.prototype.findElementInternal_(file:///C:/Users/garima/AppData/Local/Temp/anonymous745073151672774279webdriver-profile/extensions/fxdriver@googlecode.com/components/driver-component.js:10667)
	at &lt;anonymous class&gt;.FirefoxDriver.prototype.findElement(file:///C:/Users/garima/AppData/Local/Temp/anonymous745073151672774279webdriver-profile/extensions/fxdriver@googlecode.com/components/driver-component.js:10676)
	at &lt;anonymous class&gt;.DelayedCommand.prototype.executeInternal_/h(file:///C:/Users/garima/AppData/Local/Temp/anonymous745073151672774279webdriver-profile/extensions/fxdriver@googlecode.com/components/command-processor.js:12643)
	at &lt;anonymous class&gt;.DelayedCommand.prototype.executeInternal_(file:///C:/Users/garima/AppData/Local/Temp/anonymous745073151672774279webdriver-profile/extensions/fxdriver@googlecode.com/components/command-processor.js:12648)
	at &lt;anonymous class&gt;.DelayedCommand.prototype.execute/&lt;(file:///C:/Users/garima/AppData/Local/Temp/anonymous745073151672774279webdriver-profile/extensions/fxdriver@googlecode.com/components/command-processor.js:12590)
... Removed 27 stack frames</pre></div><a href='#' onClick='toggleBox("stack-trace156127720", this, "Click to show all stack frames", "Click to hide stack frames")'>Click to show all stack frames</a>
<div class='stack-trace' id='stack-trace156127720'><pre>org.openqa.selenium.TimeoutException: Timed out after 30 seconds waiting for visibility of element located by By.xpath: .//*[@id=&apos;ctl00_ctl00_MainContent_ChildContent1_LoanDetail_lnkLoanId&apos;]
Build info: version: &apos;2.47.1&apos;, revision: &apos;411b314&apos;, time: &apos;2015-07-30 02:56:46&apos;
System info: host: &apos;GARIMA7LT&apos;, ip: &apos;10.130.0.96&apos;, os.name: &apos;Windows 10&apos;, os.arch: &apos;amd64&apos;, os.version: &apos;10.0&apos;, java.version: &apos;1.8.0_121&apos;
Driver info: org.openqa.selenium.firefox.FirefoxDriver
Capabilities [{applicationCacheEnabled=true, rotatable=false, handlesAlerts=true, databaseEnabled=true, version=42.0, platform=WINDOWS, nativeEvents=false, acceptSslCerts=true, webStorageEnabled=true, locationContextEnabled=true, browserName=firefox, takesScreenshot=true, javascriptEnabled=true, cssSelectorsEnabled=true}]
Session ID: ea98155f-e796-49e3-a164-f2f4fea58445
	at org.openqa.selenium.support.ui.WebDriverWait.timeoutException(WebDriverWait.java:80)
	at org.openqa.selenium.support.ui.FluentWait.until(FluentWait.java:229)
	at virginia_regression._10_Verify_Promise_Kept._6_homescreen_before_appointment_creation(_10_Verify_Promise_Kept.java:368)
	at sun.reflect.NativeMethodAccessorImpl.invoke0(Native Method)
	at sun.reflect.NativeMethodAccessorImpl.invoke(Unknown Source)
	at sun.reflect.DelegatingMethodAccessorImpl.invoke(Unknown Source)
	at java.lang.reflect.Method.invoke(Unknown Source)
	at org.testng.internal.MethodInvocationHelper.invokeMethod(MethodInvocationHelper.java:84)
	at org.testng.internal.Invoker.invokeMethod(Invoker.java:714)
	at org.testng.internal.Invoker.invokeTestMethod(Invoker.java:901)
	at org.testng.internal.Invoker.invokeTestMethods(Invoker.java:1231)
	at org.testng.internal.TestMethodWorker.invokeTestMethods(TestMethodWorker.java:127)
	at org.testng.internal.TestMethodWorker.run(TestMethodWorker.java:111)
	at org.testng.TestRunner.privateRun(TestRunner.java:767)
	at org.testng.TestRunner.run(TestRunner.java:617)
	at org.testng.SuiteRunner.runTest(SuiteRunner.java:334)
	at org.testng.SuiteRunner.runSequentially(SuiteRunner.java:329)
	at org.testng.SuiteRunner.privateRun(SuiteRunner.java:291)
	at org.testng.SuiteRunner.run(SuiteRunner.java:240)
	at org.testng.SuiteRunnerWorker.runSuite(SuiteRunnerWorker.java:52)
	at org.testng.SuiteRunnerWorker.run(SuiteRunnerWorker.java:86)
	at org.testng.TestNG.runSuitesSequentially(TestNG.java:1224)
	at org.testng.TestNG.runSuitesLocally(TestNG.java:1149)
	at org.testng.TestNG.run(TestNG.java:1057)
	at org.testng.remote.RemoteTestNG.run(RemoteTestNG.java:111)
	at org.testng.remote.RemoteTestNG.initAndRun(RemoteTestNG.java:204)
	at org.testng.remote.RemoteTestNG.main(RemoteTestNG.java:175)
Caused by: org.openqa.selenium.NoSuchElementException: Unable to locate element: {&quot;method&quot;:&quot;xpath&quot;,&quot;selector&quot;:&quot;.//*[@id=&apos;ctl00_ctl00_MainContent_ChildContent1_LoanDetail_lnkLoanId&apos;]&quot;}
Command duration or timeout: 30 milliseconds
For documentation on this error, please visit: http://seleniumhq.org/exceptions/no_such_element.html
Build info: version: &apos;2.47.1&apos;, revision: &apos;411b314&apos;, time: &apos;2015-07-30 02:56:46&apos;
System info: host: &apos;GARIMA7LT&apos;, ip: &apos;10.130.0.96&apos;, os.name: &apos;Windows 10&apos;, os.arch: &apos;amd64&apos;, os.version: &apos;10.0&apos;, java.version: &apos;1.8.0_121&apos;
Driver info: org.openqa.selenium.firefox.FirefoxDriver
Capabilities [{applicationCacheEnabled=true, rotatable=false, handlesAlerts=true, databaseEnabled=true, version=42.0, platform=WINDOWS, nativeEvents=false, acceptSslCerts=true, webStorageEnabled=true, locationContextEnabled=true, browserName=firefox, takesScreenshot=true, javascriptEnabled=true, cssSelectorsEnabled=true}]
Session ID: ea98155f-e796-49e3-a164-f2f4fea58445
*** Element info: {Using=xpath, value=.//*[@id=&apos;ctl00_ctl00_MainContent_ChildContent1_LoanDetail_lnkLoanId&apos;]}
	at sun.reflect.GeneratedConstructorAccessor24.newInstance(Unknown Source)
	at sun.reflect.DelegatingConstructorAccessorImpl.newInstance(Unknown Source)
	at java.lang.reflect.Constructor.newInstance(Unknown Source)
	at org.openqa.selenium.remote.ErrorHandler.createThrowable(ErrorHandler.java:206)
	at org.openqa.selenium.remote.ErrorHandler.throwIfResponseFailed(ErrorHandler.java:158)
	at org.openqa.selenium.remote.RemoteWebDriver.execute(RemoteWebDriver.java:595)
	at org.openqa.selenium.remote.RemoteWebDriver.findElement(RemoteWebDriver.java:348)
	at org.openqa.selenium.remote.RemoteWebDriver.findElementByXPath(RemoteWebDriver.java:445)
	at org.openqa.selenium.By$ByXPath.findElement(By.java:358)
	at org.openqa.selenium.remote.RemoteWebDriver.findElement(RemoteWebDriver.java:340)
	at org.openqa.selenium.support.ui.ExpectedConditions.findElement(ExpectedConditions.java:861)
	at org.openqa.selenium.support.ui.ExpectedConditions.access$0(ExpectedConditions.java:859)
	at org.openqa.selenium.support.ui.ExpectedConditions$7.apply(ExpectedConditions.java:205)
	at org.openqa.selenium.support.ui.ExpectedConditions$7.apply(ExpectedConditions.java:1)
	at org.openqa.selenium.support.ui.FluentWait.until(FluentWait.java:209)
	... 25 more
Caused by: org.openqa.selenium.NoSuchElementException: Unable to locate element: {&quot;method&quot;:&quot;xpath&quot;,&quot;selector&quot;:&quot;.//*[@id=&apos;ctl00_ctl00_MainContent_ChildContent1_LoanDetail_lnkLoanId&apos;]&quot;}
For documentation on this error, please visit: http://seleniumhq.org/exceptions/no_such_element.html
Build info: version: &apos;2.47.1&apos;, revision: &apos;411b314&apos;, time: &apos;2015-07-30 02:56:46&apos;
System info: host: &apos;GARIMA7LT&apos;, ip: &apos;10.130.0.96&apos;, os.name: &apos;Windows 10&apos;, os.arch: &apos;amd64&apos;, os.version: &apos;10.0&apos;, java.version: &apos;1.8.0_121&apos;
Driver info: driver.version: unknown
	at &lt;anonymous class&gt;.FirefoxDriver.prototype.findElementInternal_(file:///C:/Users/garima/AppData/Local/Temp/anonymous745073151672774279webdriver-profile/extensions/fxdriver@googlecode.com/components/driver-component.js:10667)
	at &lt;anonymous class&gt;.FirefoxDriver.prototype.findElement(file:///C:/Users/garima/AppData/Local/Temp/anonymous745073151672774279webdriver-profile/extensions/fxdriver@googlecode.com/components/driver-component.js:10676)
	at &lt;anonymous class&gt;.DelayedCommand.prototype.executeInternal_/h(file:///C:/Users/garima/AppData/Local/Temp/anonymous745073151672774279webdriver-profile/extensions/fxdriver@googlecode.com/components/command-processor.js:12643)
	at &lt;anonymous class&gt;.DelayedCommand.prototype.executeInternal_(file:///C:/Users/garima/AppData/Local/Temp/anonymous745073151672774279webdriver-profile/extensions/fxdriver@googlecode.com/components/command-processor.js:12648)
	at &lt;anonymous class&gt;.DelayedCommand.prototype.execute/&lt;(file:///C:/Users/garima/AppData/Local/Temp/anonymous745073151672774279webdriver-profile/extensions/fxdriver@googlecode.com/components/command-processor.js:12590)
</pre></div></td>
<td>30</td>
<td>virginia_regression._10_Verify_Promise_Kept@1e643faf</td></tr>
<tr>
<td title='virginia_regression._10_Verify_Promise_Kept._7_appointment_creation()'><b>_7_appointment_creation</b><br>Test class: virginia_regression._10_Verify_Promise_Kept</td>
<td><div><pre>org.openqa.selenium.TimeoutException: Timed out after 30 seconds waiting for visibility of element located by By.xpath: .//*[@id=&apos;ctl00_ctl00_MainContent_TabNav_lnkAppointments&apos;]
Build info: version: &apos;2.47.1&apos;, revision: &apos;411b314&apos;, time: &apos;2015-07-30 02:56:46&apos;
System info: host: &apos;GARIMA7LT&apos;, ip: &apos;10.130.0.96&apos;, os.name: &apos;Windows 10&apos;, os.arch: &apos;amd64&apos;, os.version: &apos;10.0&apos;, java.version: &apos;1.8.0_121&apos;
Driver info: org.openqa.selenium.firefox.FirefoxDriver
Capabilities [{applicationCacheEnabled=true, rotatable=false, handlesAlerts=true, databaseEnabled=true, version=42.0, platform=WINDOWS, nativeEvents=false, acceptSslCerts=true, webStorageEnabled=true, locationContextEnabled=true, browserName=firefox, takesScreenshot=true, javascriptEnabled=true, cssSelectorsEnabled=true}]
Session ID: ea98155f-e796-49e3-a164-f2f4fea58445
	at org.openqa.selenium.support.ui.WebDriverWait.timeoutException(WebDriverWait.java:80)
	at org.openqa.selenium.support.ui.FluentWait.until(FluentWait.java:229)
	at virginia_regression._10_Verify_Promise_Kept._7_appointment_creation(_10_Verify_Promise_Kept.java:467)
Caused by: org.openqa.selenium.NoSuchElementException: Unable to locate element: {&quot;method&quot;:&quot;xpath&quot;,&quot;selector&quot;:&quot;.//*[@id=&apos;ctl00_ctl00_MainContent_TabNav_lnkAppointments&apos;]&quot;}
Command duration or timeout: 26 milliseconds
For documentation on this error, please visit: http://seleniumhq.org/exceptions/no_such_element.html
Build info: version: &apos;2.47.1&apos;, revision: &apos;411b314&apos;, time: &apos;2015-07-30 02:56:46&apos;
System info: host: &apos;GARIMA7LT&apos;, ip: &apos;10.130.0.96&apos;, os.name: &apos;Windows 10&apos;, os.arch: &apos;amd64&apos;, os.version: &apos;10.0&apos;, java.version: &apos;1.8.0_121&apos;
Driver info: org.openqa.selenium.firefox.FirefoxDriver
Capabilities [{applicationCacheEnabled=true, rotatable=false, handlesAlerts=true, databaseEnabled=true, version=42.0, platform=WINDOWS, nativeEvents=false, acceptSslCerts=true, webStorageEnabled=true, locationContextEnabled=true, browserName=firefox, takesScreenshot=true, javascriptEnabled=true, cssSelectorsEnabled=true}]
Session ID: ea98155f-e796-49e3-a164-f2f4fea58445
*** Element info: {Using=xpath, value=.//*[@id=&apos;ctl00_ctl00_MainContent_TabNav_lnkAppointments&apos;]}
	at org.openqa.selenium.remote.ErrorHandler.createThrowable(ErrorHandler.java:206)
	at org.openqa.selenium.remote.ErrorHandler.throwIfResponseFailed(ErrorHandler.java:158)
	at org.openqa.selenium.remote.RemoteWebDriver.execute(RemoteWebDriver.java:595)
	at org.openqa.selenium.remote.RemoteWebDriver.findElement(RemoteWebDriver.java:348)
	at org.openqa.selenium.remote.RemoteWebDriver.findElementByXPath(RemoteWebDriver.java:445)
	at org.openqa.selenium.By$ByXPath.findElement(By.java:358)
	at org.openqa.selenium.remote.RemoteWebDriver.findElement(RemoteWebDriver.java:340)
	at org.openqa.selenium.support.ui.ExpectedConditions.findElement(ExpectedConditions.java:861)
	at org.openqa.selenium.support.ui.ExpectedConditions.access$0(ExpectedConditions.java:859)
	at org.openqa.selenium.support.ui.ExpectedConditions$7.apply(ExpectedConditions.java:205)
	at org.openqa.selenium.support.ui.ExpectedConditions$7.apply(ExpectedConditions.java:1)
	at org.openqa.selenium.support.ui.FluentWait.until(FluentWait.java:209)
	... 25 more
Caused by: org.openqa.selenium.NoSuchElementException: Unable to locate element: {&quot;method&quot;:&quot;xpath&quot;,&quot;selector&quot;:&quot;.//*[@id=&apos;ctl00_ctl00_MainContent_TabNav_lnkAppointments&apos;]&quot;}
For documentation on this error, please visit: http://seleniumhq.org/exceptions/no_such_element.html
Build info: version: &apos;2.47.1&apos;, revision: &apos;411b314&apos;, time: &apos;2015-07-30 02:56:46&apos;
System info: host: &apos;GARIMA7LT&apos;, ip: &apos;10.130.0.96&apos;, os.name: &apos;Windows 10&apos;, os.arch: &apos;amd64&apos;, os.version: &apos;10.0&apos;, java.version: &apos;1.8.0_121&apos;
Driver info: driver.version: unknown
	at &lt;anonymous class&gt;.FirefoxDriver.prototype.findElementInternal_(file:///C:/Users/garima/AppData/Local/Temp/anonymous745073151672774279webdriver-profile/extensions/fxdriver@googlecode.com/components/driver-component.js:10667)
	at &lt;anonymous class&gt;.FirefoxDriver.prototype.findElement(file:///C:/Users/garima/AppData/Local/Temp/anonymous745073151672774279webdriver-profile/extensions/fxdriver@googlecode.com/components/driver-component.js:10676)
	at &lt;anonymous class&gt;.DelayedCommand.prototype.executeInternal_/h(file:///C:/Users/garima/AppData/Local/Temp/anonymous745073151672774279webdriver-profile/extensions/fxdriver@googlecode.com/components/command-processor.js:12643)
	at &lt;anonymous class&gt;.DelayedCommand.prototype.executeInternal_(file:///C:/Users/garima/AppData/Local/Temp/anonymous745073151672774279webdriver-profile/extensions/fxdriver@googlecode.com/components/command-processor.js:12648)
	at &lt;anonymous class&gt;.DelayedCommand.prototype.execute/&lt;(file:///C:/Users/garima/AppData/Local/Temp/anonymous745073151672774279webdriver-profile/extensions/fxdriver@googlecode.com/components/command-processor.js:12590)
... Removed 27 stack frames</pre></div><a href='#' onClick='toggleBox("stack-trace1405548909", this, "Click to show all stack frames", "Click to hide stack frames")'>Click to show all stack frames</a>
<div class='stack-trace' id='stack-trace1405548909'><pre>org.openqa.selenium.TimeoutException: Timed out after 30 seconds waiting for visibility of element located by By.xpath: .//*[@id=&apos;ctl00_ctl00_MainContent_TabNav_lnkAppointments&apos;]
Build info: version: &apos;2.47.1&apos;, revision: &apos;411b314&apos;, time: &apos;2015-07-30 02:56:46&apos;
System info: host: &apos;GARIMA7LT&apos;, ip: &apos;10.130.0.96&apos;, os.name: &apos;Windows 10&apos;, os.arch: &apos;amd64&apos;, os.version: &apos;10.0&apos;, java.version: &apos;1.8.0_121&apos;
Driver info: org.openqa.selenium.firefox.FirefoxDriver
Capabilities [{applicationCacheEnabled=true, rotatable=false, handlesAlerts=true, databaseEnabled=true, version=42.0, platform=WINDOWS, nativeEvents=false, acceptSslCerts=true, webStorageEnabled=true, locationContextEnabled=true, browserName=firefox, takesScreenshot=true, javascriptEnabled=true, cssSelectorsEnabled=true}]
Session ID: ea98155f-e796-49e3-a164-f2f4fea58445
	at org.openqa.selenium.support.ui.WebDriverWait.timeoutException(WebDriverWait.java:80)
	at org.openqa.selenium.support.ui.FluentWait.until(FluentWait.java:229)
	at virginia_regression._10_Verify_Promise_Kept._7_appointment_creation(_10_Verify_Promise_Kept.java:467)
	at sun.reflect.NativeMethodAccessorImpl.invoke0(Native Method)
	at sun.reflect.NativeMethodAccessorImpl.invoke(Unknown Source)
	at sun.reflect.DelegatingMethodAccessorImpl.invoke(Unknown Source)
	at java.lang.reflect.Method.invoke(Unknown Source)
	at org.testng.internal.MethodInvocationHelper.invokeMethod(MethodInvocationHelper.java:84)
	at org.testng.internal.Invoker.invokeMethod(Invoker.java:714)
	at org.testng.internal.Invoker.invokeTestMethod(Invoker.java:901)
	at org.testng.internal.Invoker.invokeTestMethods(Invoker.java:1231)
	at org.testng.internal.TestMethodWorker.invokeTestMethods(TestMethodWorker.java:127)
	at org.testng.internal.TestMethodWorker.run(TestMethodWorker.java:111)
	at org.testng.TestRunner.privateRun(TestRunner.java:767)
	at org.testng.TestRunner.run(TestRunner.java:617)
	at org.testng.SuiteRunner.runTest(SuiteRunner.java:334)
	at org.testng.SuiteRunner.runSequentially(SuiteRunner.java:329)
	at org.testng.SuiteRunner.privateRun(SuiteRunner.java:291)
	at org.testng.SuiteRunner.run(SuiteRunner.java:240)
	at org.testng.SuiteRunnerWorker.runSuite(SuiteRunnerWorker.java:52)
	at org.testng.SuiteRunnerWorker.run(SuiteRunnerWorker.java:86)
	at org.testng.TestNG.runSuitesSequentially(TestNG.java:1224)
	at org.testng.TestNG.runSuitesLocally(TestNG.java:1149)
	at org.testng.TestNG.run(TestNG.java:1057)
	at org.testng.remote.RemoteTestNG.run(RemoteTestNG.java:111)
	at org.testng.remote.RemoteTestNG.initAndRun(RemoteTestNG.java:204)
	at org.testng.remote.RemoteTestNG.main(RemoteTestNG.java:175)
Caused by: org.openqa.selenium.NoSuchElementException: Unable to locate element: {&quot;method&quot;:&quot;xpath&quot;,&quot;selector&quot;:&quot;.//*[@id=&apos;ctl00_ctl00_MainContent_TabNav_lnkAppointments&apos;]&quot;}
Command duration or timeout: 26 milliseconds
For documentation on this error, please visit: http://seleniumhq.org/exceptions/no_such_element.html
Build info: version: &apos;2.47.1&apos;, revision: &apos;411b314&apos;, time: &apos;2015-07-30 02:56:46&apos;
System info: host: &apos;GARIMA7LT&apos;, ip: &apos;10.130.0.96&apos;, os.name: &apos;Windows 10&apos;, os.arch: &apos;amd64&apos;, os.version: &apos;10.0&apos;, java.version: &apos;1.8.0_121&apos;
Driver info: org.openqa.selenium.firefox.FirefoxDriver
Capabilities [{applicationCacheEnabled=true, rotatable=false, handlesAlerts=true, databaseEnabled=true, version=42.0, platform=WINDOWS, nativeEvents=false, acceptSslCerts=true, webStorageEnabled=true, locationContextEnabled=true, browserName=firefox, takesScreenshot=true, javascriptEnabled=true, cssSelectorsEnabled=true}]
Session ID: ea98155f-e796-49e3-a164-f2f4fea58445
*** Element info: {Using=xpath, value=.//*[@id=&apos;ctl00_ctl00_MainContent_TabNav_lnkAppointments&apos;]}
	at sun.reflect.GeneratedConstructorAccessor24.newInstance(Unknown Source)
	at sun.reflect.DelegatingConstructorAccessorImpl.newInstance(Unknown Source)
	at java.lang.reflect.Constructor.newInstance(Unknown Source)
	at org.openqa.selenium.remote.ErrorHandler.createThrowable(ErrorHandler.java:206)
	at org.openqa.selenium.remote.ErrorHandler.throwIfResponseFailed(ErrorHandler.java:158)
	at org.openqa.selenium.remote.RemoteWebDriver.execute(RemoteWebDriver.java:595)
	at org.openqa.selenium.remote.RemoteWebDriver.findElement(RemoteWebDriver.java:348)
	at org.openqa.selenium.remote.RemoteWebDriver.findElementByXPath(RemoteWebDriver.java:445)
	at org.openqa.selenium.By$ByXPath.findElement(By.java:358)
	at org.openqa.selenium.remote.RemoteWebDriver.findElement(RemoteWebDriver.java:340)
	at org.openqa.selenium.support.ui.ExpectedConditions.findElement(ExpectedConditions.java:861)
	at org.openqa.selenium.support.ui.ExpectedConditions.access$0(ExpectedConditions.java:859)
	at org.openqa.selenium.support.ui.ExpectedConditions$7.apply(ExpectedConditions.java:205)
	at org.openqa.selenium.support.ui.ExpectedConditions$7.apply(ExpectedConditions.java:1)
	at org.openqa.selenium.support.ui.FluentWait.until(FluentWait.java:209)
	... 25 more
Caused by: org.openqa.selenium.NoSuchElementException: Unable to locate element: {&quot;method&quot;:&quot;xpath&quot;,&quot;selector&quot;:&quot;.//*[@id=&apos;ctl00_ctl00_MainContent_TabNav_lnkAppointments&apos;]&quot;}
For documentation on this error, please visit: http://seleniumhq.org/exceptions/no_such_element.html
Build info: version: &apos;2.47.1&apos;, revision: &apos;411b314&apos;, time: &apos;2015-07-30 02:56:46&apos;
System info: host: &apos;GARIMA7LT&apos;, ip: &apos;10.130.0.96&apos;, os.name: &apos;Windows 10&apos;, os.arch: &apos;amd64&apos;, os.version: &apos;10.0&apos;, java.version: &apos;1.8.0_121&apos;
Driver info: driver.version: unknown
	at &lt;anonymous class&gt;.FirefoxDriver.prototype.findElementInternal_(file:///C:/Users/garima/AppData/Local/Temp/anonymous745073151672774279webdriver-profile/extensions/fxdriver@googlecode.com/components/driver-component.js:10667)
	at &lt;anonymous class&gt;.FirefoxDriver.prototype.findElement(file:///C:/Users/garima/AppData/Local/Temp/anonymous745073151672774279webdriver-profile/extensions/fxdriver@googlecode.com/components/driver-component.js:10676)
	at &lt;anonymous class&gt;.DelayedCommand.prototype.executeInternal_/h(file:///C:/Users/garima/AppData/Local/Temp/anonymous745073151672774279webdriver-profile/extensions/fxdriver@googlecode.com/components/command-processor.js:12643)
	at &lt;anonymous class&gt;.DelayedCommand.prototype.executeInternal_(file:///C:/Users/garima/AppData/Local/Temp/anonymous745073151672774279webdriver-profile/extensions/fxdriver@googlecode.com/components/command-processor.js:12648)
	at &lt;anonymous class&gt;.DelayedCommand.prototype.execute/&lt;(file:///C:/Users/garima/AppData/Local/Temp/anonymous745073151672774279webdriver-profile/extensions/fxdriver@googlecode.com/components/command-processor.js:12590)
</pre></div></td>
<td>32</td>
<td>virginia_regression._10_Verify_Promise_Kept@1e643faf</td></tr>
<tr>
<td title='virginia_regression._9_Verify_RP_Contractual_LateStatus._7_businessdate_et_contractualduedate()'><b>_7_businessdate_et_contractualduedate</b><br>Test class: virginia_regression._9_Verify_RP_Contractual_LateStatus</td>
<td><div><pre>org.openqa.selenium.WebDriverException: unknown error: Element &lt;a id=&quot;ctl00_ctl00_MainContent_ChildContent1_lnkEdit&quot; href=&quot;store.aspx?action=edit&amp;amp;id=167&quot;&gt;...&lt;/a&gt; is not clickable at point (1830, 6). Other element would receive the click: &lt;div id=&quot;ctl00_ctl00_AppHeader_pnlCompanyMsg&quot; class=&quot;corp-msg&quot;&gt;...&lt;/div&gt;
  (Session info: chrome=58.0.3029.110)
  (Driver info: chromedriver=2.28.455520 (cc17746adff54984afff480136733114c6b3704b),platform=Windows NT 10.0.14393 x86_64) (WARNING: The server did not provide any stacktrace information)
Command duration or timeout: 49 milliseconds
Build info: version: &apos;2.47.1&apos;, revision: &apos;411b314&apos;, time: &apos;2015-07-30 02:56:46&apos;
System info: host: &apos;GARIMA7LT&apos;, ip: &apos;10.130.0.96&apos;, os.name: &apos;Windows 10&apos;, os.arch: &apos;amd64&apos;, os.version: &apos;10.0&apos;, java.version: &apos;1.8.0_121&apos;
Driver info: org.openqa.selenium.chrome.ChromeDriver
Capabilities [{applicationCacheEnabled=false, rotatable=false, mobileEmulationEnabled=false, networkConnectionEnabled=false, chrome={chromedriverVersion=2.28.455520 (cc17746adff54984afff480136733114c6b3704b), userDataDir=C:\Users\garima\AppData\Local\Temp\scoped_dir14824_9258}, takesHeapSnapshot=true, pageLoadStrategy=normal, databaseEnabled=false, handlesAlerts=true, hasTouchScreen=false, version=58.0.3029.110, platform=XP, browserConnectionEnabled=false, nativeEvents=true, acceptSslCerts=true, locationContextEnabled=true, webStorageEnabled=true, browserName=chrome, takesScreenshot=true, javascriptEnabled=true, cssSelectorsEnabled=true, unexpectedAlertBehaviour=}]
Session ID: 7dd75f8faa5c0b04046a7a099208bd71
	at org.openqa.selenium.remote.ErrorHandler.createThrowable(ErrorHandler.java:206)
	at org.openqa.selenium.remote.ErrorHandler.throwIfResponseFailed(ErrorHandler.java:158)
	at org.openqa.selenium.remote.RemoteWebDriver.execute(RemoteWebDriver.java:595)
	at org.openqa.selenium.remote.RemoteWebElement.execute(RemoteWebElement.java:273)
	at org.openqa.selenium.remote.RemoteWebElement.click(RemoteWebElement.java:84)
	at virginia_regression._9_Verify_RP_Contractual_LateStatus._7_businessdate_et_contractualduedate(_9_Verify_RP_Contractual_LateStatus.java:362)
... Removed 28 stack frames</pre></div><a href='#' onClick='toggleBox("stack-trace1444635117", this, "Click to show all stack frames", "Click to hide stack frames")'>Click to show all stack frames</a>
<div class='stack-trace' id='stack-trace1444635117'><pre>org.openqa.selenium.WebDriverException: unknown error: Element &lt;a id=&quot;ctl00_ctl00_MainContent_ChildContent1_lnkEdit&quot; href=&quot;store.aspx?action=edit&amp;amp;id=167&quot;&gt;...&lt;/a&gt; is not clickable at point (1830, 6). Other element would receive the click: &lt;div id=&quot;ctl00_ctl00_AppHeader_pnlCompanyMsg&quot; class=&quot;corp-msg&quot;&gt;...&lt;/div&gt;
  (Session info: chrome=58.0.3029.110)
  (Driver info: chromedriver=2.28.455520 (cc17746adff54984afff480136733114c6b3704b),platform=Windows NT 10.0.14393 x86_64) (WARNING: The server did not provide any stacktrace information)
Command duration or timeout: 49 milliseconds
Build info: version: &apos;2.47.1&apos;, revision: &apos;411b314&apos;, time: &apos;2015-07-30 02:56:46&apos;
System info: host: &apos;GARIMA7LT&apos;, ip: &apos;10.130.0.96&apos;, os.name: &apos;Windows 10&apos;, os.arch: &apos;amd64&apos;, os.version: &apos;10.0&apos;, java.version: &apos;1.8.0_121&apos;
Driver info: org.openqa.selenium.chrome.ChromeDriver
Capabilities [{applicationCacheEnabled=false, rotatable=false, mobileEmulationEnabled=false, networkConnectionEnabled=false, chrome={chromedriverVersion=2.28.455520 (cc17746adff54984afff480136733114c6b3704b), userDataDir=C:\Users\garima\AppData\Local\Temp\scoped_dir14824_9258}, takesHeapSnapshot=true, pageLoadStrategy=normal, databaseEnabled=false, handlesAlerts=true, hasTouchScreen=false, version=58.0.3029.110, platform=XP, browserConnectionEnabled=false, nativeEvents=true, acceptSslCerts=true, locationContextEnabled=true, webStorageEnabled=true, browserName=chrome, takesScreenshot=true, javascriptEnabled=true, cssSelectorsEnabled=true, unexpectedAlertBehaviour=}]
Session ID: 7dd75f8faa5c0b04046a7a099208bd71
	at sun.reflect.NativeConstructorAccessorImpl.newInstance0(Native Method)
	at sun.reflect.NativeConstructorAccessorImpl.newInstance(Unknown Source)
	at sun.reflect.DelegatingConstructorAccessorImpl.newInstance(Unknown Source)
	at java.lang.reflect.Constructor.newInstance(Unknown Source)
	at org.openqa.selenium.remote.ErrorHandler.createThrowable(ErrorHandler.java:206)
	at org.openqa.selenium.remote.ErrorHandler.throwIfResponseFailed(ErrorHandler.java:158)
	at org.openqa.selenium.remote.RemoteWebDriver.execute(RemoteWebDriver.java:595)
	at org.openqa.selenium.remote.RemoteWebElement.execute(RemoteWebElement.java:273)
	at org.openqa.selenium.remote.RemoteWebElement.click(RemoteWebElement.java:84)
	at virginia_regression._9_Verify_RP_Contractual_LateStatus._7_businessdate_et_contractualduedate(_9_Verify_RP_Contractual_LateStatus.java:362)
	at sun.reflect.NativeMethodAccessorImpl.invoke0(Native Method)
	at sun.reflect.NativeMethodAccessorImpl.invoke(Unknown Source)
	at sun.reflect.DelegatingMethodAccessorImpl.invoke(Unknown Source)
	at java.lang.reflect.Method.invoke(Unknown Source)
	at org.testng.internal.MethodInvocationHelper.invokeMethod(MethodInvocationHelper.java:84)
	at org.testng.internal.Invoker.invokeMethod(Invoker.java:714)
	at org.testng.internal.Invoker.invokeTestMethod(Invoker.java:901)
	at org.testng.internal.Invoker.invokeTestMethods(Invoker.java:1231)
	at org.testng.internal.TestMethodWorker.invokeTestMethods(TestMethodWorker.java:127)
	at org.testng.internal.TestMethodWorker.run(TestMethodWorker.java:111)
	at org.testng.TestRunner.privateRun(TestRunner.java:767)
	at org.testng.TestRunner.run(TestRunner.java:617)
	at org.testng.SuiteRunner.runTest(SuiteRunner.java:334)
	at org.testng.SuiteRunner.runSequentially(SuiteRunner.java:329)
	at org.testng.SuiteRunner.privateRun(SuiteRunner.java:291)
	at org.testng.SuiteRunner.run(SuiteRunner.java:240)
	at org.testng.SuiteRunnerWorker.runSuite(SuiteRunnerWorker.java:52)
	at org.testng.SuiteRunnerWorker.run(SuiteRunnerWorker.java:86)
	at org.testng.TestNG.runSuitesSequentially(TestNG.java:1224)
	at org.testng.TestNG.runSuitesLocally(TestNG.java:1149)
	at org.testng.TestNG.run(TestNG.java:1057)
	at org.testng.remote.RemoteTestNG.run(RemoteTestNG.java:111)
	at org.testng.remote.RemoteTestNG.initAndRun(RemoteTestNG.java:204)
	at org.testng.remote.RemoteTestNG.main(RemoteTestNG.java:175)
</pre></div></td>
<td>0</td>
<td>virginia_regression._9_Verify_RP_Contractual_LateStatus@6a5fc7f7</td></tr>
<tr>
<td title='virginia_regression._9_Verify_RP_Contractual_LateStatus._8_busineesdate_gt_contractualduedate()'><b>_8_busineesdate_gt_contractualduedate</b><br>Test class: virginia_regression._9_Verify_RP_Contractual_LateStatus</td>
<td><div><pre>org.openqa.selenium.WebDriverException: unknown error: Element &lt;a id=&quot;ctl00_ctl00_MainContent_ChildContent1_lnkEdit&quot; href=&quot;store.aspx?action=edit&amp;amp;id=167&quot;&gt;...&lt;/a&gt; is not clickable at point (1830, 6). Other element would receive the click: &lt;div id=&quot;ctl00_ctl00_AppHeader_pnlCompanyMsg&quot; class=&quot;corp-msg&quot;&gt;...&lt;/div&gt;
  (Session info: chrome=58.0.3029.110)
  (Driver info: chromedriver=2.28.455520 (cc17746adff54984afff480136733114c6b3704b),platform=Windows NT 10.0.14393 x86_64) (WARNING: The server did not provide any stacktrace information)
Command duration or timeout: 51 milliseconds
Build info: version: &apos;2.47.1&apos;, revision: &apos;411b314&apos;, time: &apos;2015-07-30 02:56:46&apos;
System info: host: &apos;GARIMA7LT&apos;, ip: &apos;10.130.0.96&apos;, os.name: &apos;Windows 10&apos;, os.arch: &apos;amd64&apos;, os.version: &apos;10.0&apos;, java.version: &apos;1.8.0_121&apos;
Driver info: org.openqa.selenium.chrome.ChromeDriver
Capabilities [{applicationCacheEnabled=false, rotatable=false, mobileEmulationEnabled=false, networkConnectionEnabled=false, chrome={chromedriverVersion=2.28.455520 (cc17746adff54984afff480136733114c6b3704b), userDataDir=C:\Users\garima\AppData\Local\Temp\scoped_dir14824_9258}, takesHeapSnapshot=true, pageLoadStrategy=normal, databaseEnabled=false, handlesAlerts=true, hasTouchScreen=false, version=58.0.3029.110, platform=XP, browserConnectionEnabled=false, nativeEvents=true, acceptSslCerts=true, locationContextEnabled=true, webStorageEnabled=true, browserName=chrome, takesScreenshot=true, javascriptEnabled=true, cssSelectorsEnabled=true, unexpectedAlertBehaviour=}]
Session ID: 7dd75f8faa5c0b04046a7a099208bd71
	at org.openqa.selenium.remote.ErrorHandler.createThrowable(ErrorHandler.java:206)
	at org.openqa.selenium.remote.ErrorHandler.throwIfResponseFailed(ErrorHandler.java:158)
	at org.openqa.selenium.remote.RemoteWebDriver.execute(RemoteWebDriver.java:595)
	at org.openqa.selenium.remote.RemoteWebElement.execute(RemoteWebElement.java:273)
	at org.openqa.selenium.remote.RemoteWebElement.click(RemoteWebElement.java:84)
	at virginia_regression._9_Verify_RP_Contractual_LateStatus._8_busineesdate_gt_contractualduedate(_9_Verify_RP_Contractual_LateStatus.java:416)
... Removed 28 stack frames</pre></div><a href='#' onClick='toggleBox("stack-trace178192958", this, "Click to show all stack frames", "Click to hide stack frames")'>Click to show all stack frames</a>
<div class='stack-trace' id='stack-trace178192958'><pre>org.openqa.selenium.WebDriverException: unknown error: Element &lt;a id=&quot;ctl00_ctl00_MainContent_ChildContent1_lnkEdit&quot; href=&quot;store.aspx?action=edit&amp;amp;id=167&quot;&gt;...&lt;/a&gt; is not clickable at point (1830, 6). Other element would receive the click: &lt;div id=&quot;ctl00_ctl00_AppHeader_pnlCompanyMsg&quot; class=&quot;corp-msg&quot;&gt;...&lt;/div&gt;
  (Session info: chrome=58.0.3029.110)
  (Driver info: chromedriver=2.28.455520 (cc17746adff54984afff480136733114c6b3704b),platform=Windows NT 10.0.14393 x86_64) (WARNING: The server did not provide any stacktrace information)
Command duration or timeout: 51 milliseconds
Build info: version: &apos;2.47.1&apos;, revision: &apos;411b314&apos;, time: &apos;2015-07-30 02:56:46&apos;
System info: host: &apos;GARIMA7LT&apos;, ip: &apos;10.130.0.96&apos;, os.name: &apos;Windows 10&apos;, os.arch: &apos;amd64&apos;, os.version: &apos;10.0&apos;, java.version: &apos;1.8.0_121&apos;
Driver info: org.openqa.selenium.chrome.ChromeDriver
Capabilities [{applicationCacheEnabled=false, rotatable=false, mobileEmulationEnabled=false, networkConnectionEnabled=false, chrome={chromedriverVersion=2.28.455520 (cc17746adff54984afff480136733114c6b3704b), userDataDir=C:\Users\garima\AppData\Local\Temp\scoped_dir14824_9258}, takesHeapSnapshot=true, pageLoadStrategy=normal, databaseEnabled=false, handlesAlerts=true, hasTouchScreen=false, version=58.0.3029.110, platform=XP, browserConnectionEnabled=false, nativeEvents=true, acceptSslCerts=true, locationContextEnabled=true, webStorageEnabled=true, browserName=chrome, takesScreenshot=true, javascriptEnabled=true, cssSelectorsEnabled=true, unexpectedAlertBehaviour=}]
Session ID: 7dd75f8faa5c0b04046a7a099208bd71
	at sun.reflect.NativeConstructorAccessorImpl.newInstance0(Native Method)
	at sun.reflect.NativeConstructorAccessorImpl.newInstance(Unknown Source)
	at sun.reflect.DelegatingConstructorAccessorImpl.newInstance(Unknown Source)
	at java.lang.reflect.Constructor.newInstance(Unknown Source)
	at org.openqa.selenium.remote.ErrorHandler.createThrowable(ErrorHandler.java:206)
	at org.openqa.selenium.remote.ErrorHandler.throwIfResponseFailed(ErrorHandler.java:158)
	at org.openqa.selenium.remote.RemoteWebDriver.execute(RemoteWebDriver.java:595)
	at org.openqa.selenium.remote.RemoteWebElement.execute(RemoteWebElement.java:273)
	at org.openqa.selenium.remote.RemoteWebElement.click(RemoteWebElement.java:84)
	at virginia_regression._9_Verify_RP_Contractual_LateStatus._8_busineesdate_gt_contractualduedate(_9_Verify_RP_Contractual_LateStatus.java:416)
	at sun.reflect.NativeMethodAccessorImpl.invoke0(Native Method)
	at sun.reflect.NativeMethodAccessorImpl.invoke(Unknown Source)
	at sun.reflect.DelegatingMethodAccessorImpl.invoke(Unknown Source)
	at java.lang.reflect.Method.invoke(Unknown Source)
	at org.testng.internal.MethodInvocationHelper.invokeMethod(MethodInvocationHelper.java:84)
	at org.testng.internal.Invoker.invokeMethod(Invoker.java:714)
	at org.testng.internal.Invoker.invokeTestMethod(Invoker.java:901)
	at org.testng.internal.Invoker.invokeTestMethods(Invoker.java:1231)
	at org.testng.internal.TestMethodWorker.invokeTestMethods(TestMethodWorker.java:127)
	at org.testng.internal.TestMethodWorker.run(TestMethodWorker.java:111)
	at org.testng.TestRunner.privateRun(TestRunner.java:767)
	at org.testng.TestRunner.run(TestRunner.java:617)
	at org.testng.SuiteRunner.runTest(SuiteRunner.java:334)
	at org.testng.SuiteRunner.runSequentially(SuiteRunner.java:329)
	at org.testng.SuiteRunner.privateRun(SuiteRunner.java:291)
	at org.testng.SuiteRunner.run(SuiteRunner.java:240)
	at org.testng.SuiteRunnerWorker.runSuite(SuiteRunnerWorker.java:52)
	at org.testng.SuiteRunnerWorker.run(SuiteRunnerWorker.java:86)
	at org.testng.TestNG.runSuitesSequentially(TestNG.java:1224)
	at org.testng.TestNG.runSuitesLocally(TestNG.java:1149)
	at org.testng.TestNG.run(TestNG.java:1057)
	at org.testng.remote.RemoteTestNG.run(RemoteTestNG.java:111)
	at org.testng.remote.RemoteTestNG.initAndRun(RemoteTestNG.java:204)
	at org.testng.remote.RemoteTestNG.main(RemoteTestNG.java:175)
</pre></div></td>
<td>0</td>
<td>virginia_regression._9_Verify_RP_Contractual_LateStatus@6a5fc7f7</td></tr>
<tr>
<td title='virginia_regression._10_Verify_Promise_Kept._8_homeScreen_on_appointment_creationdt()'><b>_8_homeScreen_on_appointment_creationdt</b><br>Test class: virginia_regression._10_Verify_Promise_Kept</td>
<td><div><pre>java.lang.AssertionError: expected [N/A] but found [-]
	at virginia_regression._10_Verify_Promise_Kept._8_homeScreen_on_appointment_creationdt(_10_Verify_Promise_Kept.java:635)
... Removed 29 stack frames</pre></div><a href='#' onClick='toggleBox("stack-trace989321301", this, "Click to show all stack frames", "Click to hide stack frames")'>Click to show all stack frames</a>
<div class='stack-trace' id='stack-trace989321301'><pre>java.lang.AssertionError: expected [N/A] but found [-]
	at org.testng.Assert.fail(Assert.java:94)
	at org.testng.Assert.failNotEquals(Assert.java:494)
	at org.testng.Assert.assertEquals(Assert.java:123)
	at org.testng.Assert.assertEquals(Assert.java:176)
	at org.testng.Assert.assertEquals(Assert.java:186)
	at virginia_regression._10_Verify_Promise_Kept._8_homeScreen_on_appointment_creationdt(_10_Verify_Promise_Kept.java:635)
	at sun.reflect.NativeMethodAccessorImpl.invoke0(Native Method)
	at sun.reflect.NativeMethodAccessorImpl.invoke(Unknown Source)
	at sun.reflect.DelegatingMethodAccessorImpl.invoke(Unknown Source)
	at java.lang.reflect.Method.invoke(Unknown Source)
	at org.testng.internal.MethodInvocationHelper.invokeMethod(MethodInvocationHelper.java:84)
	at org.testng.internal.Invoker.invokeMethod(Invoker.java:714)
	at org.testng.internal.Invoker.invokeTestMethod(Invoker.java:901)
	at org.testng.internal.Invoker.invokeTestMethods(Invoker.java:1231)
	at org.testng.internal.TestMethodWorker.invokeTestMethods(TestMethodWorker.java:127)
	at org.testng.internal.TestMethodWorker.run(TestMethodWorker.java:111)
	at org.testng.TestRunner.privateRun(TestRunner.java:767)
	at org.testng.TestRunner.run(TestRunner.java:617)
	at org.testng.SuiteRunner.runTest(SuiteRunner.java:334)
	at org.testng.SuiteRunner.runSequentially(SuiteRunner.java:329)
	at org.testng.SuiteRunner.privateRun(SuiteRunner.java:291)
	at org.testng.SuiteRunner.run(SuiteRunner.java:240)
	at org.testng.SuiteRunnerWorker.runSuite(SuiteRunnerWorker.java:52)
	at org.testng.SuiteRunnerWorker.run(SuiteRunnerWorker.java:86)
	at org.testng.TestNG.runSuitesSequentially(TestNG.java:1224)
	at org.testng.TestNG.runSuitesLocally(TestNG.java:1149)
	at org.testng.TestNG.run(TestNG.java:1057)
	at org.testng.remote.RemoteTestNG.run(RemoteTestNG.java:111)
	at org.testng.remote.RemoteTestNG.initAndRun(RemoteTestNG.java:204)
	at org.testng.remote.RemoteTestNG.main(RemoteTestNG.java:175)
</pre></div></td>
<td>0</td>
<td>virginia_regression._10_Verify_Promise_Kept@1e643faf</td></tr>
<tr>
<td title='virginia_regression._9_Verify_RP_Contractual_LateStatus._9_admin_logout()'><b>_9_admin_logout</b><br>Test class: virginia_regression._9_Verify_RP_Contractual_LateStatus</td>
<td><div><pre>org.openqa.selenium.WebDriverException: unknown error: Element &lt;a id=&quot;ctl00_ctl00_MainContent_ChildContent1_lnkEdit&quot; href=&quot;store.aspx?action=edit&amp;amp;id=167&quot;&gt;...&lt;/a&gt; is not clickable at point (1830, 6). Other element would receive the click: &lt;div id=&quot;ctl00_ctl00_AppHeader_pnlCompanyMsg&quot; class=&quot;corp-msg&quot;&gt;...&lt;/div&gt;
  (Session info: chrome=58.0.3029.110)
  (Driver info: chromedriver=2.28.455520 (cc17746adff54984afff480136733114c6b3704b),platform=Windows NT 10.0.14393 x86_64) (WARNING: The server did not provide any stacktrace information)
Command duration or timeout: 60 milliseconds
Build info: version: &apos;2.47.1&apos;, revision: &apos;411b314&apos;, time: &apos;2015-07-30 02:56:46&apos;
System info: host: &apos;GARIMA7LT&apos;, ip: &apos;10.130.0.96&apos;, os.name: &apos;Windows 10&apos;, os.arch: &apos;amd64&apos;, os.version: &apos;10.0&apos;, java.version: &apos;1.8.0_121&apos;
Driver info: org.openqa.selenium.chrome.ChromeDriver
Capabilities [{applicationCacheEnabled=false, rotatable=false, mobileEmulationEnabled=false, networkConnectionEnabled=false, chrome={chromedriverVersion=2.28.455520 (cc17746adff54984afff480136733114c6b3704b), userDataDir=C:\Users\garima\AppData\Local\Temp\scoped_dir14824_9258}, takesHeapSnapshot=true, pageLoadStrategy=normal, databaseEnabled=false, handlesAlerts=true, hasTouchScreen=false, version=58.0.3029.110, platform=XP, browserConnectionEnabled=false, nativeEvents=true, acceptSslCerts=true, locationContextEnabled=true, webStorageEnabled=true, browserName=chrome, takesScreenshot=true, javascriptEnabled=true, cssSelectorsEnabled=true, unexpectedAlertBehaviour=}]
Session ID: 7dd75f8faa5c0b04046a7a099208bd71
	at org.openqa.selenium.remote.ErrorHandler.createThrowable(ErrorHandler.java:206)
	at org.openqa.selenium.remote.ErrorHandler.throwIfResponseFailed(ErrorHandler.java:158)
	at org.openqa.selenium.remote.RemoteWebDriver.execute(RemoteWebDriver.java:595)
	at org.openqa.selenium.remote.RemoteWebElement.execute(RemoteWebElement.java:273)
	at org.openqa.selenium.remote.RemoteWebElement.click(RemoteWebElement.java:84)
	at virginia_regression._9_Verify_RP_Contractual_LateStatus._9_admin_logout(_9_Verify_RP_Contractual_LateStatus.java:473)
... Removed 28 stack frames</pre></div><a href='#' onClick='toggleBox("stack-trace2042120257", this, "Click to show all stack frames", "Click to hide stack frames")'>Click to show all stack frames</a>
<div class='stack-trace' id='stack-trace2042120257'><pre>org.openqa.selenium.WebDriverException: unknown error: Element &lt;a id=&quot;ctl00_ctl00_MainContent_ChildContent1_lnkEdit&quot; href=&quot;store.aspx?action=edit&amp;amp;id=167&quot;&gt;...&lt;/a&gt; is not clickable at point (1830, 6). Other element would receive the click: &lt;div id=&quot;ctl00_ctl00_AppHeader_pnlCompanyMsg&quot; class=&quot;corp-msg&quot;&gt;...&lt;/div&gt;
  (Session info: chrome=58.0.3029.110)
  (Driver info: chromedriver=2.28.455520 (cc17746adff54984afff480136733114c6b3704b),platform=Windows NT 10.0.14393 x86_64) (WARNING: The server did not provide any stacktrace information)
Command duration or timeout: 60 milliseconds
Build info: version: &apos;2.47.1&apos;, revision: &apos;411b314&apos;, time: &apos;2015-07-30 02:56:46&apos;
System info: host: &apos;GARIMA7LT&apos;, ip: &apos;10.130.0.96&apos;, os.name: &apos;Windows 10&apos;, os.arch: &apos;amd64&apos;, os.version: &apos;10.0&apos;, java.version: &apos;1.8.0_121&apos;
Driver info: org.openqa.selenium.chrome.ChromeDriver
Capabilities [{applicationCacheEnabled=false, rotatable=false, mobileEmulationEnabled=false, networkConnectionEnabled=false, chrome={chromedriverVersion=2.28.455520 (cc17746adff54984afff480136733114c6b3704b), userDataDir=C:\Users\garima\AppData\Local\Temp\scoped_dir14824_9258}, takesHeapSnapshot=true, pageLoadStrategy=normal, databaseEnabled=false, handlesAlerts=true, hasTouchScreen=false, version=58.0.3029.110, platform=XP, browserConnectionEnabled=false, nativeEvents=true, acceptSslCerts=true, locationContextEnabled=true, webStorageEnabled=true, browserName=chrome, takesScreenshot=true, javascriptEnabled=true, cssSelectorsEnabled=true, unexpectedAlertBehaviour=}]
Session ID: 7dd75f8faa5c0b04046a7a099208bd71
	at sun.reflect.NativeConstructorAccessorImpl.newInstance0(Native Method)
	at sun.reflect.NativeConstructorAccessorImpl.newInstance(Unknown Source)
	at sun.reflect.DelegatingConstructorAccessorImpl.newInstance(Unknown Source)
	at java.lang.reflect.Constructor.newInstance(Unknown Source)
	at org.openqa.selenium.remote.ErrorHandler.createThrowable(ErrorHandler.java:206)
	at org.openqa.selenium.remote.ErrorHandler.throwIfResponseFailed(ErrorHandler.java:158)
	at org.openqa.selenium.remote.RemoteWebDriver.execute(RemoteWebDriver.java:595)
	at org.openqa.selenium.remote.RemoteWebElement.execute(RemoteWebElement.java:273)
	at org.openqa.selenium.remote.RemoteWebElement.click(RemoteWebElement.java:84)
	at virginia_regression._9_Verify_RP_Contractual_LateStatus._9_admin_logout(_9_Verify_RP_Contractual_LateStatus.java:473)
	at sun.reflect.NativeMethodAccessorImpl.invoke0(Native Method)
	at sun.reflect.NativeMethodAccessorImpl.invoke(Unknown Source)
	at sun.reflect.DelegatingMethodAccessorImpl.invoke(Unknown Source)
	at java.lang.reflect.Method.invoke(Unknown Source)
	at org.testng.internal.MethodInvocationHelper.invokeMethod(MethodInvocationHelper.java:84)
	at org.testng.internal.Invoker.invokeMethod(Invoker.java:714)
	at org.testng.internal.Invoker.invokeTestMethod(Invoker.java:901)
	at org.testng.internal.Invoker.invokeTestMethods(Invoker.java:1231)
	at org.testng.internal.TestMethodWorker.invokeTestMethods(TestMethodWorker.java:127)
	at org.testng.internal.TestMethodWorker.run(TestMethodWorker.java:111)
	at org.testng.TestRunner.privateRun(TestRunner.java:767)
	at org.testng.TestRunner.run(TestRunner.java:617)
	at org.testng.SuiteRunner.runTest(SuiteRunner.java:334)
	at org.testng.SuiteRunner.runSequentially(SuiteRunner.java:329)
	at org.testng.SuiteRunner.privateRun(SuiteRunner.java:291)
	at org.testng.SuiteRunner.run(SuiteRunner.java:240)
	at org.testng.SuiteRunnerWorker.runSuite(SuiteRunnerWorker.java:52)
	at org.testng.SuiteRunnerWorker.run(SuiteRunnerWorker.java:86)
	at org.testng.TestNG.runSuitesSequentially(TestNG.java:1224)
	at org.testng.TestNG.runSuitesLocally(TestNG.java:1149)
	at org.testng.TestNG.run(TestNG.java:1057)
	at org.testng.remote.RemoteTestNG.run(RemoteTestNG.java:111)
	at org.testng.remote.RemoteTestNG.initAndRun(RemoteTestNG.java:204)
	at org.testng.remote.RemoteTestNG.main(RemoteTestNG.java:175)
</pre></div></td>
<td>0</td>
<td>virginia_regression._9_Verify_RP_Contractual_LateStatus@6a5fc7f7</td></tr>
<tr>
<td title='virginia_regression._10_Verify_Promise_Kept._9_homeScreen_3days_priortoappointment_creationdt()'><b>_9_homeScreen_3days_priortoappointment_creationdt</b><br>Test class: virginia_regression._10_Verify_Promise_Kept</td>
<td><div><pre>java.lang.AssertionError: expected [N/A] but found [-]
	at virginia_regression._10_Verify_Promise_Kept._9_homeScreen_3days_priortoappointment_creationdt(_10_Verify_Promise_Kept.java:728)
... Removed 29 stack frames</pre></div><a href='#' onClick='toggleBox("stack-trace2038185019", this, "Click to show all stack frames", "Click to hide stack frames")'>Click to show all stack frames</a>
<div class='stack-trace' id='stack-trace2038185019'><pre>java.lang.AssertionError: expected [N/A] but found [-]
	at org.testng.Assert.fail(Assert.java:94)
	at org.testng.Assert.failNotEquals(Assert.java:494)
	at org.testng.Assert.assertEquals(Assert.java:123)
	at org.testng.Assert.assertEquals(Assert.java:176)
	at org.testng.Assert.assertEquals(Assert.java:186)
	at virginia_regression._10_Verify_Promise_Kept._9_homeScreen_3days_priortoappointment_creationdt(_10_Verify_Promise_Kept.java:728)
	at sun.reflect.NativeMethodAccessorImpl.invoke0(Native Method)
	at sun.reflect.NativeMethodAccessorImpl.invoke(Unknown Source)
	at sun.reflect.DelegatingMethodAccessorImpl.invoke(Unknown Source)
	at java.lang.reflect.Method.invoke(Unknown Source)
	at org.testng.internal.MethodInvocationHelper.invokeMethod(MethodInvocationHelper.java:84)
	at org.testng.internal.Invoker.invokeMethod(Invoker.java:714)
	at org.testng.internal.Invoker.invokeTestMethod(Invoker.java:901)
	at org.testng.internal.Invoker.invokeTestMethods(Invoker.java:1231)
	at org.testng.internal.TestMethodWorker.invokeTestMethods(TestMethodWorker.java:127)
	at org.testng.internal.TestMethodWorker.run(TestMethodWorker.java:111)
	at org.testng.TestRunner.privateRun(TestRunner.java:767)
	at org.testng.TestRunner.run(TestRunner.java:617)
	at org.testng.SuiteRunner.runTest(SuiteRunner.java:334)
	at org.testng.SuiteRunner.runSequentially(SuiteRunner.java:329)
	at org.testng.SuiteRunner.privateRun(SuiteRunner.java:291)
	at org.testng.SuiteRunner.run(SuiteRunner.java:240)
	at org.testng.SuiteRunnerWorker.runSuite(SuiteRunnerWorker.java:52)
	at org.testng.SuiteRunnerWorker.run(SuiteRunnerWorker.java:86)
	at org.testng.TestNG.runSuitesSequentially(TestNG.java:1224)
	at org.testng.TestNG.runSuitesLocally(TestNG.java:1149)
	at org.testng.TestNG.run(TestNG.java:1057)
	at org.testng.remote.RemoteTestNG.run(RemoteTestNG.java:111)
	at org.testng.remote.RemoteTestNG.initAndRun(RemoteTestNG.java:204)
	at org.testng.remote.RemoteTestNG.main(RemoteTestNG.java:175)
</pre></div></td>
<td>0</td>
<td>virginia_regression._10_Verify_Promise_Kept@1e643faf</td></tr>
</table><p>
<table width='100%' border='1' class='invocation-passed'>
<tr><td colspan='4' align='center'><b>PASSED TESTS</b></td></tr>
<tr><td><b>Test method</b></td>
<td width="30%"><b>Exception</b></td>
<td width="10%"><b>Time (seconds)</b></td>
<td><b>Instance</b></td>
</tr>
<tr>
<td title='virginia_regression._8_Verify_CreditLineIncreaseButton_disabled_LateCustomers._10_business_date_backtoorginal()'><b>_10_business_date_backtoorginal</b><br>Test class: virginia_regression._8_Verify_CreditLineIncreaseButton_disabled_LateCustomers</td>
<td></td>
<td>7</td>
<td>virginia_regression._8_Verify_CreditLineIncreaseButton_disabled_LateCustomers@7a79be86</td></tr>
<tr>
<td title='virginia_regression._11_Verify_Promise_NotKept._10_homescreen_2days_priortoapptdt()'><b>_10_homescreen_2days_priortoapptdt</b><br>Test class: virginia_regression._11_Verify_Promise_NotKept</td>
<td></td>
<td>6</td>
<td>virginia_regression._11_Verify_Promise_NotKept@43a25848</td></tr>
<tr>
<td title='virginia_regression._9_Verify_RP_Contractual_LateStatus._10_void_loan()'><b>_10_void_loan</b><br>Test class: virginia_regression._9_Verify_RP_Contractual_LateStatus</td>
<td></td>
<td>4</td>
<td>virginia_regression._9_Verify_RP_Contractual_LateStatus@6a5fc7f7</td></tr>
<tr>
<td title='virginia_regression._11_Verify_Promise_NotKept._11_homescreen_beyondapptdt()'><b>_11_homescreen_beyondapptdt</b><br>Test class: virginia_regression._11_Verify_Promise_NotKept</td>
<td></td>
<td>29</td>
<td>virginia_regression._11_Verify_Promise_NotKept@43a25848</td></tr>
<tr>
<td title='virginia_regression._8_Verify_CreditLineIncreaseButton_disabled_LateCustomers._11_log_out_admin()'><b>_11_log_out_admin</b><br>Test class: virginia_regression._8_Verify_CreditLineIncreaseButton_disabled_LateCustomers</td>
<td></td>
<td>3</td>
<td>virginia_regression._8_Verify_CreditLineIncreaseButton_disabled_LateCustomers@7a79be86</td></tr>
<tr>
<td title='virginia_regression._11_Verify_Promise_NotKept._12_businessdatebacktoOriginal()'><b>_12_businessdatebacktoOriginal</b><br>Test class: virginia_regression._11_Verify_Promise_NotKept</td>
<td></td>
<td>12</td>
<td>virginia_regression._11_Verify_Promise_NotKept@43a25848</td></tr>
<tr>
<td title='virginia_regression._8_Verify_CreditLineIncreaseButton_disabled_LateCustomers._12_log_out_teller()'><b>_12_log_out_teller</b><br>Test class: virginia_regression._8_Verify_CreditLineIncreaseButton_disabled_LateCustomers</td>
<td></td>
<td>4</td>
<td>virginia_regression._8_Verify_CreditLineIncreaseButton_disabled_LateCustomers@7a79be86</td></tr>
<tr>
<td title='virginia_regression._10_Verify_Promise_Kept._13_businessdatebacktoOriginal()'><b>_13_businessdatebacktoOriginal</b><br>Test class: virginia_regression._10_Verify_Promise_Kept</td>
<td></td>
<td>6</td>
<td>virginia_regression._10_Verify_Promise_Kept@1e643faf</td></tr>
<tr>
<td title='virginia_regression._11_Verify_Promise_NotKept._13_log_out_teller()'><b>_13_log_out_teller</b><br>Test class: virginia_regression._11_Verify_Promise_NotKept</td>
<td></td>
<td>2</td>
<td>virginia_regression._11_Verify_Promise_NotKept@43a25848</td></tr>
<tr>
<td title='virginia_regression._8_Verify_CreditLineIncreaseButton_disabled_LateCustomers._1_admin_login()'><b>_1_admin_login</b><br>Test class: virginia_regression._8_Verify_CreditLineIncreaseButton_disabled_LateCustomers</td>
<td></td>
<td>14</td>
<td>virginia_regression._8_Verify_CreditLineIncreaseButton_disabled_LateCustomers@7a79be86</td></tr>
<tr>
<td title='virginia_regression._9_Verify_RP_Contractual_LateStatus._1_businessdatechange()'><b>_1_businessdatechange</b><br>Test class: virginia_regression._9_Verify_RP_Contractual_LateStatus</td>
<td></td>
<td>14</td>
<td>virginia_regression._9_Verify_RP_Contractual_LateStatus@6a5fc7f7</td></tr>
<tr>
<td title='virginia_regression._1_Create_LOC_ThreshholdMaxAmount_Credit._1_navigate_to_eCashURL()'><b>_1_navigate_to_eCashURL</b><br>Test class: virginia_regression._1_Create_LOC_ThreshholdMaxAmount_Credit</td>
<td></td>
<td>10</td>
<td>virginia_regression._1_Create_LOC_ThreshholdMaxAmount_Credit@3b6eb2ec</td></tr>
<tr>
<td title='virginia_regression._2_Verify_LOC_RPAmt_Draw_100_to_5000._1_navigate_to_eCashURL()'><b>_1_navigate_to_eCashURL</b><br>Test class: virginia_regression._2_Verify_LOC_RPAmt_Draw_100_to_5000</td>
<td></td>
<td>15</td>
<td>virginia_regression._2_Verify_LOC_RPAmt_Draw_100_to_5000@d041cf</td></tr>
<tr>
<td title='virginia_regression._3_Verify_LOC_RPPay_Draw_Cdt_Eql._1_navigate_to_eCashURL()'><b>_1_navigate_to_eCashURL</b><br>Test class: virginia_regression._3_Verify_LOC_RPPay_Draw_Cdt_Eql</td>
<td></td>
<td>14</td>
<td>virginia_regression._3_Verify_LOC_RPPay_Draw_Cdt_Eql@3ac3fd8b</td></tr>
<tr>
<td title='virginia_regression._4_Verify_Available_Credit_PostRP_disenrollment._1_navigate_to_eCashURL()'><b>_1_navigate_to_eCashURL</b><br>Test class: virginia_regression._4_Verify_Available_Credit_PostRP_disenrollment</td>
<td></td>
<td>11</td>
<td>virginia_regression._4_Verify_Available_Credit_PostRP_disenrollment@5594a1b5</td></tr>
<tr>
<td title='virginia_regression._5_IncreaseCreditLimit._1_navigate_to_eCashURL()'><b>_1_navigate_to_eCashURL</b><br>Test class: virginia_regression._5_IncreaseCreditLimit</td>
<td></td>
<td>8</td>
<td>virginia_regression._5_IncreaseCreditLimit@b684286</td></tr>
<tr>
<td title='virginia_regression._7_Verify_RPDueDate_within10days_OriginationDate._1_navigate_to_eCashURL()'><b>_1_navigate_to_eCashURL</b><br>Test class: virginia_regression._7_Verify_RPDueDate_within10days_OriginationDate</td>
<td></td>
<td>24</td>
<td>virginia_regression._7_Verify_RPDueDate_within10days_OriginationDate@6e8dacdf</td></tr>
<tr>
<td title='virginia_regression._10_Verify_Promise_Kept._1_navigate_to_eCashURL()'><b>_1_navigate_to_eCashURL</b><br>Test class: virginia_regression._10_Verify_Promise_Kept</td>
<td></td>
<td>9</td>
<td>virginia_regression._10_Verify_Promise_Kept@1e643faf</td></tr>
<tr>
<td title='virginia_regression._11_Verify_Promise_NotKept._1_navigate_to_eCashURL()'><b>_1_navigate_to_eCashURL</b><br>Test class: virginia_regression._11_Verify_Promise_NotKept</td>
<td></td>
<td>7</td>
<td>virginia_regression._11_Verify_Promise_NotKept@43a25848</td></tr>
<tr>
<td title='virginia_regression._6_DecreaseCreditLimit._1_navigate_to_eCashteller()'><b>_1_navigate_to_eCashteller</b><br>Test class: virginia_regression._6_DecreaseCreditLimit</td>
<td></td>
<td>7</td>
<td>virginia_regression._6_DecreaseCreditLimit@34ce8af7</td></tr>
<tr>
<td title='virginia_regression._4_Verify_Available_Credit_PostRP_disenrollment._2_admin_login()'><b>_2_admin_login</b><br>Test class: virginia_regression._4_Verify_Available_Credit_PostRP_disenrollment</td>
<td></td>
<td>14</td>
<td>virginia_regression._4_Verify_Available_Credit_PostRP_disenrollment@5594a1b5</td></tr>
<tr>
<td title='virginia_regression._8_Verify_CreditLineIncreaseButton_disabled_LateCustomers._2_navigate_to_eCashURL()'><b>_2_navigate_to_eCashURL</b><br>Test class: virginia_regression._8_Verify_CreditLineIncreaseButton_disabled_LateCustomers</td>
<td></td>
<td>7</td>
<td>virginia_regression._8_Verify_CreditLineIncreaseButton_disabled_LateCustomers@7a79be86</td></tr>
<tr>
<td title='virginia_regression._9_Verify_RP_Contractual_LateStatus._2_navigate_to_eCashURL()'><b>_2_navigate_to_eCashURL</b><br>Test class: virginia_regression._9_Verify_RP_Contractual_LateStatus</td>
<td></td>
<td>7</td>
<td>virginia_regression._9_Verify_RP_Contractual_LateStatus@6a5fc7f7</td></tr>
<tr>
<td title='virginia_regression._1_Create_LOC_ThreshholdMaxAmount_Credit._2_teller_login()'><b>_2_teller_login</b><br>Test class: virginia_regression._1_Create_LOC_ThreshholdMaxAmount_Credit</td>
<td></td>
<td>20</td>
<td>virginia_regression._1_Create_LOC_ThreshholdMaxAmount_Credit@3b6eb2ec</td></tr>
<tr>
<td title='virginia_regression._2_Verify_LOC_RPAmt_Draw_100_to_5000._2_teller_login()'><b>_2_teller_login</b><br>Test class: virginia_regression._2_Verify_LOC_RPAmt_Draw_100_to_5000</td>
<td></td>
<td>20</td>
<td>virginia_regression._2_Verify_LOC_RPAmt_Draw_100_to_5000@d041cf</td></tr>
<tr>
<td title='virginia_regression._3_Verify_LOC_RPPay_Draw_Cdt_Eql._2_teller_login()'><b>_2_teller_login</b><br>Test class: virginia_regression._3_Verify_LOC_RPPay_Draw_Cdt_Eql</td>
<td></td>
<td>16</td>
<td>virginia_regression._3_Verify_LOC_RPPay_Draw_Cdt_Eql@3ac3fd8b</td></tr>
<tr>
<td title='virginia_regression._5_IncreaseCreditLimit._2_teller_login()'><b>_2_teller_login</b><br>Test class: virginia_regression._5_IncreaseCreditLimit</td>
<td></td>
<td>9</td>
<td>virginia_regression._5_IncreaseCreditLimit@b684286</td></tr>
<tr>
<td title='virginia_regression._6_DecreaseCreditLimit._2_teller_login()'><b>_2_teller_login</b><br>Test class: virginia_regression._6_DecreaseCreditLimit</td>
<td></td>
<td>10</td>
<td>virginia_regression._6_DecreaseCreditLimit@34ce8af7</td></tr>
<tr>
<td title='virginia_regression._7_Verify_RPDueDate_within10days_OriginationDate._2_teller_login()'><b>_2_teller_login</b><br>Test class: virginia_regression._7_Verify_RPDueDate_within10days_OriginationDate</td>
<td></td>
<td>22</td>
<td>virginia_regression._7_Verify_RPDueDate_within10days_OriginationDate@6e8dacdf</td></tr>
<tr>
<td title='virginia_regression._10_Verify_Promise_Kept._2_teller_login()'><b>_2_teller_login</b><br>Test class: virginia_regression._10_Verify_Promise_Kept</td>
<td></td>
<td>10</td>
<td>virginia_regression._10_Verify_Promise_Kept@1e643faf</td></tr>
<tr>
<td title='virginia_regression._11_Verify_Promise_NotKept._2_teller_login()'><b>_2_teller_login</b><br>Test class: virginia_regression._11_Verify_Promise_NotKept</td>
<td></td>
<td>10</td>
<td>virginia_regression._11_Verify_Promise_NotKept@43a25848</td></tr>
<tr>
<td title='virginia_regression._7_Verify_RPDueDate_within10days_OriginationDate._3_businessdatechange()'><b>_3_businessdatechange</b><br>Test class: virginia_regression._7_Verify_RPDueDate_within10days_OriginationDate</td>
<td></td>
<td>11</td>
<td>virginia_regression._7_Verify_RPDueDate_within10days_OriginationDate@6e8dacdf</td></tr>
<tr>
<td title='virginia_regression._10_Verify_Promise_Kept._3_businessdatechange()'><b>_3_businessdatechange</b><br>Test class: virginia_regression._10_Verify_Promise_Kept</td>
<td></td>
<td>14</td>
<td>virginia_regression._10_Verify_Promise_Kept@1e643faf</td></tr>
<tr>
<td title='virginia_regression._11_Verify_Promise_NotKept._3_businessdatechange()'><b>_3_businessdatechange</b><br>Test class: virginia_regression._11_Verify_Promise_NotKept</td>
<td></td>
<td>15</td>
<td>virginia_regression._11_Verify_Promise_NotKept@43a25848</td></tr>
<tr>
<td title='virginia_regression._5_IncreaseCreditLimit._3_newLOCcreation_$100initialCreditLimit()'><b>_3_newLOCcreation_$100initialCreditLimit</b><br>Test class: virginia_regression._5_IncreaseCreditLimit</td>
<td></td>
<td>18</td>
<td>virginia_regression._5_IncreaseCreditLimit@b684286</td></tr>
<tr>
<td title='virginia_regression._6_DecreaseCreditLimit._3_newLOCcreation_$5000initialCreditLimit()'><b>_3_newLOCcreation_$5000initialCreditLimit</b><br>Test class: virginia_regression._6_DecreaseCreditLimit</td>
<td></td>
<td>19</td>
<td>virginia_regression._6_DecreaseCreditLimit@34ce8af7</td></tr>
<tr>
<td title='virginia_regression._1_Create_LOC_ThreshholdMaxAmount_Credit._3_newcustomer_Creation()'><b>_3_newcustomer_Creation</b><br>Test class: virginia_regression._1_Create_LOC_ThreshholdMaxAmount_Credit</td>
<td></td>
<td>30</td>
<td>virginia_regression._1_Create_LOC_ThreshholdMaxAmount_Credit@3b6eb2ec</td></tr>
<tr>
<td title='virginia_regression._2_Verify_LOC_RPAmt_Draw_100_to_5000._3_newcustomer_Creation()'><b>_3_newcustomer_Creation</b><br>Test class: virginia_regression._2_Verify_LOC_RPAmt_Draw_100_to_5000</td>
<td></td>
<td>24</td>
<td>virginia_regression._2_Verify_LOC_RPAmt_Draw_100_to_5000@d041cf</td></tr>
<tr>
<td title='virginia_regression._4_Verify_Available_Credit_PostRP_disenrollment._3_store_login()'><b>_3_store_login</b><br>Test class: virginia_regression._4_Verify_Available_Credit_PostRP_disenrollment</td>
<td></td>
<td>10</td>
<td>virginia_regression._4_Verify_Available_Credit_PostRP_disenrollment@5594a1b5</td></tr>
<tr>
<td title='virginia_regression._9_Verify_RP_Contractual_LateStatus._3_storelogin()'><b>_3_storelogin</b><br>Test class: virginia_regression._9_Verify_RP_Contractual_LateStatus</td>
<td></td>
<td>24</td>
<td>virginia_regression._9_Verify_RP_Contractual_LateStatus@6a5fc7f7</td></tr>
<tr>
<td title='virginia_regression._8_Verify_CreditLineIncreaseButton_disabled_LateCustomers._3_teller_login()'><b>_3_teller_login</b><br>Test class: virginia_regression._8_Verify_CreditLineIncreaseButton_disabled_LateCustomers</td>
<td></td>
<td>9</td>
<td>virginia_regression._8_Verify_CreditLineIncreaseButton_disabled_LateCustomers@7a79be86</td></tr>
<tr>
<td title='virginia_regression._11_Verify_Promise_NotKept._4_LOC_Creation()'><b>_4_LOC_Creation</b><br>Test class: virginia_regression._11_Verify_Promise_NotKept</td>
<td></td>
<td>36</td>
<td>virginia_regression._11_Verify_Promise_NotKept@43a25848</td></tr>
<tr>
<td title='virginia_regression._1_Create_LOC_ThreshholdMaxAmount_Credit._4_LOC_creation_ThreshholdDraw()'><b>_4_LOC_creation_ThreshholdDraw</b><br>Test class: virginia_regression._1_Create_LOC_ThreshholdMaxAmount_Credit</td>
<td></td>
<td>569</td>
<td>virginia_regression._1_Create_LOC_ThreshholdMaxAmount_Credit@3b6eb2ec</td></tr>
<tr>
<td title='virginia_regression._4_Verify_Available_Credit_PostRP_disenrollment._4_RapidPay_disenrollment()'><b>_4_RapidPay_disenrollment</b><br>Test class: virginia_regression._4_Verify_Available_Credit_PostRP_disenrollment</td>
<td></td>
<td>33</td>
<td>virginia_regression._4_Verify_Available_Credit_PostRP_disenrollment@5594a1b5</td></tr>
<tr>
<td title='virginia_regression._5_IncreaseCreditLimit._4_increaseCreditLimittoMaximumAmount()'><b>_4_increaseCreditLimittoMaximumAmount</b><br>Test class: virginia_regression._5_IncreaseCreditLimit</td>
<td></td>
<td>18</td>
<td>virginia_regression._5_IncreaseCreditLimit@b684286</td></tr>
<tr>
<td title='virginia_regression._6_DecreaseCreditLimit._4_log_out_teller()'><b>_4_log_out_teller</b><br>Test class: virginia_regression._6_DecreaseCreditLimit</td>
<td></td>
<td>4</td>
<td>virginia_regression._6_DecreaseCreditLimit@34ce8af7</td></tr>
<tr>
<td title='virginia_regression._9_Verify_RP_Contractual_LateStatus._4_newLOC_creation()'><b>_4_newLOC_creation</b><br>Test class: virginia_regression._9_Verify_RP_Contractual_LateStatus</td>
<td></td>
<td>20</td>
<td>virginia_regression._9_Verify_RP_Contractual_LateStatus@6a5fc7f7</td></tr>
<tr>
<td title='virginia_regression._2_Verify_LOC_RPAmt_Draw_100_to_5000._4_newLOC_creation_CdtLimitof5000()'><b>_4_newLOC_creation_CdtLimitof5000</b><br>Test class: virginia_regression._2_Verify_LOC_RPAmt_Draw_100_to_5000</td>
<td></td>
<td>15</td>
<td>virginia_regression._2_Verify_LOC_RPAmt_Draw_100_to_5000@d041cf</td></tr>
<tr>
<td title='virginia_regression._7_Verify_RPDueDate_within10days_OriginationDate._4_newLOCs_Creation()'><b>_4_newLOCs_Creation</b><br>Test class: virginia_regression._7_Verify_RPDueDate_within10days_OriginationDate</td>
<td></td>
<td>139</td>
<td>virginia_regression._7_Verify_RPDueDate_within10days_OriginationDate@6e8dacdf</td></tr>
<tr>
<td title='virginia_regression._8_Verify_CreditLineIncreaseButton_disabled_LateCustomers._4_new_LOC_Creation()'><b>_4_new_LOC_Creation</b><br>Test class: virginia_regression._8_Verify_CreditLineIncreaseButton_disabled_LateCustomers</td>
<td></td>
<td>15</td>
<td>virginia_regression._8_Verify_CreditLineIncreaseButton_disabled_LateCustomers@7a79be86</td></tr>
<tr>
<td title='virginia_regression._2_Verify_LOC_RPAmt_Draw_100_to_5000._5_LOC_draw_100to5000()'><b>_5_LOC_draw_100to5000</b><br>Test class: virginia_regression._2_Verify_LOC_RPAmt_Draw_100_to_5000</td>
<td></td>
<td>398</td>
<td>virginia_regression._2_Verify_LOC_RPAmt_Draw_100_to_5000@d041cf</td></tr>
<tr>
<td title='virginia_regression._8_Verify_CreditLineIncreaseButton_disabled_LateCustomers._5_business_date_rolledforwrdto26days()'><b>_5_business_date_rolledforwrdto26days</b><br>Test class: virginia_regression._8_Verify_CreditLineIncreaseButton_disabled_LateCustomers</td>
<td></td>
<td>3</td>
<td>virginia_regression._8_Verify_CreditLineIncreaseButton_disabled_LateCustomers@7a79be86</td></tr>
<tr>
<td title='virginia_regression._10_Verify_Promise_Kept._5_businssdate_rolledforward_beyond_duedate()'><b>_5_businssdate_rolledforward_beyond_duedate</b><br>Test class: virginia_regression._10_Verify_Promise_Kept</td>
<td></td>
<td>2</td>
<td>virginia_regression._10_Verify_Promise_Kept@1e643faf</td></tr>
<tr>
<td title='virginia_regression._11_Verify_Promise_NotKept._5_businssdate_rolledforward_beyond_duedate()'><b>_5_businssdate_rolledforward_beyond_duedate</b><br>Test class: virginia_regression._11_Verify_Promise_NotKept</td>
<td></td>
<td>4</td>
<td>virginia_regression._11_Verify_Promise_NotKept@43a25848</td></tr>
<tr>
<td title='virginia_regression._1_Create_LOC_ThreshholdMaxAmount_Credit._5_log_out()'><b>_5_log_out</b><br>Test class: virginia_regression._1_Create_LOC_ThreshholdMaxAmount_Credit</td>
<td></td>
<td>4</td>
<td>virginia_regression._1_Create_LOC_ThreshholdMaxAmount_Credit@3b6eb2ec</td></tr>
<tr>
<td title='virginia_regression._6_DecreaseCreditLimit._5_navigate_to_eCash_as_Admin()'><b>_5_navigate_to_eCash_as_Admin</b><br>Test class: virginia_regression._6_DecreaseCreditLimit</td>
<td></td>
<td>8</td>
<td>virginia_regression._6_DecreaseCreditLimit@34ce8af7</td></tr>
<tr>
<td title='virginia_regression._7_Verify_RPDueDate_within10days_OriginationDate._5_rapidpay_duedate_BEFORE_10days_of_loanOrigination()'><b>_5_rapidpay_duedate_BEFORE_10days_of_loanOrigination</b><br>Test class: virginia_regression._7_Verify_RPDueDate_within10days_OriginationDate</td>
<td></td>
<td>8</td>
<td>virginia_regression._7_Verify_RPDueDate_within10days_OriginationDate@6e8dacdf</td></tr>
<tr>
<td title='virginia_regression._4_Verify_Available_Credit_PostRP_disenrollment._5_void_loan()'><b>_5_void_loan</b><br>Test class: virginia_regression._4_Verify_Available_Credit_PostRP_disenrollment</td>
<td></td>
<td>3</td>
<td>virginia_regression._4_Verify_Available_Credit_PostRP_disenrollment@5594a1b5</td></tr>
<tr>
<td title='virginia_regression._5_IncreaseCreditLimit._5_void_loan()'><b>_5_void_loan</b><br>Test class: virginia_regression._5_IncreaseCreditLimit</td>
<td></td>
<td>3</td>
<td>virginia_regression._5_IncreaseCreditLimit@b684286</td></tr>
<tr>
<td title='virginia_regression._8_Verify_CreditLineIncreaseButton_disabled_LateCustomers._6_IncreaseCreditLimit_26days()'><b>_6_IncreaseCreditLimit_26days</b><br>Test class: virginia_regression._8_Verify_CreditLineIncreaseButton_disabled_LateCustomers</td>
<td></td>
<td>5</td>
<td>virginia_regression._8_Verify_CreditLineIncreaseButton_disabled_LateCustomers@7a79be86</td></tr>
<tr>
<td title='virginia_regression._6_DecreaseCreditLimit._6_admin_login()'><b>_6_admin_login</b><br>Test class: virginia_regression._6_DecreaseCreditLimit</td>
<td></td>
<td>10</td>
<td>virginia_regression._6_DecreaseCreditLimit@34ce8af7</td></tr>
<tr>
<td title='virginia_regression._11_Verify_Promise_NotKept._6_homescreen_before_appointment_creation()'><b>_6_homescreen_before_appointment_creation</b><br>Test class: virginia_regression._11_Verify_Promise_NotKept</td>
<td></td>
<td>6</td>
<td>virginia_regression._11_Verify_Promise_NotKept@43a25848</td></tr>
<tr>
<td title='virginia_regression._2_Verify_LOC_RPAmt_Draw_100_to_5000._6_log_out()'><b>_6_log_out</b><br>Test class: virginia_regression._2_Verify_LOC_RPAmt_Draw_100_to_5000</td>
<td></td>
<td>4</td>
<td>virginia_regression._2_Verify_LOC_RPAmt_Draw_100_to_5000@d041cf</td></tr>
<tr>
<td title='virginia_regression._5_IncreaseCreditLimit._6_log_out()'><b>_6_log_out</b><br>Test class: virginia_regression._5_IncreaseCreditLimit</td>
<td></td>
<td>1</td>
<td>virginia_regression._5_IncreaseCreditLimit@b684286</td></tr>
<tr>
<td title='virginia_regression._4_Verify_Available_Credit_PostRP_disenrollment._6_log_out_admin()'><b>_6_log_out_admin</b><br>Test class: virginia_regression._4_Verify_Available_Credit_PostRP_disenrollment</td>
<td></td>
<td>4</td>
<td>virginia_regression._4_Verify_Available_Credit_PostRP_disenrollment@5594a1b5</td></tr>
<tr>
<td title='virginia_regression._7_Verify_RPDueDate_within10days_OriginationDate._6_rapidpay_duedate_ON_10days_of_loanOrigination()'><b>_6_rapidpay_duedate_ON_10days_of_loanOrigination</b><br>Test class: virginia_regression._7_Verify_RPDueDate_within10days_OriginationDate</td>
<td></td>
<td>8</td>
<td>virginia_regression._7_Verify_RPDueDate_within10days_OriginationDate@6e8dacdf</td></tr>
<tr>
<td title='virginia_regression._11_Verify_Promise_NotKept._7_appointment_creation()'><b>_7_appointment_creation</b><br>Test class: virginia_regression._11_Verify_Promise_NotKept</td>
<td></td>
<td>12</td>
<td>virginia_regression._11_Verify_Promise_NotKept@43a25848</td></tr>
<tr>
<td title='virginia_regression._8_Verify_CreditLineIncreaseButton_disabled_LateCustomers._7_business_date_rolledforwrdto25days()'><b>_7_business_date_rolledforwrdto25days</b><br>Test class: virginia_regression._8_Verify_CreditLineIncreaseButton_disabled_LateCustomers</td>
<td></td>
<td>3</td>
<td>virginia_regression._8_Verify_CreditLineIncreaseButton_disabled_LateCustomers@7a79be86</td></tr>
<tr>
<td title='virginia_regression._6_DecreaseCreditLimit._7_decreaseCreditLimittoMinimumAmount()'><b>_7_decreaseCreditLimittoMinimumAmount</b><br>Test class: virginia_regression._6_DecreaseCreditLimit</td>
<td></td>
<td>11</td>
<td>virginia_regression._6_DecreaseCreditLimit@34ce8af7</td></tr>
<tr>
<td title='virginia_regression._4_Verify_Available_Credit_PostRP_disenrollment._7_log_out_teller()'><b>_7_log_out_teller</b><br>Test class: virginia_regression._4_Verify_Available_Credit_PostRP_disenrollment</td>
<td></td>
<td>3</td>
<td>virginia_regression._4_Verify_Available_Credit_PostRP_disenrollment@5594a1b5</td></tr>
<tr>
<td title='virginia_regression._7_Verify_RPDueDate_within10days_OriginationDate._7_rapidpay_WITHIN_10days_of_loanOrigination()'><b>_7_rapidpay_WITHIN_10days_of_loanOrigination</b><br>Test class: virginia_regression._7_Verify_RPDueDate_within10days_OriginationDate</td>
<td></td>
<td>7</td>
<td>virginia_regression._7_Verify_RPDueDate_within10days_OriginationDate@6e8dacdf</td></tr>
<tr>
<td title='virginia_regression._11_Verify_Promise_NotKept._8_homeScreen_on_appointment_creationdt()'><b>_8_homeScreen_on_appointment_creationdt</b><br>Test class: virginia_regression._11_Verify_Promise_NotKept</td>
<td></td>
<td>3</td>
<td>virginia_regression._11_Verify_Promise_NotKept@43a25848</td></tr>
<tr>
<td title='virginia_regression._8_Verify_CreditLineIncreaseButton_disabled_LateCustomers._8_increaseCreditLimit_25days()'><b>_8_increaseCreditLimit_25days</b><br>Test class: virginia_regression._8_Verify_CreditLineIncreaseButton_disabled_LateCustomers</td>
<td></td>
<td>4</td>
<td>virginia_regression._8_Verify_CreditLineIncreaseButton_disabled_LateCustomers@7a79be86</td></tr>
<tr>
<td title='virginia_regression._7_Verify_RPDueDate_within10days_OriginationDate._8_log_out()'><b>_8_log_out</b><br>Test class: virginia_regression._7_Verify_RPDueDate_within10days_OriginationDate</td>
<td></td>
<td>3</td>
<td>virginia_regression._7_Verify_RPDueDate_within10days_OriginationDate@6e8dacdf</td></tr>
<tr>
<td title='virginia_regression._6_DecreaseCreditLimit._8_void_loan()'><b>_8_void_loan</b><br>Test class: virginia_regression._6_DecreaseCreditLimit</td>
<td></td>
<td>6</td>
<td>virginia_regression._6_DecreaseCreditLimit@34ce8af7</td></tr>
<tr>
<td title='virginia_regression._7_Verify_RPDueDate_within10days_OriginationDate._9_businessdatebacktoOriginal()'><b>_9_businessdatebacktoOriginal</b><br>Test class: virginia_regression._7_Verify_RPDueDate_within10days_OriginationDate</td>
<td></td>
<td>23</td>
<td>virginia_regression._7_Verify_RPDueDate_within10days_OriginationDate@6e8dacdf</td></tr>
<tr>
<td title='virginia_regression._11_Verify_Promise_NotKept._9_homeScreen_3days_priortoappointment_creationdt()'><b>_9_homeScreen_3days_priortoappointment_creationdt</b><br>Test class: virginia_regression._11_Verify_Promise_NotKept</td>
<td></td>
<td>5</td>
<td>virginia_regression._11_Verify_Promise_NotKept@43a25848</td></tr>
<tr>
<td title='virginia_regression._6_DecreaseCreditLimit._9_log_out()'><b>_9_log_out</b><br>Test class: virginia_regression._6_DecreaseCreditLimit</td>
<td></td>
<td>1</td>
<td>virginia_regression._6_DecreaseCreditLimit@34ce8af7</td></tr>
<tr>
<td title='virginia_regression._8_Verify_CreditLineIncreaseButton_disabled_LateCustomers._9_void_loan_()'><b>_9_void_loan_</b><br>Test class: virginia_regression._8_Verify_CreditLineIncreaseButton_disabled_LateCustomers</td>
<td></td>
<td>7</td>
<td>virginia_regression._8_Verify_CreditLineIncreaseButton_disabled_LateCustomers@7a79be86</td></tr>
</table><p>
</body>
</html>